2019-09-27 00:01:57.248| AsyncResolver-bootstrap-executor-0 | INFO |  -  | Resolving eureka endpoints via configuration | [com.netflix.discovery.shared.resolver.aws.ConfigClusterResolver:43]
2019-09-27 00:06:19.732| Thread-35 | INFO |  -  | Unregistering application AUTH with eureka with status DOWN | [org.springframework.cloud.netflix.eureka.serviceregistry.EurekaServiceRegistry:65]
2019-09-27 00:06:19.738| Thread-35 | WARN |  -  | Saw local status change event StatusChangeEvent [timestamp=1569513979738, current=DOWN, previous=UP] | [com.netflix.discovery.DiscoveryClient$3:1321]
2019-09-27 00:06:19.739| DiscoveryClient-InstanceInfoReplicator-0 | INFO |  -  | DiscoveryClient_AUTH/192.168.0.105:auth:8112: registering service... | [com.netflix.discovery.DiscoveryClient:844]
2019-09-27 00:06:19.773| DiscoveryClient-InstanceInfoReplicator-0 | ERROR |  -  | Request execution error. endpoint=DefaultEndpoint{ serviceUrl='http://eureka-host:1111/eureka/} | [com.netflix.discovery.shared.transport.decorator.RedirectingEurekaHttpClient:91]
com.sun.jersey.api.client.ClientHandlerException: java.net.ConnectException: Connection refused (Connection refused)
	at com.sun.jersey.client.apache4.ApacheHttpClient4Handler.handle(ApacheHttpClient4Handler.java:187)
	at com.sun.jersey.api.client.filter.GZIPContentEncodingFilter.handle(GZIPContentEncodingFilter.java:123)
	at com.netflix.discovery.EurekaIdentityHeaderFilter.handle(EurekaIdentityHeaderFilter.java:27)
	at com.sun.jersey.api.client.Client.handle(Client.java:652)
	at com.sun.jersey.api.client.WebResource.handle(WebResource.java:682)
	at com.sun.jersey.api.client.WebResource.access$200(WebResource.java:74)
	at com.sun.jersey.api.client.WebResource$Builder.post(WebResource.java:570)
	at com.netflix.discovery.shared.transport.jersey.AbstractJerseyEurekaHttpClient.register(AbstractJerseyEurekaHttpClient.java:56)
	at com.netflix.discovery.shared.transport.decorator.EurekaHttpClientDecorator$1.execute(EurekaHttpClientDecorator.java:59)
	at com.netflix.discovery.shared.transport.decorator.MetricsCollectingEurekaHttpClient.execute(MetricsCollectingEurekaHttpClient.java:73)
	at com.netflix.discovery.shared.transport.decorator.EurekaHttpClientDecorator.register(EurekaHttpClientDecorator.java:56)
	at com.netflix.discovery.shared.transport.decorator.EurekaHttpClientDecorator$1.execute(EurekaHttpClientDecorator.java:59)
	at com.netflix.discovery.shared.transport.decorator.RedirectingEurekaHttpClient.execute(RedirectingEurekaHttpClient.java:89)
	at com.netflix.discovery.shared.transport.decorator.EurekaHttpClientDecorator.register(EurekaHttpClientDecorator.java:56)
	at com.netflix.discovery.shared.transport.decorator.EurekaHttpClientDecorator$1.execute(EurekaHttpClientDecorator.java:59)
	at com.netflix.discovery.shared.transport.decorator.RetryableEurekaHttpClient.execute(RetryableEurekaHttpClient.java:120)
	at com.netflix.discovery.shared.transport.decorator.EurekaHttpClientDecorator.register(EurekaHttpClientDecorator.java:56)
	at com.netflix.discovery.shared.transport.decorator.EurekaHttpClientDecorator$1.execute(EurekaHttpClientDecorator.java:59)
	at com.netflix.discovery.shared.transport.decorator.SessionedEurekaHttpClient.execute(SessionedEurekaHttpClient.java:77)
	at com.netflix.discovery.shared.transport.decorator.EurekaHttpClientDecorator.register(EurekaHttpClientDecorator.java:56)
	at com.netflix.discovery.DiscoveryClient.register(DiscoveryClient.java:847)
	at com.netflix.discovery.InstanceInfoReplicator.run(InstanceInfoReplicator.java:121)
	at com.netflix.discovery.InstanceInfoReplicator$1.run(InstanceInfoReplicator.java:101)
	at java.util.concurrent.Executors$RunnableAdapter.call(Executors.java:511)
	at java.util.concurrent.FutureTask.run$$$capture(FutureTask.java:266)
	at java.util.concurrent.FutureTask.run(FutureTask.java)
	at java.util.concurrent.ScheduledThreadPoolExecutor$ScheduledFutureTask.access$201(ScheduledThreadPoolExecutor.java:180)
	at java.util.concurrent.ScheduledThreadPoolExecutor$ScheduledFutureTask.run(ScheduledThreadPoolExecutor.java:293)
	at java.util.concurrent.ThreadPoolExecutor.runWorker(ThreadPoolExecutor.java:1142)
	at java.util.concurrent.ThreadPoolExecutor$Worker.run(ThreadPoolExecutor.java:617)
	at java.lang.Thread.run(Thread.java:748)
Caused by: java.net.ConnectException: Connection refused (Connection refused)
	at java.net.PlainSocketImpl.socketConnect(Native Method)
	at java.net.AbstractPlainSocketImpl.doConnect(AbstractPlainSocketImpl.java:350)
	at java.net.AbstractPlainSocketImpl.connectToAddress(AbstractPlainSocketImpl.java:206)
	at java.net.AbstractPlainSocketImpl.connect(AbstractPlainSocketImpl.java:188)
	at java.net.SocksSocketImpl.connect(SocksSocketImpl.java:392)
	at java.net.Socket.connect(Socket.java:589)
	at org.apache.http.conn.scheme.PlainSocketFactory.connectSocket(PlainSocketFactory.java:121)
	at org.apache.http.impl.conn.DefaultClientConnectionOperator.openConnection(DefaultClientConnectionOperator.java:180)
	at org.apache.http.impl.conn.AbstractPoolEntry.open(AbstractPoolEntry.java:144)
	at org.apache.http.impl.conn.AbstractPooledConnAdapter.open(AbstractPooledConnAdapter.java:134)
	at org.apache.http.impl.client.DefaultRequestDirector.tryConnect(DefaultRequestDirector.java:605)
	at org.apache.http.impl.client.DefaultRequestDirector.execute(DefaultRequestDirector.java:440)
	at org.apache.http.impl.client.AbstractHttpClient.doExecute(AbstractHttpClient.java:835)
	at org.apache.http.impl.client.CloseableHttpClient.execute(CloseableHttpClient.java:118)
	at org.apache.http.impl.client.CloseableHttpClient.execute(CloseableHttpClient.java:56)
	at com.sun.jersey.client.apache4.ApacheHttpClient4Handler.handle(ApacheHttpClient4Handler.java:173)
	... 30 common frames omitted
2019-09-27 00:06:19.774| Thread-35 | INFO |  -  | Shutting down ExecutorService 'applicationTaskExecutor' | [org.springframework.scheduling.concurrent.ExecutorConfigurationSupport:208]
2019-09-27 00:06:19.774| DiscoveryClient-InstanceInfoReplicator-0 | WARN |  -  | Request execution failed with message: java.net.ConnectException: Connection refused (Connection refused) | [com.netflix.discovery.shared.transport.decorator.RetryableEurekaHttpClient:130]
2019-09-27 00:06:19.777| DiscoveryClient-InstanceInfoReplicator-0 | ERROR |  -  | Request execution error. endpoint=DefaultEndpoint{ serviceUrl='http://eureka-host:1111/eureka/} | [com.netflix.discovery.shared.transport.decorator.RedirectingEurekaHttpClient:83]
com.sun.jersey.api.client.ClientHandlerException: java.net.ConnectException: Connection refused (Connection refused)
	at com.sun.jersey.client.apache4.ApacheHttpClient4Handler.handle(ApacheHttpClient4Handler.java:187)
	at com.sun.jersey.api.client.filter.GZIPContentEncodingFilter.handle(GZIPContentEncodingFilter.java:123)
	at com.netflix.discovery.EurekaIdentityHeaderFilter.handle(EurekaIdentityHeaderFilter.java:27)
	at com.sun.jersey.api.client.Client.handle(Client.java:652)
	at com.sun.jersey.api.client.WebResource.handle(WebResource.java:682)
	at com.sun.jersey.api.client.WebResource.access$200(WebResource.java:74)
	at com.sun.jersey.api.client.WebResource$Builder.post(WebResource.java:570)
	at com.netflix.discovery.shared.transport.jersey.AbstractJerseyEurekaHttpClient.register(AbstractJerseyEurekaHttpClient.java:56)
	at com.netflix.discovery.shared.transport.decorator.EurekaHttpClientDecorator$1.execute(EurekaHttpClientDecorator.java:59)
	at com.netflix.discovery.shared.transport.decorator.MetricsCollectingEurekaHttpClient.execute(MetricsCollectingEurekaHttpClient.java:73)
	at com.netflix.discovery.shared.transport.decorator.EurekaHttpClientDecorator.register(EurekaHttpClientDecorator.java:56)
	at com.netflix.discovery.shared.transport.decorator.EurekaHttpClientDecorator$1.execute(EurekaHttpClientDecorator.java:59)
	at com.netflix.discovery.shared.transport.decorator.RedirectingEurekaHttpClient.executeOnNewServer(RedirectingEurekaHttpClient.java:118)
	at com.netflix.discovery.shared.transport.decorator.RedirectingEurekaHttpClient.execute(RedirectingEurekaHttpClient.java:79)
	at com.netflix.discovery.shared.transport.decorator.EurekaHttpClientDecorator.register(EurekaHttpClientDecorator.java:56)
	at com.netflix.discovery.shared.transport.decorator.EurekaHttpClientDecorator$1.execute(EurekaHttpClientDecorator.java:59)
	at com.netflix.discovery.shared.transport.decorator.RetryableEurekaHttpClient.execute(RetryableEurekaHttpClient.java:120)
	at com.netflix.discovery.shared.transport.decorator.EurekaHttpClientDecorator.register(EurekaHttpClientDecorator.java:56)
	at com.netflix.discovery.shared.transport.decorator.EurekaHttpClientDecorator$1.execute(EurekaHttpClientDecorator.java:59)
	at com.netflix.discovery.shared.transport.decorator.SessionedEurekaHttpClient.execute(SessionedEurekaHttpClient.java:77)
	at com.netflix.discovery.shared.transport.decorator.EurekaHttpClientDecorator.register(EurekaHttpClientDecorator.java:56)
	at com.netflix.discovery.DiscoveryClient.register(DiscoveryClient.java:847)
	at com.netflix.discovery.InstanceInfoReplicator.run(InstanceInfoReplicator.java:121)
	at com.netflix.discovery.InstanceInfoReplicator$1.run(InstanceInfoReplicator.java:101)
	at java.util.concurrent.Executors$RunnableAdapter.call(Executors.java:511)
	at java.util.concurrent.FutureTask.run$$$capture(FutureTask.java:266)
	at java.util.concurrent.FutureTask.run(FutureTask.java)
	at java.util.concurrent.ScheduledThreadPoolExecutor$ScheduledFutureTask.access$201(ScheduledThreadPoolExecutor.java:180)
	at java.util.concurrent.ScheduledThreadPoolExecutor$ScheduledFutureTask.run(ScheduledThreadPoolExecutor.java:293)
	at java.util.concurrent.ThreadPoolExecutor.runWorker(ThreadPoolExecutor.java:1142)
	at java.util.concurrent.ThreadPoolExecutor$Worker.run(ThreadPoolExecutor.java:617)
	at java.lang.Thread.run(Thread.java:748)
Caused by: java.net.ConnectException: Connection refused (Connection refused)
	at java.net.PlainSocketImpl.socketConnect(Native Method)
	at java.net.AbstractPlainSocketImpl.doConnect(AbstractPlainSocketImpl.java:350)
	at java.net.AbstractPlainSocketImpl.connectToAddress(AbstractPlainSocketImpl.java:206)
	at java.net.AbstractPlainSocketImpl.connect(AbstractPlainSocketImpl.java:188)
	at java.net.SocksSocketImpl.connect(SocksSocketImpl.java:392)
	at java.net.Socket.connect(Socket.java:589)
	at org.apache.http.conn.scheme.PlainSocketFactory.connectSocket(PlainSocketFactory.java:121)
	at org.apache.http.impl.conn.DefaultClientConnectionOperator.openConnection(DefaultClientConnectionOperator.java:180)
	at org.apache.http.impl.conn.AbstractPoolEntry.open(AbstractPoolEntry.java:144)
	at org.apache.http.impl.conn.AbstractPooledConnAdapter.open(AbstractPooledConnAdapter.java:134)
	at org.apache.http.impl.client.DefaultRequestDirector.tryConnect(DefaultRequestDirector.java:605)
	at org.apache.http.impl.client.DefaultRequestDirector.execute(DefaultRequestDirector.java:440)
	at org.apache.http.impl.client.AbstractHttpClient.doExecute(AbstractHttpClient.java:835)
	at org.apache.http.impl.client.CloseableHttpClient.execute(CloseableHttpClient.java:118)
	at org.apache.http.impl.client.CloseableHttpClient.execute(CloseableHttpClient.java:56)
	at com.sun.jersey.client.apache4.ApacheHttpClient4Handler.handle(ApacheHttpClient4Handler.java:173)
	... 31 common frames omitted
2019-09-27 00:06:19.778| DiscoveryClient-InstanceInfoReplicator-0 | WARN |  -  | Request execution failed with message: java.net.ConnectException: Connection refused (Connection refused) | [com.netflix.discovery.shared.transport.decorator.RetryableEurekaHttpClient:130]
2019-09-27 00:06:19.780| DiscoveryClient-InstanceInfoReplicator-0 | WARN |  -  | DiscoveryClient_AUTH/192.168.0.105:auth:8112 - registration failed Cannot execute request on any known server | [com.netflix.discovery.DiscoveryClient:849]
com.netflix.discovery.shared.transport.TransportException: Cannot execute request on any known server
	at com.netflix.discovery.shared.transport.decorator.RetryableEurekaHttpClient.execute(RetryableEurekaHttpClient.java:112)
	at com.netflix.discovery.shared.transport.decorator.EurekaHttpClientDecorator.register(EurekaHttpClientDecorator.java:56)
	at com.netflix.discovery.shared.transport.decorator.EurekaHttpClientDecorator$1.execute(EurekaHttpClientDecorator.java:59)
	at com.netflix.discovery.shared.transport.decorator.SessionedEurekaHttpClient.execute(SessionedEurekaHttpClient.java:77)
	at com.netflix.discovery.shared.transport.decorator.EurekaHttpClientDecorator.register(EurekaHttpClientDecorator.java:56)
	at com.netflix.discovery.DiscoveryClient.register(DiscoveryClient.java:847)
	at com.netflix.discovery.InstanceInfoReplicator.run(InstanceInfoReplicator.java:121)
	at com.netflix.discovery.InstanceInfoReplicator$1.run(InstanceInfoReplicator.java:101)
	at java.util.concurrent.Executors$RunnableAdapter.call(Executors.java:511)
	at java.util.concurrent.FutureTask.run$$$capture(FutureTask.java:266)
	at java.util.concurrent.FutureTask.run(FutureTask.java)
	at java.util.concurrent.ScheduledThreadPoolExecutor$ScheduledFutureTask.access$201(ScheduledThreadPoolExecutor.java:180)
	at java.util.concurrent.ScheduledThreadPoolExecutor$ScheduledFutureTask.run(ScheduledThreadPoolExecutor.java:293)
	at java.util.concurrent.ThreadPoolExecutor.runWorker(ThreadPoolExecutor.java:1142)
	at java.util.concurrent.ThreadPoolExecutor$Worker.run(ThreadPoolExecutor.java:617)
	at java.lang.Thread.run(Thread.java:748)
2019-09-27 00:06:19.780| DiscoveryClient-InstanceInfoReplicator-0 | WARN |  -  | There was a problem with the instance info replicator | [com.netflix.discovery.InstanceInfoReplicator:125]
com.netflix.discovery.shared.transport.TransportException: Cannot execute request on any known server
	at com.netflix.discovery.shared.transport.decorator.RetryableEurekaHttpClient.execute(RetryableEurekaHttpClient.java:112)
	at com.netflix.discovery.shared.transport.decorator.EurekaHttpClientDecorator.register(EurekaHttpClientDecorator.java:56)
	at com.netflix.discovery.shared.transport.decorator.EurekaHttpClientDecorator$1.execute(EurekaHttpClientDecorator.java:59)
	at com.netflix.discovery.shared.transport.decorator.SessionedEurekaHttpClient.execute(SessionedEurekaHttpClient.java:77)
	at com.netflix.discovery.shared.transport.decorator.EurekaHttpClientDecorator.register(EurekaHttpClientDecorator.java:56)
	at com.netflix.discovery.DiscoveryClient.register(DiscoveryClient.java:847)
	at com.netflix.discovery.InstanceInfoReplicator.run(InstanceInfoReplicator.java:121)
	at com.netflix.discovery.InstanceInfoReplicator$1.run(InstanceInfoReplicator.java:101)
	at java.util.concurrent.Executors$RunnableAdapter.call(Executors.java:511)
	at java.util.concurrent.FutureTask.run$$$capture(FutureTask.java:266)
	at java.util.concurrent.FutureTask.run(FutureTask.java)
	at java.util.concurrent.ScheduledThreadPoolExecutor$ScheduledFutureTask.access$201(ScheduledThreadPoolExecutor.java:180)
	at java.util.concurrent.ScheduledThreadPoolExecutor$ScheduledFutureTask.run(ScheduledThreadPoolExecutor.java:293)
	at java.util.concurrent.ThreadPoolExecutor.runWorker(ThreadPoolExecutor.java:1142)
	at java.util.concurrent.ThreadPoolExecutor$Worker.run(ThreadPoolExecutor.java:617)
	at java.lang.Thread.run(Thread.java:748)
2019-09-27 00:06:19.787| Thread-35 | INFO |  -  | Closing JPA EntityManagerFactory for persistence unit 'default' | [org.springframework.orm.jpa.AbstractEntityManagerFactoryBean:597]
2019-09-27 00:06:19.792| Thread-35 | DEBUG |  -  | Un-scoping TypeConfiguration [org.hibernate.type.spi.TypeConfiguration$Scope@25071edb] from SessionFactory [org.hibernate.internal.SessionFactoryImpl@7affee54] | [org.hibernate.type.spi.TypeConfiguration$Scope:312]
2019-09-27 00:06:19.804| Thread-35 | INFO |  -  | Shutting down DiscoveryClient ... | [com.netflix.discovery.DiscoveryClient:906]
2019-09-27 00:06:22.810| Thread-35 | INFO |  -  | Unregistering ... | [com.netflix.discovery.DiscoveryClient:940]
2019-09-27 00:06:22.813| Thread-35 | ERROR |  -  | Request execution error. endpoint=DefaultEndpoint{ serviceUrl='http://eureka-host:1111/eureka/} | [com.netflix.discovery.shared.transport.decorator.RedirectingEurekaHttpClient:83]
com.sun.jersey.api.client.ClientHandlerException: java.net.ConnectException: Connection refused (Connection refused)
	at com.sun.jersey.client.apache4.ApacheHttpClient4Handler.handle(ApacheHttpClient4Handler.java:187)
	at com.sun.jersey.api.client.filter.GZIPContentEncodingFilter.handle(GZIPContentEncodingFilter.java:123)
	at com.netflix.discovery.EurekaIdentityHeaderFilter.handle(EurekaIdentityHeaderFilter.java:27)
	at com.sun.jersey.api.client.Client.handle(Client.java:652)
	at com.sun.jersey.api.client.WebResource.handle(WebResource.java:682)
	at com.sun.jersey.api.client.WebResource.access$200(WebResource.java:74)
	at com.sun.jersey.api.client.WebResource$Builder.delete(WebResource.java:591)
	at com.netflix.discovery.shared.transport.jersey.AbstractJerseyEurekaHttpClient.cancel(AbstractJerseyEurekaHttpClient.java:76)
	at com.netflix.discovery.shared.transport.decorator.EurekaHttpClientDecorator$2.execute(EurekaHttpClientDecorator.java:74)
	at com.netflix.discovery.shared.transport.decorator.MetricsCollectingEurekaHttpClient.execute(MetricsCollectingEurekaHttpClient.java:73)
	at com.netflix.discovery.shared.transport.decorator.EurekaHttpClientDecorator.cancel(EurekaHttpClientDecorator.java:71)
	at com.netflix.discovery.shared.transport.decorator.EurekaHttpClientDecorator$2.execute(EurekaHttpClientDecorator.java:74)
	at com.netflix.discovery.shared.transport.decorator.RedirectingEurekaHttpClient.executeOnNewServer(RedirectingEurekaHttpClient.java:118)
	at com.netflix.discovery.shared.transport.decorator.RedirectingEurekaHttpClient.execute(RedirectingEurekaHttpClient.java:79)
	at com.netflix.discovery.shared.transport.decorator.EurekaHttpClientDecorator.cancel(EurekaHttpClientDecorator.java:71)
	at com.netflix.discovery.shared.transport.decorator.EurekaHttpClientDecorator$2.execute(EurekaHttpClientDecorator.java:74)
	at com.netflix.discovery.shared.transport.decorator.RetryableEurekaHttpClient.execute(RetryableEurekaHttpClient.java:120)
	at com.netflix.discovery.shared.transport.decorator.EurekaHttpClientDecorator.cancel(EurekaHttpClientDecorator.java:71)
	at com.netflix.discovery.shared.transport.decorator.EurekaHttpClientDecorator$2.execute(EurekaHttpClientDecorator.java:74)
	at com.netflix.discovery.shared.transport.decorator.SessionedEurekaHttpClient.execute(SessionedEurekaHttpClient.java:77)
	at com.netflix.discovery.shared.transport.decorator.EurekaHttpClientDecorator.cancel(EurekaHttpClientDecorator.java:71)
	at com.netflix.discovery.DiscoveryClient.unregister(DiscoveryClient.java:941)
	at com.netflix.discovery.DiscoveryClient.shutdown(DiscoveryClient.java:919)
	at sun.reflect.NativeMethodAccessorImpl.invoke0(Native Method)
	at sun.reflect.NativeMethodAccessorImpl.invoke(NativeMethodAccessorImpl.java:62)
	at sun.reflect.DelegatingMethodAccessorImpl.invoke(DelegatingMethodAccessorImpl.java:43)
	at java.lang.reflect.Method.invoke(Method.java:498)
	at org.springframework.beans.factory.annotation.InitDestroyAnnotationBeanPostProcessor$LifecycleElement.invoke(InitDestroyAnnotationBeanPostProcessor.java:363)
	at org.springframework.beans.factory.annotation.InitDestroyAnnotationBeanPostProcessor$LifecycleMetadata.invokeDestroyMethods(InitDestroyAnnotationBeanPostProcessor.java:321)
	at org.springframework.beans.factory.annotation.InitDestroyAnnotationBeanPostProcessor.postProcessBeforeDestruction(InitDestroyAnnotationBeanPostProcessor.java:156)
	at org.springframework.beans.factory.support.DisposableBeanAdapter.destroy(DisposableBeanAdapter.java:242)
	at org.springframework.beans.factory.support.DisposableBeanAdapter.run(DisposableBeanAdapter.java:235)
	at org.springframework.cloud.context.scope.GenericScope$BeanLifecycleWrapper.destroy(GenericScope.java:403)
	at org.springframework.cloud.context.scope.GenericScope.destroy(GenericScope.java:142)
	at org.springframework.beans.factory.support.DisposableBeanAdapter.destroy(DisposableBeanAdapter.java:258)
	at org.springframework.beans.factory.support.DefaultSingletonBeanRegistry.destroyBean(DefaultSingletonBeanRegistry.java:571)
	at org.springframework.beans.factory.support.DefaultSingletonBeanRegistry.destroySingleton(DefaultSingletonBeanRegistry.java:543)
	at org.springframework.beans.factory.support.DefaultListableBeanFactory.destroySingleton(DefaultListableBeanFactory.java:1036)
	at org.springframework.beans.factory.support.DefaultSingletonBeanRegistry.destroySingletons(DefaultSingletonBeanRegistry.java:504)
	at org.springframework.beans.factory.support.DefaultListableBeanFactory.destroySingletons(DefaultListableBeanFactory.java:1029)
	at org.springframework.context.support.AbstractApplicationContext.destroyBeans(AbstractApplicationContext.java:1057)
	at org.springframework.context.support.AbstractApplicationContext.doClose(AbstractApplicationContext.java:1026)
	at org.springframework.context.support.AbstractApplicationContext$1.run(AbstractApplicationContext.java:945)
Caused by: java.net.ConnectException: Connection refused (Connection refused)
	at java.net.PlainSocketImpl.socketConnect(Native Method)
	at java.net.AbstractPlainSocketImpl.doConnect(AbstractPlainSocketImpl.java:350)
	at java.net.AbstractPlainSocketImpl.connectToAddress(AbstractPlainSocketImpl.java:206)
	at java.net.AbstractPlainSocketImpl.connect(AbstractPlainSocketImpl.java:188)
	at java.net.SocksSocketImpl.connect(SocksSocketImpl.java:392)
	at java.net.Socket.connect(Socket.java:589)
	at org.apache.http.conn.scheme.PlainSocketFactory.connectSocket(PlainSocketFactory.java:121)
	at org.apache.http.impl.conn.DefaultClientConnectionOperator.openConnection(DefaultClientConnectionOperator.java:180)
	at org.apache.http.impl.conn.AbstractPoolEntry.open(AbstractPoolEntry.java:144)
	at org.apache.http.impl.conn.AbstractPooledConnAdapter.open(AbstractPooledConnAdapter.java:134)
	at org.apache.http.impl.client.DefaultRequestDirector.tryConnect(DefaultRequestDirector.java:605)
	at org.apache.http.impl.client.DefaultRequestDirector.execute(DefaultRequestDirector.java:440)
	at org.apache.http.impl.client.AbstractHttpClient.doExecute(AbstractHttpClient.java:835)
	at org.apache.http.impl.client.CloseableHttpClient.execute(CloseableHttpClient.java:118)
	at org.apache.http.impl.client.CloseableHttpClient.execute(CloseableHttpClient.java:56)
	at com.sun.jersey.client.apache4.ApacheHttpClient4Handler.handle(ApacheHttpClient4Handler.java:173)
	... 42 common frames omitted
2019-09-27 00:06:22.814| Thread-35 | WARN |  -  | Request execution failed with message: java.net.ConnectException: Connection refused (Connection refused) | [com.netflix.discovery.shared.transport.decorator.RetryableEurekaHttpClient:130]
2019-09-27 00:06:22.814| Thread-35 | ERROR |  -  | DiscoveryClient_AUTH/192.168.0.105:auth:8112 - de-registration failedCannot execute request on any known server | [com.netflix.discovery.DiscoveryClient:944]
com.netflix.discovery.shared.transport.TransportException: Cannot execute request on any known server
	at com.netflix.discovery.shared.transport.decorator.RetryableEurekaHttpClient.execute(RetryableEurekaHttpClient.java:112)
	at com.netflix.discovery.shared.transport.decorator.EurekaHttpClientDecorator.cancel(EurekaHttpClientDecorator.java:71)
	at com.netflix.discovery.shared.transport.decorator.EurekaHttpClientDecorator$2.execute(EurekaHttpClientDecorator.java:74)
	at com.netflix.discovery.shared.transport.decorator.SessionedEurekaHttpClient.execute(SessionedEurekaHttpClient.java:77)
	at com.netflix.discovery.shared.transport.decorator.EurekaHttpClientDecorator.cancel(EurekaHttpClientDecorator.java:71)
	at com.netflix.discovery.DiscoveryClient.unregister(DiscoveryClient.java:941)
	at com.netflix.discovery.DiscoveryClient.shutdown(DiscoveryClient.java:919)
	at sun.reflect.NativeMethodAccessorImpl.invoke0(Native Method)
	at sun.reflect.NativeMethodAccessorImpl.invoke(NativeMethodAccessorImpl.java:62)
	at sun.reflect.DelegatingMethodAccessorImpl.invoke(DelegatingMethodAccessorImpl.java:43)
	at java.lang.reflect.Method.invoke(Method.java:498)
	at org.springframework.beans.factory.annotation.InitDestroyAnnotationBeanPostProcessor$LifecycleElement.invoke(InitDestroyAnnotationBeanPostProcessor.java:363)
	at org.springframework.beans.factory.annotation.InitDestroyAnnotationBeanPostProcessor$LifecycleMetadata.invokeDestroyMethods(InitDestroyAnnotationBeanPostProcessor.java:321)
	at org.springframework.beans.factory.annotation.InitDestroyAnnotationBeanPostProcessor.postProcessBeforeDestruction(InitDestroyAnnotationBeanPostProcessor.java:156)
	at org.springframework.beans.factory.support.DisposableBeanAdapter.destroy(DisposableBeanAdapter.java:242)
	at org.springframework.beans.factory.support.DisposableBeanAdapter.run(DisposableBeanAdapter.java:235)
	at org.springframework.cloud.context.scope.GenericScope$BeanLifecycleWrapper.destroy(GenericScope.java:403)
	at org.springframework.cloud.context.scope.GenericScope.destroy(GenericScope.java:142)
	at org.springframework.beans.factory.support.DisposableBeanAdapter.destroy(DisposableBeanAdapter.java:258)
	at org.springframework.beans.factory.support.DefaultSingletonBeanRegistry.destroyBean(DefaultSingletonBeanRegistry.java:571)
	at org.springframework.beans.factory.support.DefaultSingletonBeanRegistry.destroySingleton(DefaultSingletonBeanRegistry.java:543)
	at org.springframework.beans.factory.support.DefaultListableBeanFactory.destroySingleton(DefaultListableBeanFactory.java:1036)
	at org.springframework.beans.factory.support.DefaultSingletonBeanRegistry.destroySingletons(DefaultSingletonBeanRegistry.java:504)
	at org.springframework.beans.factory.support.DefaultListableBeanFactory.destroySingletons(DefaultListableBeanFactory.java:1029)
	at org.springframework.context.support.AbstractApplicationContext.destroyBeans(AbstractApplicationContext.java:1057)
	at org.springframework.context.support.AbstractApplicationContext.doClose(AbstractApplicationContext.java:1026)
	at org.springframework.context.support.AbstractApplicationContext$1.run(AbstractApplicationContext.java:945)
2019-09-27 00:06:22.832| Thread-35 | INFO |  -  | Completed shut down of DiscoveryClient | [com.netflix.discovery.DiscoveryClient:929]
2019-09-27 00:06:22.833| Thread-35 | INFO |  -  | HikariPool-1 - Shutdown initiated... | [com.zaxxer.hikari.HikariDataSource:350]
2019-09-27 00:06:22.840| Thread-35 | INFO |  -  | HikariPool-1 - Shutdown completed. | [com.zaxxer.hikari.HikariDataSource:352]
2019-09-27 14:30:36.842| main | INFO |  -  | Bean 'org.springframework.cloud.autoconfigure.ConfigurationPropertiesRebinderAutoConfiguration' of type [org.springframework.cloud.autoconfigure.ConfigurationPropertiesRebinderAutoConfiguration$$EnhancerBySpringCGLIB$$910e90bc] is not eligible for getting processed by all BeanPostProcessors (for example: not eligible for auto-proxying) | [org.springframework.context.support.PostProcessorRegistrationDelegate$BeanPostProcessorChecker:330]
2019-09-27 14:30:37.537| main | INFO |  -  | No active profile set, falling back to default profiles: default | [org.springframework.boot.SpringApplication:648]
2019-09-27 14:30:41.541| main | INFO |  -  | Bootstrapping Spring Data repositories in DEFAULT mode. | [org.springframework.data.repository.config.RepositoryConfigurationDelegate:126]
2019-09-27 14:30:41.601| main | INFO |  -  | Finished Spring Data repository scanning in 36ms. Found 0 repository interfaces. | [org.springframework.data.repository.config.RepositoryConfigurationDelegate:182]
2019-09-27 14:30:44.344| main | WARN |  -  | Endpoint ID 'service-registry' contains invalid characters, please migrate to a valid format. | [org.springframework.boot.actuate.endpoint.EndpointId:131]
2019-09-27 14:30:45.981| main | INFO |  -  | BeanFactory id=1bfb6461-69b7-30ed-a55a-3ec0a5c30dd3 | [org.springframework.cloud.context.scope.GenericScope:295]
2019-09-27 14:30:46.847| main | INFO |  -  | Bean 'org.springframework.transaction.annotation.ProxyTransactionManagementConfiguration' of type [org.springframework.transaction.annotation.ProxyTransactionManagementConfiguration$$EnhancerBySpringCGLIB$$74f48dbf] is not eligible for getting processed by all BeanPostProcessors (for example: not eligible for auto-proxying) | [org.springframework.context.support.PostProcessorRegistrationDelegate$BeanPostProcessorChecker:330]
2019-09-27 14:30:46.938| main | INFO |  -  | Bean 'org.springframework.cloud.autoconfigure.ConfigurationPropertiesRebinderAutoConfiguration' of type [org.springframework.cloud.autoconfigure.ConfigurationPropertiesRebinderAutoConfiguration$$EnhancerBySpringCGLIB$$910e90bc] is not eligible for getting processed by all BeanPostProcessors (for example: not eligible for auto-proxying) | [org.springframework.context.support.PostProcessorRegistrationDelegate$BeanPostProcessorChecker:330]
2019-09-27 14:30:48.309| main | INFO |  -  | Tomcat initialized with port(s): 8112 (http) | [org.springframework.boot.web.embedded.tomcat.TomcatWebServer:90]
2019-09-27 14:30:48.347| main | INFO |  -  | Initializing ProtocolHandler ["http-nio-8112"] | [org.apache.juli.logging.DirectJDKLog:173]
2019-09-27 14:30:48.381| main | INFO |  -  | Starting service [Tomcat] | [org.apache.juli.logging.DirectJDKLog:173]
2019-09-27 14:30:48.382| main | INFO |  -  | Starting Servlet engine: [Apache Tomcat/9.0.24] | [org.apache.juli.logging.DirectJDKLog:173]
2019-09-27 14:30:48.824| main | INFO |  -  | Initializing Spring embedded WebApplicationContext | [org.apache.juli.logging.DirectJDKLog:173]
2019-09-27 14:30:48.825| main | INFO |  -  | Root WebApplicationContext: initialization completed in 10917 ms | [org.springframework.boot.web.servlet.context.ServletWebServerApplicationContext:284]
2019-09-27 14:30:49.285| main | WARN |  -  | No URLs will be polled as dynamic configuration sources. | [com.netflix.config.sources.URLConfigurationSource:121]
2019-09-27 14:30:49.286| main | INFO |  -  | To enable URLs as dynamic configuration sources, define System property archaius.configurationSource.additionalUrls or make config.properties available on classpath. | [com.netflix.config.sources.URLConfigurationSource:122]
2019-09-27 14:30:49.321| main | INFO |  -  | DynamicPropertyFactory is initialized with configuration sources: com.netflix.config.ConcurrentCompositeConfiguration@76828577 | [com.netflix.config.DynamicPropertyFactory:281]
2019-09-27 14:30:51.927| main | INFO |  -  | HikariPool-1 - Starting... | [com.zaxxer.hikari.HikariDataSource:110]
2019-09-27 14:30:51.947| main | WARN |  -  | Registered driver with driverClassName=com.mysql.jdbc.Driver was not found, trying direct instantiation. | [com.zaxxer.hikari.util.DriverDataSource:68]
2019-09-27 14:30:52.961| main | INFO |  -  | HikariPool-1 - Start completed. | [com.zaxxer.hikari.HikariDataSource:123]
2019-09-27 14:30:53.129| main | INFO |  -  | HHH000204: Processing PersistenceUnitInfo [
	name: default
	...] | [org.hibernate.jpa.internal.util.LogHelper:31]
2019-09-27 14:30:53.623| main | INFO |  -  | HHH000412: Hibernate Core {5.3.11.Final} | [org.hibernate.Version:46]
2019-09-27 14:30:53.628| main | INFO |  -  | HHH000206: hibernate.properties not found | [org.hibernate.cfg.Environment:213]
2019-09-27 14:30:54.038| main | INFO |  -  | HCANN000001: Hibernate Commons Annotations {5.0.4.Final} | [org.hibernate.annotations.common.reflection.java.JavaReflectionManager:49]
2019-09-27 14:30:54.096| main | DEBUG |  -  | Adding type registration boolean -> org.hibernate.type.BooleanType@6c1bebca | [org.hibernate.type.BasicTypeRegistry:156]
2019-09-27 14:30:54.096| main | DEBUG |  -  | Adding type registration boolean -> org.hibernate.type.BooleanType@6c1bebca | [org.hibernate.type.BasicTypeRegistry:156]
2019-09-27 14:30:54.096| main | DEBUG |  -  | Adding type registration java.lang.Boolean -> org.hibernate.type.BooleanType@6c1bebca | [org.hibernate.type.BasicTypeRegistry:156]
2019-09-27 14:30:54.098| main | DEBUG |  -  | Adding type registration numeric_boolean -> org.hibernate.type.NumericBooleanType@644b68ad | [org.hibernate.type.BasicTypeRegistry:156]
2019-09-27 14:30:54.099| main | DEBUG |  -  | Adding type registration true_false -> org.hibernate.type.TrueFalseType@a7ae340 | [org.hibernate.type.BasicTypeRegistry:156]
2019-09-27 14:30:54.100| main | DEBUG |  -  | Adding type registration yes_no -> org.hibernate.type.YesNoType@49f2646 | [org.hibernate.type.BasicTypeRegistry:156]
2019-09-27 14:30:54.103| main | DEBUG |  -  | Adding type registration byte -> org.hibernate.type.ByteType@1b5af65b | [org.hibernate.type.BasicTypeRegistry:156]
2019-09-27 14:30:54.103| main | DEBUG |  -  | Adding type registration byte -> org.hibernate.type.ByteType@1b5af65b | [org.hibernate.type.BasicTypeRegistry:156]
2019-09-27 14:30:54.104| main | DEBUG |  -  | Adding type registration java.lang.Byte -> org.hibernate.type.ByteType@1b5af65b | [org.hibernate.type.BasicTypeRegistry:156]
2019-09-27 14:30:54.106| main | DEBUG |  -  | Adding type registration character -> org.hibernate.type.CharacterType@4a5b38e6 | [org.hibernate.type.BasicTypeRegistry:156]
2019-09-27 14:30:54.106| main | DEBUG |  -  | Adding type registration char -> org.hibernate.type.CharacterType@4a5b38e6 | [org.hibernate.type.BasicTypeRegistry:156]
2019-09-27 14:30:54.107| main | DEBUG |  -  | Adding type registration java.lang.Character -> org.hibernate.type.CharacterType@4a5b38e6 | [org.hibernate.type.BasicTypeRegistry:156]
2019-09-27 14:30:54.109| main | DEBUG |  -  | Adding type registration short -> org.hibernate.type.ShortType@6802d023 | [org.hibernate.type.BasicTypeRegistry:156]
2019-09-27 14:30:54.109| main | DEBUG |  -  | Adding type registration short -> org.hibernate.type.ShortType@6802d023 | [org.hibernate.type.BasicTypeRegistry:156]
2019-09-27 14:30:54.110| main | DEBUG |  -  | Adding type registration java.lang.Short -> org.hibernate.type.ShortType@6802d023 | [org.hibernate.type.BasicTypeRegistry:156]
2019-09-27 14:30:54.111| main | DEBUG |  -  | Adding type registration integer -> org.hibernate.type.IntegerType@7404aff2 | [org.hibernate.type.BasicTypeRegistry:156]
2019-09-27 14:30:54.112| main | DEBUG |  -  | Adding type registration int -> org.hibernate.type.IntegerType@7404aff2 | [org.hibernate.type.BasicTypeRegistry:156]
2019-09-27 14:30:54.112| main | DEBUG |  -  | Adding type registration java.lang.Integer -> org.hibernate.type.IntegerType@7404aff2 | [org.hibernate.type.BasicTypeRegistry:156]
2019-09-27 14:30:54.114| main | DEBUG |  -  | Adding type registration long -> org.hibernate.type.LongType@76cf91c9 | [org.hibernate.type.BasicTypeRegistry:156]
2019-09-27 14:30:54.115| main | DEBUG |  -  | Adding type registration long -> org.hibernate.type.LongType@76cf91c9 | [org.hibernate.type.BasicTypeRegistry:156]
2019-09-27 14:30:54.116| main | DEBUG |  -  | Adding type registration java.lang.Long -> org.hibernate.type.LongType@76cf91c9 | [org.hibernate.type.BasicTypeRegistry:156]
2019-09-27 14:30:54.119| main | DEBUG |  -  | Adding type registration float -> org.hibernate.type.FloatType@1e9d7366 | [org.hibernate.type.BasicTypeRegistry:156]
2019-09-27 14:30:54.120| main | DEBUG |  -  | Adding type registration float -> org.hibernate.type.FloatType@1e9d7366 | [org.hibernate.type.BasicTypeRegistry:156]
2019-09-27 14:30:54.121| main | DEBUG |  -  | Adding type registration java.lang.Float -> org.hibernate.type.FloatType@1e9d7366 | [org.hibernate.type.BasicTypeRegistry:156]
2019-09-27 14:30:54.124| main | DEBUG |  -  | Adding type registration double -> org.hibernate.type.DoubleType@7e76a66f | [org.hibernate.type.BasicTypeRegistry:156]
2019-09-27 14:30:54.125| main | DEBUG |  -  | Adding type registration double -> org.hibernate.type.DoubleType@7e76a66f | [org.hibernate.type.BasicTypeRegistry:156]
2019-09-27 14:30:54.125| main | DEBUG |  -  | Adding type registration java.lang.Double -> org.hibernate.type.DoubleType@7e76a66f | [org.hibernate.type.BasicTypeRegistry:156]
2019-09-27 14:30:54.127| main | DEBUG |  -  | Adding type registration big_decimal -> org.hibernate.type.BigDecimalType@4805069b | [org.hibernate.type.BasicTypeRegistry:156]
2019-09-27 14:30:54.128| main | DEBUG |  -  | Adding type registration java.math.BigDecimal -> org.hibernate.type.BigDecimalType@4805069b | [org.hibernate.type.BasicTypeRegistry:156]
2019-09-27 14:30:54.131| main | DEBUG |  -  | Adding type registration big_integer -> org.hibernate.type.BigIntegerType@46b21632 | [org.hibernate.type.BasicTypeRegistry:156]
2019-09-27 14:30:54.131| main | DEBUG |  -  | Adding type registration java.math.BigInteger -> org.hibernate.type.BigIntegerType@46b21632 | [org.hibernate.type.BasicTypeRegistry:156]
2019-09-27 14:30:54.133| main | DEBUG |  -  | Adding type registration string -> org.hibernate.type.StringType@3af39e7b | [org.hibernate.type.BasicTypeRegistry:156]
2019-09-27 14:30:54.134| main | DEBUG |  -  | Adding type registration java.lang.String -> org.hibernate.type.StringType@3af39e7b | [org.hibernate.type.BasicTypeRegistry:156]
2019-09-27 14:30:54.135| main | DEBUG |  -  | Adding type registration nstring -> org.hibernate.type.StringNVarcharType@433ae0b0 | [org.hibernate.type.BasicTypeRegistry:156]
2019-09-27 14:30:54.137| main | DEBUG |  -  | Adding type registration ncharacter -> org.hibernate.type.CharacterNCharType@6e9f8160 | [org.hibernate.type.BasicTypeRegistry:156]
2019-09-27 14:30:54.139| main | DEBUG |  -  | Adding type registration url -> org.hibernate.type.UrlType@54ca9420 | [org.hibernate.type.BasicTypeRegistry:156]
2019-09-27 14:30:54.139| main | DEBUG |  -  | Adding type registration java.net.URL -> org.hibernate.type.UrlType@54ca9420 | [org.hibernate.type.BasicTypeRegistry:156]
2019-09-27 14:30:54.141| main | DEBUG |  -  | Adding type registration Duration -> org.hibernate.type.DurationType@6f6f65a4 | [org.hibernate.type.BasicTypeRegistry:156]
2019-09-27 14:30:54.142| main | DEBUG |  -  | Adding type registration java.time.Duration -> org.hibernate.type.DurationType@6f6f65a4 | [org.hibernate.type.BasicTypeRegistry:156]
2019-09-27 14:30:54.144| main | DEBUG |  -  | Adding type registration Instant -> org.hibernate.type.InstantType@16ef1160 | [org.hibernate.type.BasicTypeRegistry:156]
2019-09-27 14:30:54.144| main | DEBUG |  -  | Adding type registration java.time.Instant -> org.hibernate.type.InstantType@16ef1160 | [org.hibernate.type.BasicTypeRegistry:156]
2019-09-27 14:30:54.146| main | DEBUG |  -  | Adding type registration LocalDateTime -> org.hibernate.type.LocalDateTimeType@53918b5e | [org.hibernate.type.BasicTypeRegistry:156]
2019-09-27 14:30:54.147| main | DEBUG |  -  | Adding type registration java.time.LocalDateTime -> org.hibernate.type.LocalDateTimeType@53918b5e | [org.hibernate.type.BasicTypeRegistry:156]
2019-09-27 14:30:54.150| main | DEBUG |  -  | Adding type registration LocalDate -> org.hibernate.type.LocalDateType@1280bae3 | [org.hibernate.type.BasicTypeRegistry:156]
2019-09-27 14:30:54.150| main | DEBUG |  -  | Adding type registration java.time.LocalDate -> org.hibernate.type.LocalDateType@1280bae3 | [org.hibernate.type.BasicTypeRegistry:156]
2019-09-27 14:30:54.152| main | DEBUG |  -  | Adding type registration LocalTime -> org.hibernate.type.LocalTimeType@4780341 | [org.hibernate.type.BasicTypeRegistry:156]
2019-09-27 14:30:54.153| main | DEBUG |  -  | Adding type registration java.time.LocalTime -> org.hibernate.type.LocalTimeType@4780341 | [org.hibernate.type.BasicTypeRegistry:156]
2019-09-27 14:30:54.154| main | DEBUG |  -  | Adding type registration OffsetDateTime -> org.hibernate.type.OffsetDateTimeType@50bb1c1f | [org.hibernate.type.BasicTypeRegistry:156]
2019-09-27 14:30:54.155| main | DEBUG |  -  | Adding type registration java.time.OffsetDateTime -> org.hibernate.type.OffsetDateTimeType@50bb1c1f | [org.hibernate.type.BasicTypeRegistry:156]
2019-09-27 14:30:54.157| main | DEBUG |  -  | Adding type registration OffsetTime -> org.hibernate.type.OffsetTimeType@14993306 | [org.hibernate.type.BasicTypeRegistry:156]
2019-09-27 14:30:54.157| main | DEBUG |  -  | Adding type registration java.time.OffsetTime -> org.hibernate.type.OffsetTimeType@14993306 | [org.hibernate.type.BasicTypeRegistry:156]
2019-09-27 14:30:54.162| main | DEBUG |  -  | Adding type registration ZonedDateTime -> org.hibernate.type.ZonedDateTimeType@75f8d9b0 | [org.hibernate.type.BasicTypeRegistry:156]
2019-09-27 14:30:54.162| main | DEBUG |  -  | Adding type registration java.time.ZonedDateTime -> org.hibernate.type.ZonedDateTimeType@75f8d9b0 | [org.hibernate.type.BasicTypeRegistry:156]
2019-09-27 14:30:54.166| main | DEBUG |  -  | Adding type registration date -> org.hibernate.type.DateType@67784537 | [org.hibernate.type.BasicTypeRegistry:156]
2019-09-27 14:30:54.166| main | DEBUG |  -  | Adding type registration java.sql.Date -> org.hibernate.type.DateType@67784537 | [org.hibernate.type.BasicTypeRegistry:156]
2019-09-27 14:30:54.169| main | DEBUG |  -  | Adding type registration time -> org.hibernate.type.TimeType@3e0855b0 | [org.hibernate.type.BasicTypeRegistry:156]
2019-09-27 14:30:54.169| main | DEBUG |  -  | Adding type registration java.sql.Time -> org.hibernate.type.TimeType@3e0855b0 | [org.hibernate.type.BasicTypeRegistry:156]
2019-09-27 14:30:54.172| main | DEBUG |  -  | Adding type registration timestamp -> org.hibernate.type.TimestampType@2210e466 | [org.hibernate.type.BasicTypeRegistry:156]
2019-09-27 14:30:54.172| main | DEBUG |  -  | Adding type registration java.sql.Timestamp -> org.hibernate.type.TimestampType@2210e466 | [org.hibernate.type.BasicTypeRegistry:156]
2019-09-27 14:30:54.172| main | DEBUG |  -  | Adding type registration java.util.Date -> org.hibernate.type.TimestampType@2210e466 | [org.hibernate.type.BasicTypeRegistry:156]
2019-09-27 14:30:54.175| main | DEBUG |  -  | Adding type registration dbtimestamp -> org.hibernate.type.DbTimestampType@186dcb05 | [org.hibernate.type.BasicTypeRegistry:156]
2019-09-27 14:30:54.178| main | DEBUG |  -  | Adding type registration calendar -> org.hibernate.type.CalendarType@5c3007d | [org.hibernate.type.BasicTypeRegistry:156]
2019-09-27 14:30:54.179| main | DEBUG |  -  | Adding type registration java.util.Calendar -> org.hibernate.type.CalendarType@5c3007d | [org.hibernate.type.BasicTypeRegistry:156]
2019-09-27 14:30:54.180| main | DEBUG |  -  | Adding type registration java.util.GregorianCalendar -> org.hibernate.type.CalendarType@5c3007d | [org.hibernate.type.BasicTypeRegistry:156]
2019-09-27 14:30:54.182| main | DEBUG |  -  | Adding type registration calendar_date -> org.hibernate.type.CalendarDateType@1d1c63af | [org.hibernate.type.BasicTypeRegistry:156]
2019-09-27 14:30:54.184| main | DEBUG |  -  | Adding type registration locale -> org.hibernate.type.LocaleType@4e9ea32f | [org.hibernate.type.BasicTypeRegistry:156]
2019-09-27 14:30:54.184| main | DEBUG |  -  | Adding type registration java.util.Locale -> org.hibernate.type.LocaleType@4e9ea32f | [org.hibernate.type.BasicTypeRegistry:156]
2019-09-27 14:30:54.186| main | DEBUG |  -  | Adding type registration currency -> org.hibernate.type.CurrencyType@40ddf339 | [org.hibernate.type.BasicTypeRegistry:156]
2019-09-27 14:30:54.186| main | DEBUG |  -  | Adding type registration java.util.Currency -> org.hibernate.type.CurrencyType@40ddf339 | [org.hibernate.type.BasicTypeRegistry:156]
2019-09-27 14:30:54.188| main | DEBUG |  -  | Adding type registration timezone -> org.hibernate.type.TimeZoneType@4ec27c4c | [org.hibernate.type.BasicTypeRegistry:156]
2019-09-27 14:30:54.188| main | DEBUG |  -  | Adding type registration java.util.TimeZone -> org.hibernate.type.TimeZoneType@4ec27c4c | [org.hibernate.type.BasicTypeRegistry:156]
2019-09-27 14:30:54.190| main | DEBUG |  -  | Adding type registration class -> org.hibernate.type.ClassType@6207145c | [org.hibernate.type.BasicTypeRegistry:156]
2019-09-27 14:30:54.191| main | DEBUG |  -  | Adding type registration java.lang.Class -> org.hibernate.type.ClassType@6207145c | [org.hibernate.type.BasicTypeRegistry:156]
2019-09-27 14:30:54.192| main | DEBUG |  -  | Adding type registration uuid-binary -> org.hibernate.type.UUIDBinaryType@4148ce43 | [org.hibernate.type.BasicTypeRegistry:156]
2019-09-27 14:30:54.193| main | DEBUG |  -  | Adding type registration java.util.UUID -> org.hibernate.type.UUIDBinaryType@4148ce43 | [org.hibernate.type.BasicTypeRegistry:156]
2019-09-27 14:30:54.194| main | DEBUG |  -  | Adding type registration uuid-char -> org.hibernate.type.UUIDCharType@46d69ca4 | [org.hibernate.type.BasicTypeRegistry:156]
2019-09-27 14:30:54.196| main | DEBUG |  -  | Adding type registration binary -> org.hibernate.type.BinaryType@64d93096 | [org.hibernate.type.BasicTypeRegistry:156]
2019-09-27 14:30:54.196| main | DEBUG |  -  | Adding type registration byte[] -> org.hibernate.type.BinaryType@64d93096 | [org.hibernate.type.BasicTypeRegistry:156]
2019-09-27 14:30:54.197| main | DEBUG |  -  | Adding type registration [B -> org.hibernate.type.BinaryType@64d93096 | [org.hibernate.type.BasicTypeRegistry:156]
2019-09-27 14:30:54.198| main | DEBUG |  -  | Adding type registration wrapper-binary -> org.hibernate.type.WrapperBinaryType@46e6458d | [org.hibernate.type.BasicTypeRegistry:156]
2019-09-27 14:30:54.199| main | DEBUG |  -  | Adding type registration Byte[] -> org.hibernate.type.WrapperBinaryType@46e6458d | [org.hibernate.type.BasicTypeRegistry:156]
2019-09-27 14:30:54.199| main | DEBUG |  -  | Adding type registration [Ljava.lang.Byte; -> org.hibernate.type.WrapperBinaryType@46e6458d | [org.hibernate.type.BasicTypeRegistry:156]
2019-09-27 14:30:54.201| main | DEBUG |  -  | Adding type registration row_version -> org.hibernate.type.RowVersionType@29bd056a | [org.hibernate.type.BasicTypeRegistry:156]
2019-09-27 14:30:54.202| main | DEBUG |  -  | Adding type registration image -> org.hibernate.type.ImageType@1dc9f5ad | [org.hibernate.type.BasicTypeRegistry:156]
2019-09-27 14:30:54.204| main | DEBUG |  -  | Adding type registration characters -> org.hibernate.type.CharArrayType@1e000a17 | [org.hibernate.type.BasicTypeRegistry:156]
2019-09-27 14:30:54.204| main | DEBUG |  -  | Adding type registration char[] -> org.hibernate.type.CharArrayType@1e000a17 | [org.hibernate.type.BasicTypeRegistry:156]
2019-09-27 14:30:54.204| main | DEBUG |  -  | Adding type registration [C -> org.hibernate.type.CharArrayType@1e000a17 | [org.hibernate.type.BasicTypeRegistry:156]
2019-09-27 14:30:54.206| main | DEBUG |  -  | Adding type registration wrapper-characters -> org.hibernate.type.CharacterArrayType@4ac7856f | [org.hibernate.type.BasicTypeRegistry:156]
2019-09-27 14:30:54.206| main | DEBUG |  -  | Adding type registration [Ljava.lang.Character; -> org.hibernate.type.CharacterArrayType@4ac7856f | [org.hibernate.type.BasicTypeRegistry:156]
2019-09-27 14:30:54.207| main | DEBUG |  -  | Adding type registration Character[] -> org.hibernate.type.CharacterArrayType@4ac7856f | [org.hibernate.type.BasicTypeRegistry:156]
2019-09-27 14:30:54.209| main | DEBUG |  -  | Adding type registration text -> org.hibernate.type.TextType@3a63d248 | [org.hibernate.type.BasicTypeRegistry:156]
2019-09-27 14:30:54.211| main | DEBUG |  -  | Adding type registration ntext -> org.hibernate.type.NTextType@6dde1bf5 | [org.hibernate.type.BasicTypeRegistry:156]
2019-09-27 14:30:54.213| main | DEBUG |  -  | Adding type registration blob -> org.hibernate.type.BlobType@5e9ea380 | [org.hibernate.type.BasicTypeRegistry:156]
2019-09-27 14:30:54.213| main | DEBUG |  -  | Adding type registration java.sql.Blob -> org.hibernate.type.BlobType@5e9ea380 | [org.hibernate.type.BasicTypeRegistry:156]
2019-09-27 14:30:54.215| main | DEBUG |  -  | Adding type registration materialized_blob -> org.hibernate.type.MaterializedBlobType@785d6a98 | [org.hibernate.type.BasicTypeRegistry:156]
2019-09-27 14:30:54.218| main | DEBUG |  -  | Adding type registration clob -> org.hibernate.type.ClobType@54e94de9 | [org.hibernate.type.BasicTypeRegistry:156]
2019-09-27 14:30:54.219| main | DEBUG |  -  | Adding type registration java.sql.Clob -> org.hibernate.type.ClobType@54e94de9 | [org.hibernate.type.BasicTypeRegistry:156]
2019-09-27 14:30:54.222| main | DEBUG |  -  | Adding type registration nclob -> org.hibernate.type.NClobType@27dc81be | [org.hibernate.type.BasicTypeRegistry:156]
2019-09-27 14:30:54.223| main | DEBUG |  -  | Adding type registration java.sql.NClob -> org.hibernate.type.NClobType@27dc81be | [org.hibernate.type.BasicTypeRegistry:156]
2019-09-27 14:30:54.225| main | DEBUG |  -  | Adding type registration materialized_clob -> org.hibernate.type.MaterializedClobType@3245efdb | [org.hibernate.type.BasicTypeRegistry:156]
2019-09-27 14:30:54.226| main | DEBUG |  -  | Adding type registration materialized_nclob -> org.hibernate.type.MaterializedNClobType@72e49f6a | [org.hibernate.type.BasicTypeRegistry:156]
2019-09-27 14:30:54.230| main | DEBUG |  -  | Adding type registration serializable -> org.hibernate.type.SerializableType@13714753 | [org.hibernate.type.BasicTypeRegistry:156]
2019-09-27 14:30:54.234| main | DEBUG |  -  | Adding type registration object -> org.hibernate.type.ObjectType@662713b6 | [org.hibernate.type.BasicTypeRegistry:156]
2019-09-27 14:30:54.235| main | DEBUG |  -  | Adding type registration java.lang.Object -> org.hibernate.type.ObjectType@662713b6 | [org.hibernate.type.BasicTypeRegistry:156]
2019-09-27 14:30:54.236| main | DEBUG |  -  | Adding type registration imm_date -> org.hibernate.type.AdaptedImmutableType@b8142f4 | [org.hibernate.type.BasicTypeRegistry:156]
2019-09-27 14:30:54.236| main | DEBUG |  -  | Adding type registration imm_time -> org.hibernate.type.AdaptedImmutableType@52d59507 | [org.hibernate.type.BasicTypeRegistry:156]
2019-09-27 14:30:54.237| main | DEBUG |  -  | Adding type registration imm_timestamp -> org.hibernate.type.AdaptedImmutableType@4d75c604 | [org.hibernate.type.BasicTypeRegistry:156]
2019-09-27 14:30:54.237| main | DEBUG |  -  | Adding type registration imm_dbtimestamp -> org.hibernate.type.AdaptedImmutableType@3265995e | [org.hibernate.type.BasicTypeRegistry:156]
2019-09-27 14:30:54.237| main | DEBUG |  -  | Adding type registration imm_calendar -> org.hibernate.type.AdaptedImmutableType@33f2eb04 | [org.hibernate.type.BasicTypeRegistry:156]
2019-09-27 14:30:54.237| main | DEBUG |  -  | Adding type registration imm_calendar_date -> org.hibernate.type.AdaptedImmutableType@4df13dd0 | [org.hibernate.type.BasicTypeRegistry:156]
2019-09-27 14:30:54.238| main | DEBUG |  -  | Adding type registration imm_binary -> org.hibernate.type.AdaptedImmutableType@2ed7978c | [org.hibernate.type.BasicTypeRegistry:156]
2019-09-27 14:30:54.238| main | DEBUG |  -  | Adding type registration imm_serializable -> org.hibernate.type.AdaptedImmutableType@30665461 | [org.hibernate.type.BasicTypeRegistry:156]
2019-09-27 14:30:54.375| main | INFO |  -  | HHH000400: Using dialect: org.hibernate.dialect.MySQL5Dialect | [org.hibernate.dialect.Dialect:157]
2019-09-27 14:30:54.536| main | DEBUG |  -  | Scoping TypeConfiguration [org.hibernate.type.spi.TypeConfiguration@1f293cb7] to MetadataBuildingContext [org.hibernate.boot.internal.MetadataBuildingContextRootImpl@5972e3a] | [org.hibernate.type.spi.TypeConfiguration:142]
2019-09-27 14:30:54.864| main | DEBUG |  -  | Scoping TypeConfiguration [org.hibernate.type.spi.TypeConfiguration@1f293cb7] to SessionFactoryImpl [org.hibernate.internal.SessionFactoryImpl@33f2cf82] | [org.hibernate.type.spi.TypeConfiguration:147]
2019-09-27 14:30:54.920| main | INFO |  -  | Initialized JPA EntityManagerFactory for persistence unit 'default' | [org.springframework.orm.jpa.AbstractEntityManagerFactoryBean:415]
2019-09-27 14:30:55.353| main | WARN |  -  | spring.jpa.open-in-view is enabled by default. Therefore, database queries may be performed during view rendering. Explicitly configure spring.jpa.open-in-view to disable this warning | [org.springframework.boot.autoconfigure.orm.jpa.JpaBaseConfiguration$JpaWebConfiguration$JpaWebMvcConfiguration:226]
2019-09-27 14:30:55.620| main | INFO |  -  | Exposing 2 endpoint(s) beneath base path '/actuator' | [org.springframework.boot.actuate.endpoint.web.EndpointLinksResolver:58]
2019-09-27 14:30:55.873| main | INFO |  -  | Mapped URL path [/v2/api-docs] onto method [public org.springframework.http.ResponseEntity<springfox.documentation.spring.web.json.Json> springfox.documentation.swagger2.web.Swagger2Controller.getDocumentation(java.lang.String,javax.servlet.http.HttpServletRequest)] | [springfox.documentation.spring.web.PropertySourcedRequestMappingHandlerMapping:69]
2019-09-27 14:30:55.927| main | WARN |  -  | No URLs will be polled as dynamic configuration sources. | [com.netflix.config.sources.URLConfigurationSource:121]
2019-09-27 14:30:55.927| main | INFO |  -  | To enable URLs as dynamic configuration sources, define System property archaius.configurationSource.additionalUrls or make config.properties available on classpath. | [com.netflix.config.sources.URLConfigurationSource:122]
2019-09-27 14:30:56.442| main | INFO |  -  | Initializing ExecutorService 'applicationTaskExecutor' | [org.springframework.scheduling.concurrent.ExecutorConfigurationSupport:171]
2019-09-27 14:30:57.743| main | INFO |  -  | Setting initial instance status as: STARTING | [org.springframework.cloud.netflix.eureka.InstanceInfoFactory:72]
2019-09-27 14:30:57.805| main | INFO |  -  | Initializing Eureka in region us-east-1 | [com.netflix.discovery.DiscoveryClient:365]
2019-09-27 14:30:58.236| main | INFO |  -  | Using JSON encoding codec LegacyJacksonJson | [com.netflix.discovery.provider.DiscoveryJerseyProvider:70]
2019-09-27 14:30:58.236| main | INFO |  -  | Using JSON decoding codec LegacyJacksonJson | [com.netflix.discovery.provider.DiscoveryJerseyProvider:71]
2019-09-27 14:30:58.844| main | INFO |  -  | Using XML encoding codec XStreamXml | [com.netflix.discovery.provider.DiscoveryJerseyProvider:80]
2019-09-27 14:30:58.844| main | INFO |  -  | Using XML decoding codec XStreamXml | [com.netflix.discovery.provider.DiscoveryJerseyProvider:81]
2019-09-27 14:30:59.381| main | INFO |  -  | Resolving eureka endpoints via configuration | [com.netflix.discovery.shared.resolver.aws.ConfigClusterResolver:43]
2019-09-27 14:30:59.414| main | INFO |  -  | Disable delta property : false | [com.netflix.discovery.DiscoveryClient:976]
2019-09-27 14:30:59.415| main | INFO |  -  | Single vip registry refresh property : null | [com.netflix.discovery.DiscoveryClient:977]
2019-09-27 14:30:59.415| main | INFO |  -  | Force full registry fetch : false | [com.netflix.discovery.DiscoveryClient:978]
2019-09-27 14:30:59.415| main | INFO |  -  | Application is null : false | [com.netflix.discovery.DiscoveryClient:979]
2019-09-27 14:30:59.415| main | INFO |  -  | Registered Applications size is zero : true | [com.netflix.discovery.DiscoveryClient:980]
2019-09-27 14:30:59.416| main | INFO |  -  | Application version is -1: true | [com.netflix.discovery.DiscoveryClient:982]
2019-09-27 14:30:59.416| main | INFO |  -  | Getting all instance registry info from the eureka server | [com.netflix.discovery.DiscoveryClient:1065]
2019-09-27 14:31:00.193| main | INFO |  -  | The response status is 200 | [com.netflix.discovery.DiscoveryClient:1074]
2019-09-27 14:31:00.197| main | INFO |  -  | Starting heartbeat executor: renew interval is: 30 | [com.netflix.discovery.DiscoveryClient:1288]
2019-09-27 14:31:00.204| main | INFO |  -  | InstanceInfoReplicator onDemand update allowed rate per min is 4 | [com.netflix.discovery.InstanceInfoReplicator:60]
2019-09-27 14:31:00.215| main | INFO |  -  | Discovery Client initialized at timestamp 1569565860212 with initial instances count: 0 | [com.netflix.discovery.DiscoveryClient:465]
2019-09-27 14:31:00.220| main | INFO |  -  | Registering application AUTH with eureka with status UP | [org.springframework.cloud.netflix.eureka.serviceregistry.EurekaServiceRegistry:41]
2019-09-27 14:31:00.221| main | INFO |  -  | Saw local status change event StatusChangeEvent [timestamp=1569565860221, current=UP, previous=STARTING] | [com.netflix.discovery.DiscoveryClient$3:1323]
2019-09-27 14:31:00.228| DiscoveryClient-InstanceInfoReplicator-0 | INFO |  -  | DiscoveryClient_AUTH/192.168.10.206:auth:8112: registering service... | [com.netflix.discovery.DiscoveryClient:844]
2019-09-27 14:31:00.229| main | INFO |  -  | Context refreshed | [springfox.documentation.spring.web.plugins.DocumentationPluginsBootstrapper:160]
2019-09-27 14:31:00.314| main | INFO |  -  | Found 1 custom documentation plugin(s) | [springfox.documentation.spring.web.plugins.DocumentationPluginsBootstrapper:163]
2019-09-27 14:31:00.398| main | INFO |  -  | Scanning for api listing references | [springfox.documentation.spring.web.scanners.ApiListingReferenceScanner:41]
2019-09-27 14:31:00.482| DiscoveryClient-InstanceInfoReplicator-0 | INFO |  -  | DiscoveryClient_AUTH/192.168.10.206:auth:8112 - registration status: 204 | [com.netflix.discovery.DiscoveryClient:853]
2019-09-27 14:31:00.631| main | INFO |  -  | Generating unique operation named: firstUsingGET_1 | [springfox.documentation.spring.web.readers.operation.CachingOperationNameGenerator:40]
2019-09-27 14:31:00.634| main | INFO |  -  | Generating unique operation named: firstUsingHEAD_1 | [springfox.documentation.spring.web.readers.operation.CachingOperationNameGenerator:40]
2019-09-27 14:31:00.635| main | INFO |  -  | Generating unique operation named: firstUsingPOST_1 | [springfox.documentation.spring.web.readers.operation.CachingOperationNameGenerator:40]
2019-09-27 14:31:00.640| main | INFO |  -  | Generating unique operation named: firstUsingPUT_1 | [springfox.documentation.spring.web.readers.operation.CachingOperationNameGenerator:40]
2019-09-27 14:31:00.643| main | INFO |  -  | Generating unique operation named: firstUsingPATCH_1 | [springfox.documentation.spring.web.readers.operation.CachingOperationNameGenerator:40]
2019-09-27 14:31:00.645| main | INFO |  -  | Generating unique operation named: firstUsingDELETE_1 | [springfox.documentation.spring.web.readers.operation.CachingOperationNameGenerator:40]
2019-09-27 14:31:00.646| main | INFO |  -  | Generating unique operation named: firstUsingOPTIONS_1 | [springfox.documentation.spring.web.readers.operation.CachingOperationNameGenerator:40]
2019-09-27 14:31:00.647| main | INFO |  -  | Generating unique operation named: firstUsingTRACE_1 | [springfox.documentation.spring.web.readers.operation.CachingOperationNameGenerator:40]
2019-09-27 14:31:00.650| main | INFO |  -  | Generating unique operation named: goIndexHtmlUsingGET_1 | [springfox.documentation.spring.web.readers.operation.CachingOperationNameGenerator:40]
2019-09-27 14:31:00.652| main | INFO |  -  | Generating unique operation named: goIndexHtmlUsingHEAD_1 | [springfox.documentation.spring.web.readers.operation.CachingOperationNameGenerator:40]
2019-09-27 14:31:00.653| main | INFO |  -  | Generating unique operation named: goIndexHtmlUsingPOST_1 | [springfox.documentation.spring.web.readers.operation.CachingOperationNameGenerator:40]
2019-09-27 14:31:00.656| main | INFO |  -  | Generating unique operation named: goIndexHtmlUsingPUT_1 | [springfox.documentation.spring.web.readers.operation.CachingOperationNameGenerator:40]
2019-09-27 14:31:00.659| main | INFO |  -  | Generating unique operation named: goIndexHtmlUsingPATCH_1 | [springfox.documentation.spring.web.readers.operation.CachingOperationNameGenerator:40]
2019-09-27 14:31:00.661| main | INFO |  -  | Generating unique operation named: goIndexHtmlUsingDELETE_1 | [springfox.documentation.spring.web.readers.operation.CachingOperationNameGenerator:40]
2019-09-27 14:31:00.663| main | INFO |  -  | Generating unique operation named: goIndexHtmlUsingOPTIONS_1 | [springfox.documentation.spring.web.readers.operation.CachingOperationNameGenerator:40]
2019-09-27 14:31:00.665| main | INFO |  -  | Generating unique operation named: goIndexHtmlUsingTRACE_1 | [springfox.documentation.spring.web.readers.operation.CachingOperationNameGenerator:40]
2019-09-27 14:31:00.751| main | INFO |  -  | Starting ProtocolHandler ["http-nio-8112"] | [org.apache.juli.logging.DirectJDKLog:173]
2019-09-27 14:31:00.839| main | INFO |  -  | Tomcat started on port(s): 8112 (http) with context path '/auth' | [org.springframework.boot.web.embedded.tomcat.TomcatWebServer:202]
2019-09-27 14:31:00.841| main | INFO |  -  | Updating port to 8112 | [org.springframework.cloud.netflix.eureka.serviceregistry.EurekaAutoServiceRegistration:145]
2019-09-27 14:31:00.847| main | INFO |  -  | Started CloudAuthApplication in 27.787 seconds (JVM running for 32.102) | [org.springframework.boot.StartupInfoLogger:59]
2019-09-27 14:31:02.427| RMI TCP Connection(13)-127.0.0.1 | INFO |  -  | Initializing Spring DispatcherServlet 'dispatcherServlet' | [org.apache.juli.logging.DirectJDKLog:173]
2019-09-27 14:31:02.429| RMI TCP Connection(13)-127.0.0.1 | INFO |  -  | Initializing Servlet 'dispatcherServlet' | [org.springframework.web.servlet.FrameworkServlet:524]
2019-09-27 14:31:02.453| RMI TCP Connection(13)-127.0.0.1 | INFO |  -  | Completed initialization in 23 ms | [org.springframework.web.servlet.FrameworkServlet:546]
2019-09-27 14:31:30.202| DiscoveryClient-CacheRefreshExecutor-0 | INFO |  -  | Disable delta property : false | [com.netflix.discovery.DiscoveryClient:976]
2019-09-27 14:31:30.205| DiscoveryClient-CacheRefreshExecutor-0 | INFO |  -  | Single vip registry refresh property : null | [com.netflix.discovery.DiscoveryClient:977]
2019-09-27 14:31:30.205| DiscoveryClient-CacheRefreshExecutor-0 | INFO |  -  | Force full registry fetch : false | [com.netflix.discovery.DiscoveryClient:978]
2019-09-27 14:31:30.206| DiscoveryClient-CacheRefreshExecutor-0 | INFO |  -  | Application is null : false | [com.netflix.discovery.DiscoveryClient:979]
2019-09-27 14:31:30.206| DiscoveryClient-CacheRefreshExecutor-0 | INFO |  -  | Registered Applications size is zero : true | [com.netflix.discovery.DiscoveryClient:980]
2019-09-27 14:31:30.207| DiscoveryClient-CacheRefreshExecutor-0 | INFO |  -  | Application version is -1: false | [com.netflix.discovery.DiscoveryClient:982]
2019-09-27 14:31:30.207| DiscoveryClient-CacheRefreshExecutor-0 | INFO |  -  | Getting all instance registry info from the eureka server | [com.netflix.discovery.DiscoveryClient:1065]
2019-09-27 14:31:30.352| DiscoveryClient-CacheRefreshExecutor-0 | INFO |  -  | The response status is 200 | [com.netflix.discovery.DiscoveryClient:1074]
2019-09-27 14:35:59.430| AsyncResolver-bootstrap-executor-0 | INFO |  -  | Resolving eureka endpoints via configuration | [com.netflix.discovery.shared.resolver.aws.ConfigClusterResolver:43]
2019-09-27 14:51:05.209| HikariPool-1 housekeeper | WARN |  -  | HikariPool-1 - Thread starvation or clock leap detected (housekeeper delta=10m42s72ms). | [com.zaxxer.hikari.pool.HikariPool$HouseKeeper:766]
2019-09-27 14:51:11.508| AsyncResolver-bootstrap-executor-0 | INFO |  -  | Resolving eureka endpoints via configuration | [com.netflix.discovery.shared.resolver.aws.ConfigClusterResolver:43]
2019-09-27 14:56:11.515| AsyncResolver-bootstrap-executor-0 | INFO |  -  | Resolving eureka endpoints via configuration | [com.netflix.discovery.shared.resolver.aws.ConfigClusterResolver:43]
2019-09-27 15:01:11.525| AsyncResolver-bootstrap-executor-0 | INFO |  -  | Resolving eureka endpoints via configuration | [com.netflix.discovery.shared.resolver.aws.ConfigClusterResolver:43]
2019-09-27 15:06:11.530| AsyncResolver-bootstrap-executor-0 | INFO |  -  | Resolving eureka endpoints via configuration | [com.netflix.discovery.shared.resolver.aws.ConfigClusterResolver:43]
2019-09-27 15:11:11.536| AsyncResolver-bootstrap-executor-0 | INFO |  -  | Resolving eureka endpoints via configuration | [com.netflix.discovery.shared.resolver.aws.ConfigClusterResolver:43]
2019-09-27 15:16:11.543| AsyncResolver-bootstrap-executor-0 | INFO |  -  | Resolving eureka endpoints via configuration | [com.netflix.discovery.shared.resolver.aws.ConfigClusterResolver:43]
2019-09-27 15:21:11.548| AsyncResolver-bootstrap-executor-0 | INFO |  -  | Resolving eureka endpoints via configuration | [com.netflix.discovery.shared.resolver.aws.ConfigClusterResolver:43]
2019-09-27 15:26:11.556| AsyncResolver-bootstrap-executor-0 | INFO |  -  | Resolving eureka endpoints via configuration | [com.netflix.discovery.shared.resolver.aws.ConfigClusterResolver:43]
2019-09-27 15:31:11.564| AsyncResolver-bootstrap-executor-0 | INFO |  -  | Resolving eureka endpoints via configuration | [com.netflix.discovery.shared.resolver.aws.ConfigClusterResolver:43]
2019-09-27 15:36:11.569| AsyncResolver-bootstrap-executor-0 | INFO |  -  | Resolving eureka endpoints via configuration | [com.netflix.discovery.shared.resolver.aws.ConfigClusterResolver:43]
2019-09-27 15:41:11.577| AsyncResolver-bootstrap-executor-0 | INFO |  -  | Resolving eureka endpoints via configuration | [com.netflix.discovery.shared.resolver.aws.ConfigClusterResolver:43]
2019-09-27 15:46:11.580| AsyncResolver-bootstrap-executor-0 | INFO |  -  | Resolving eureka endpoints via configuration | [com.netflix.discovery.shared.resolver.aws.ConfigClusterResolver:43]
2019-09-27 15:51:11.589| AsyncResolver-bootstrap-executor-0 | INFO |  -  | Resolving eureka endpoints via configuration | [com.netflix.discovery.shared.resolver.aws.ConfigClusterResolver:43]
2019-09-27 15:56:11.605| AsyncResolver-bootstrap-executor-0 | INFO |  -  | Resolving eureka endpoints via configuration | [com.netflix.discovery.shared.resolver.aws.ConfigClusterResolver:43]
2019-09-27 16:01:11.615| AsyncResolver-bootstrap-executor-0 | INFO |  -  | Resolving eureka endpoints via configuration | [com.netflix.discovery.shared.resolver.aws.ConfigClusterResolver:43]
2019-09-27 16:06:11.622| AsyncResolver-bootstrap-executor-0 | INFO |  -  | Resolving eureka endpoints via configuration | [com.netflix.discovery.shared.resolver.aws.ConfigClusterResolver:43]
2019-09-27 16:11:11.630| AsyncResolver-bootstrap-executor-0 | INFO |  -  | Resolving eureka endpoints via configuration | [com.netflix.discovery.shared.resolver.aws.ConfigClusterResolver:43]
2019-09-27 17:51:50.120| HikariPool-1 housekeeper | WARN |  -  | HikariPool-1 - Thread starvation or clock leap detected (housekeeper delta=1h38m14s265ms). | [com.zaxxer.hikari.pool.HikariPool$HouseKeeper:766]
2019-09-27 17:53:55.894| AsyncResolver-bootstrap-executor-0 | INFO |  -  | Resolving eureka endpoints via configuration | [com.netflix.discovery.shared.resolver.aws.ConfigClusterResolver:43]
2019-09-27 17:58:55.903| AsyncResolver-bootstrap-executor-0 | INFO |  -  | Resolving eureka endpoints via configuration | [com.netflix.discovery.shared.resolver.aws.ConfigClusterResolver:43]
2019-09-27 18:03:55.913| AsyncResolver-bootstrap-executor-0 | INFO |  -  | Resolving eureka endpoints via configuration | [com.netflix.discovery.shared.resolver.aws.ConfigClusterResolver:43]
2019-09-27 18:08:55.920| AsyncResolver-bootstrap-executor-0 | INFO |  -  | Resolving eureka endpoints via configuration | [com.netflix.discovery.shared.resolver.aws.ConfigClusterResolver:43]
2019-09-27 18:13:55.928| AsyncResolver-bootstrap-executor-0 | INFO |  -  | Resolving eureka endpoints via configuration | [com.netflix.discovery.shared.resolver.aws.ConfigClusterResolver:43]
2019-09-27 18:18:55.940| AsyncResolver-bootstrap-executor-0 | INFO |  -  | Resolving eureka endpoints via configuration | [com.netflix.discovery.shared.resolver.aws.ConfigClusterResolver:43]
2019-09-27 18:23:55.947| AsyncResolver-bootstrap-executor-0 | INFO |  -  | Resolving eureka endpoints via configuration | [com.netflix.discovery.shared.resolver.aws.ConfigClusterResolver:43]
2019-09-27 18:28:55.963| AsyncResolver-bootstrap-executor-0 | INFO |  -  | Resolving eureka endpoints via configuration | [com.netflix.discovery.shared.resolver.aws.ConfigClusterResolver:43]
2019-09-27 18:33:55.973| AsyncResolver-bootstrap-executor-0 | INFO |  -  | Resolving eureka endpoints via configuration | [com.netflix.discovery.shared.resolver.aws.ConfigClusterResolver:43]
2019-09-27 18:38:55.981| AsyncResolver-bootstrap-executor-0 | INFO |  -  | Resolving eureka endpoints via configuration | [com.netflix.discovery.shared.resolver.aws.ConfigClusterResolver:43]
2019-09-27 18:43:55.988| AsyncResolver-bootstrap-executor-0 | INFO |  -  | Resolving eureka endpoints via configuration | [com.netflix.discovery.shared.resolver.aws.ConfigClusterResolver:43]
2019-09-27 18:48:55.996| AsyncResolver-bootstrap-executor-0 | INFO |  -  | Resolving eureka endpoints via configuration | [com.netflix.discovery.shared.resolver.aws.ConfigClusterResolver:43]
2019-09-27 18:53:56.006| AsyncResolver-bootstrap-executor-0 | INFO |  -  | Resolving eureka endpoints via configuration | [com.netflix.discovery.shared.resolver.aws.ConfigClusterResolver:43]
2019-09-27 18:58:56.015| AsyncResolver-bootstrap-executor-0 | INFO |  -  | Resolving eureka endpoints via configuration | [com.netflix.discovery.shared.resolver.aws.ConfigClusterResolver:43]
2019-09-27 19:03:56.026| AsyncResolver-bootstrap-executor-0 | INFO |  -  | Resolving eureka endpoints via configuration | [com.netflix.discovery.shared.resolver.aws.ConfigClusterResolver:43]
2019-09-27 19:08:56.039| AsyncResolver-bootstrap-executor-0 | INFO |  -  | Resolving eureka endpoints via configuration | [com.netflix.discovery.shared.resolver.aws.ConfigClusterResolver:43]
2019-09-27 19:13:56.054| AsyncResolver-bootstrap-executor-0 | INFO |  -  | Resolving eureka endpoints via configuration | [com.netflix.discovery.shared.resolver.aws.ConfigClusterResolver:43]
2019-09-27 19:18:56.069| AsyncResolver-bootstrap-executor-0 | INFO |  -  | Resolving eureka endpoints via configuration | [com.netflix.discovery.shared.resolver.aws.ConfigClusterResolver:43]
2019-09-27 19:23:56.081| AsyncResolver-bootstrap-executor-0 | INFO |  -  | Resolving eureka endpoints via configuration | [com.netflix.discovery.shared.resolver.aws.ConfigClusterResolver:43]
2019-09-27 19:28:56.090| AsyncResolver-bootstrap-executor-0 | INFO |  -  | Resolving eureka endpoints via configuration | [com.netflix.discovery.shared.resolver.aws.ConfigClusterResolver:43]
2019-09-27 19:33:56.101| AsyncResolver-bootstrap-executor-0 | INFO |  -  | Resolving eureka endpoints via configuration | [com.netflix.discovery.shared.resolver.aws.ConfigClusterResolver:43]
2019-09-27 19:34:54.179| Thread-61 | INFO |  -  | Unregistering application AUTH with eureka with status DOWN | [org.springframework.cloud.netflix.eureka.serviceregistry.EurekaServiceRegistry:65]
2019-09-27 19:34:54.185| Thread-61 | WARN |  -  | Saw local status change event StatusChangeEvent [timestamp=1569584094184, current=DOWN, previous=UP] | [com.netflix.discovery.DiscoveryClient$3:1321]
2019-09-27 19:34:54.193| DiscoveryClient-InstanceInfoReplicator-0 | INFO |  -  | DiscoveryClient_AUTH/192.168.10.206:auth:8112: registering service... | [com.netflix.discovery.DiscoveryClient:844]
2019-09-27 19:34:54.250| DiscoveryClient-InstanceInfoReplicator-0 | INFO |  -  | DiscoveryClient_AUTH/192.168.10.206:auth:8112 - registration status: 204 | [com.netflix.discovery.DiscoveryClient:853]
2019-09-27 19:34:54.391| Thread-61 | INFO |  -  | Shutting down ExecutorService 'applicationTaskExecutor' | [org.springframework.scheduling.concurrent.ExecutorConfigurationSupport:208]
2019-09-27 19:34:54.474| Thread-61 | INFO |  -  | Closing JPA EntityManagerFactory for persistence unit 'default' | [org.springframework.orm.jpa.AbstractEntityManagerFactoryBean:597]
2019-09-27 19:34:54.505| Thread-61 | DEBUG |  -  | Un-scoping TypeConfiguration [org.hibernate.type.spi.TypeConfiguration$Scope@2e55190c] from SessionFactory [org.hibernate.internal.SessionFactoryImpl@33f2cf82] | [org.hibernate.type.spi.TypeConfiguration$Scope:312]
2019-09-27 19:34:54.553| Thread-61 | INFO |  -  | Shutting down DiscoveryClient ... | [com.netflix.discovery.DiscoveryClient:906]
2019-09-27 19:34:57.559| Thread-61 | INFO |  -  | Unregistering ... | [com.netflix.discovery.DiscoveryClient:940]
2019-09-27 19:34:57.576| Thread-61 | INFO |  -  | DiscoveryClient_AUTH/192.168.10.206:auth:8112 - deregister  status: 200 | [com.netflix.discovery.DiscoveryClient:942]
2019-09-27 19:34:57.623| Thread-61 | INFO |  -  | Completed shut down of DiscoveryClient | [com.netflix.discovery.DiscoveryClient:929]
2019-09-27 19:34:57.624| Thread-61 | INFO |  -  | HikariPool-1 - Shutdown initiated... | [com.zaxxer.hikari.HikariDataSource:350]
2019-09-27 19:34:57.641| Thread-61 | INFO |  -  | HikariPool-1 - Shutdown completed. | [com.zaxxer.hikari.HikariDataSource:352]
