2019-12-31 09:54:48.813| main | INFO |  -  | Bean 'org.springframework.cloud.autoconfigure.ConfigurationPropertiesRebinderAutoConfiguration' of type [org.springframework.cloud.autoconfigure.ConfigurationPropertiesRebinderAutoConfiguration$$EnhancerBySpringCGLIB$$75ec2146] is not eligible for getting processed by all BeanPostProcessors (for example: not eligible for auto-proxying) | [org.springframework.context.support.PostProcessorRegistrationDelegate$BeanPostProcessorChecker:330]
2019-12-31 09:54:48.998| main | INFO |  -  | Setting initial instance status as: STARTING | [org.springframework.cloud.netflix.eureka.InstanceInfoFactory:72]
2019-12-31 09:54:49.157| main | INFO |  -  | Initializing Eureka in region us-east-1 | [com.netflix.discovery.DiscoveryClient:365]
2019-12-31 09:54:49.529| main | INFO |  -  | Using JSON encoding codec LegacyJacksonJson | [com.netflix.discovery.provider.DiscoveryJerseyProvider:70]
2019-12-31 09:54:49.529| main | INFO |  -  | Using JSON decoding codec LegacyJacksonJson | [com.netflix.discovery.provider.DiscoveryJerseyProvider:71]
2019-12-31 09:54:49.823| main | INFO |  -  | Using XML encoding codec XStreamXml | [com.netflix.discovery.provider.DiscoveryJerseyProvider:80]
2019-12-31 09:54:49.824| main | INFO |  -  | Using XML decoding codec XStreamXml | [com.netflix.discovery.provider.DiscoveryJerseyProvider:81]
2019-12-31 09:54:50.263| main | INFO |  -  | Resolving eureka endpoints via configuration | [com.netflix.discovery.shared.resolver.aws.ConfigClusterResolver:43]
2019-12-31 09:54:50.295| main | INFO |  -  | Disable delta property : false | [com.netflix.discovery.DiscoveryClient:976]
2019-12-31 09:54:50.295| main | INFO |  -  | Single vip registry refresh property : null | [com.netflix.discovery.DiscoveryClient:977]
2019-12-31 09:54:50.295| main | INFO |  -  | Force full registry fetch : false | [com.netflix.discovery.DiscoveryClient:978]
2019-12-31 09:54:50.296| main | INFO |  -  | Application is null : false | [com.netflix.discovery.DiscoveryClient:979]
2019-12-31 09:54:50.296| main | INFO |  -  | Registered Applications size is zero : true | [com.netflix.discovery.DiscoveryClient:980]
2019-12-31 09:54:50.296| main | INFO |  -  | Application version is -1: true | [com.netflix.discovery.DiscoveryClient:982]
2019-12-31 09:54:50.297| main | INFO |  -  | Getting all instance registry info from the eureka server | [com.netflix.discovery.DiscoveryClient:1065]
2019-12-31 09:54:50.779| main | INFO |  -  | The response status is 200 | [com.netflix.discovery.DiscoveryClient:1074]
2019-12-31 09:54:50.784| main | INFO |  -  | Not registering with Eureka server per configuration | [com.netflix.discovery.DiscoveryClient:1335]
2019-12-31 09:54:50.793| main | INFO |  -  | Discovery Client initialized at timestamp 1577757290791 with initial instances count: 2 | [com.netflix.discovery.DiscoveryClient:465]
2019-12-31 09:54:50.852| main | INFO |  -  | Registering application CLOUD-BASIC with eureka with status UP | [org.springframework.cloud.netflix.eureka.serviceregistry.EurekaServiceRegistry:41]
2019-12-31 09:54:50.958| main | INFO |  -  | Fetching config from server at : http://192.168.10.93:1112/ | [org.springframework.cloud.config.client.ConfigServicePropertySourceLocator:207]
2019-12-31 09:54:52.625| main | INFO |  -  | Located environment: name=cloud-basic, profiles=[dev], label=dev, version=62297162f7cee2024cdd06a6b831e375585c0287, state=null | [org.springframework.cloud.config.client.ConfigServicePropertySourceLocator:151]
2019-12-31 09:54:52.626| main | INFO |  -  | Located property source: CompositePropertySource {name='configService', propertySources=[MapPropertySource {name='configClient'}, MapPropertySource {name='https://github.com/wglg550/mycloud.git/cloud-config/cloud-config-module/cloud-basic/cloud-basic-dev.yml'}]} | [org.springframework.cloud.bootstrap.config.PropertySourceBootstrapConfiguration:101]
2019-12-31 09:54:52.701| main | INFO |  -  | No active profile set, falling back to default profiles: default | [org.springframework.boot.SpringApplication:648]
2019-12-31 09:54:54.118| main | INFO |  -  | Multiple Spring Data modules found, entering strict repository configuration mode! | [org.springframework.data.repository.config.RepositoryConfigurationDelegate:244]
2019-12-31 09:54:54.118| main | INFO |  -  | Bootstrapping Spring Data repositories in DEFAULT mode. | [org.springframework.data.repository.config.RepositoryConfigurationDelegate:126]
2019-12-31 09:54:54.263| main | INFO |  -  | Finished Spring Data repository scanning in 124ms. Found 1 repository interfaces. | [org.springframework.data.repository.config.RepositoryConfigurationDelegate:182]
2019-12-31 09:54:54.263| main | INFO |  -  | Multiple Spring Data modules found, entering strict repository configuration mode! | [org.springframework.data.repository.config.RepositoryConfigurationDelegate:244]
2019-12-31 09:54:54.263| main | INFO |  -  | Bootstrapping Spring Data repositories in DEFAULT mode. | [org.springframework.data.repository.config.RepositoryConfigurationDelegate:126]
2019-12-31 09:54:54.273| main | INFO |  -  | Finished Spring Data repository scanning in 10ms. Found 1 repository interfaces. | [org.springframework.data.repository.config.RepositoryConfigurationDelegate:182]
2019-12-31 09:54:54.784| main | INFO |  -  | Multiple Spring Data modules found, entering strict repository configuration mode! | [org.springframework.data.repository.config.RepositoryConfigurationDelegate:244]
2019-12-31 09:54:54.788| main | INFO |  -  | Bootstrapping Spring Data repositories in DEFAULT mode. | [org.springframework.data.repository.config.RepositoryConfigurationDelegate:126]
2019-12-31 09:54:54.814| main | INFO |  -  | Spring Data Redis - Could not safely identify store assignment for repository candidate interface com.cloud.basic.master.dao.MasterSUserRepo. | [org.springframework.data.repository.config.RepositoryConfigurationExtensionSupport:363]
2019-12-31 09:54:54.815| main | INFO |  -  | Spring Data Redis - Could not safely identify store assignment for repository candidate interface com.cloud.basic.slave.dao.SlaveSUserRepo. | [org.springframework.data.repository.config.RepositoryConfigurationExtensionSupport:363]
2019-12-31 09:54:54.815| main | INFO |  -  | Finished Spring Data repository scanning in 16ms. Found 0 repository interfaces. | [org.springframework.data.repository.config.RepositoryConfigurationDelegate:182]
2019-12-31 09:54:54.972| main | WARN |  -  | Endpoint ID 'service-registry' contains invalid characters, please migrate to a valid format. | [org.springframework.boot.actuate.endpoint.EndpointId:131]
2019-12-31 09:54:55.115| main | WARN |  -  | Endpoint ID 'hystrix.stream' contains invalid characters, please migrate to a valid format. | [org.springframework.boot.actuate.endpoint.EndpointId:131]
2019-12-31 09:54:55.570| main | INFO |  -  | BeanFactory id=ba15dc3e-5790-3476-abcd-9cc78562eb1e | [org.springframework.cloud.context.scope.GenericScope:295]
2019-12-31 09:54:56.008| main | INFO |  -  | Bean 'org.springframework.transaction.annotation.ProxyTransactionManagementConfiguration' of type [org.springframework.transaction.annotation.ProxyTransactionManagementConfiguration$$EnhancerBySpringCGLIB$$59d21e49] is not eligible for getting processed by all BeanPostProcessors (for example: not eligible for auto-proxying) | [org.springframework.context.support.PostProcessorRegistrationDelegate$BeanPostProcessorChecker:330]
2019-12-31 09:54:56.111| main | INFO |  -  | Bean 'org.springframework.cloud.autoconfigure.ConfigurationPropertiesRebinderAutoConfiguration' of type [org.springframework.cloud.autoconfigure.ConfigurationPropertiesRebinderAutoConfiguration$$EnhancerBySpringCGLIB$$75ec2146] is not eligible for getting processed by all BeanPostProcessors (for example: not eligible for auto-proxying) | [org.springframework.context.support.PostProcessorRegistrationDelegate$BeanPostProcessorChecker:330]
2019-12-31 09:54:56.126| main | INFO |  -  | Bean 'org.springframework.cloud.sleuth.instrument.web.client.TraceWebClientAutoConfiguration$TraceOAuthConfiguration' of type [org.springframework.cloud.sleuth.instrument.web.client.TraceWebClientAutoConfiguration$TraceOAuthConfiguration$$EnhancerBySpringCGLIB$$9eceb0a8] is not eligible for getting processed by all BeanPostProcessors (for example: not eligible for auto-proxying) | [org.springframework.context.support.PostProcessorRegistrationDelegate$BeanPostProcessorChecker:330]
2019-12-31 09:54:56.723| main | INFO |  -  | Tomcat initialized with port(s): 8111 (http) | [org.springframework.boot.web.embedded.tomcat.TomcatWebServer:90]
2019-12-31 09:54:56.745| main | INFO |  -  | Initializing ProtocolHandler ["http-nio-8111"] | [org.apache.juli.logging.DirectJDKLog:173]
2019-12-31 09:54:56.757| main | INFO |  -  | Starting service [Tomcat] | [org.apache.juli.logging.DirectJDKLog:173]
2019-12-31 09:54:56.758| main | INFO |  -  | Starting Servlet engine: [Apache Tomcat/9.0.24] | [org.apache.juli.logging.DirectJDKLog:173]
2019-12-31 09:54:56.958| main | INFO |  -  | Initializing Spring embedded WebApplicationContext | [org.apache.juli.logging.DirectJDKLog:173]
2019-12-31 09:54:56.958| main | INFO |  -  | Root WebApplicationContext: initialization completed in 4223 ms | [org.springframework.boot.web.servlet.context.ServletWebServerApplicationContext:284]
2019-12-31 09:54:57.325| main | WARN |  -  | No URLs will be polled as dynamic configuration sources. | [com.netflix.config.sources.URLConfigurationSource:121]
2019-12-31 09:54:57.326| main | INFO |  -  | To enable URLs as dynamic configuration sources, define System property archaius.configurationSource.additionalUrls or make config.properties available on classpath. | [com.netflix.config.sources.URLConfigurationSource:122]
2019-12-31 09:54:57.345| main | INFO |  -  | DynamicPropertyFactory is initialized with configuration sources: com.netflix.config.ConcurrentCompositeConfiguration@169d5567 | [com.netflix.config.DynamicPropertyFactory:281]
2019-12-31 09:54:59.704| main | INFO |  -  | Registered '/actuator/hystrix.stream' to hystrix.stream-actuator-endpoint | [org.springframework.boot.actuate.endpoint.web.ServletEndpointRegistrar:74]
2019-12-31 09:55:00.834| main | INFO |  -  | {dataSource-1} inited | [com.alibaba.druid.pool.DruidDataSource:1002]
2019-12-31 09:55:00.929| main | INFO |  -  | HHH000204: Processing PersistenceUnitInfo [
	name: masterPersistenceUnit
	...] | [org.hibernate.jpa.internal.util.LogHelper:31]
2019-12-31 09:55:01.189| main | INFO |  -  | HHH000412: Hibernate Core {5.3.11.Final} | [org.hibernate.Version:46]
2019-12-31 09:55:01.194| main | INFO |  -  | HHH000206: hibernate.properties not found | [org.hibernate.cfg.Environment:213]
2019-12-31 09:55:01.780| main | INFO |  -  | HCANN000001: Hibernate Commons Annotations {5.0.4.Final} | [org.hibernate.annotations.common.reflection.java.JavaReflectionManager:49]
2019-12-31 09:55:02.297| main | INFO |  -  | HHH000400: Using dialect: org.hibernate.dialect.MySQL5Dialect | [org.hibernate.dialect.Dialect:157]
2019-12-31 09:55:04.081| main | INFO |  -  | Initialized JPA EntityManagerFactory for persistence unit 'masterPersistenceUnit' | [org.springframework.orm.jpa.AbstractEntityManagerFactoryBean:415]
2019-12-31 09:55:04.162| main | INFO |  -  | {dataSource-2} inited | [com.alibaba.druid.pool.DruidDataSource:1002]
2019-12-31 09:55:04.174| main | INFO |  -  | HHH000204: Processing PersistenceUnitInfo [
	name: slavePersistenceUnit
	...] | [org.hibernate.jpa.internal.util.LogHelper:31]
2019-12-31 09:55:04.184| main | INFO |  -  | HHH000400: Using dialect: org.hibernate.dialect.MySQL5Dialect | [org.hibernate.dialect.Dialect:157]
2019-12-31 09:55:04.243| main | INFO |  -  | Initialized JPA EntityManagerFactory for persistence unit 'slavePersistenceUnit' | [org.springframework.orm.jpa.AbstractEntityManagerFactoryBean:415]
2019-12-31 09:55:06.197| main | INFO |  -  | Exposing 20 endpoint(s) beneath base path '/actuator' | [org.springframework.boot.actuate.endpoint.web.EndpointLinksResolver:58]
2019-12-31 09:55:06.688| main | INFO |  -  | 

Using generated security password: 5da44de2-98ec-4a59-aff7-fdd398b6761b
 | [org.springframework.boot.autoconfigure.security.servlet.UserDetailsServiceAutoConfiguration:83]
2019-12-31 09:55:07.080| main | INFO |  -  | Creating filter chain: Ant [pattern='/swagger-ui.html'], [] | [org.springframework.security.web.DefaultSecurityFilterChain:43]
2019-12-31 09:55:07.081| main | INFO |  -  | Creating filter chain: Ant [pattern='/webjars/**'], [] | [org.springframework.security.web.DefaultSecurityFilterChain:43]
2019-12-31 09:55:07.081| main | INFO |  -  | Creating filter chain: Ant [pattern='v2/**'], [] | [org.springframework.security.web.DefaultSecurityFilterChain:43]
2019-12-31 09:55:07.081| main | INFO |  -  | Creating filter chain: Ant [pattern='/swagger-resources/**'], [] | [org.springframework.security.web.DefaultSecurityFilterChain:43]
2019-12-31 09:55:07.082| main | INFO |  -  | Creating filter chain: Ant [pattern='/druid/**'], [] | [org.springframework.security.web.DefaultSecurityFilterChain:43]
2019-12-31 09:55:07.082| main | INFO |  -  | Creating filter chain: Ant [pattern='/**/index.html'], [] | [org.springframework.security.web.DefaultSecurityFilterChain:43]
2019-12-31 09:55:07.188| main | INFO |  -  | Creating filter chain: OrRequestMatcher [requestMatchers=[any request]], [org.springframework.security.web.context.request.async.WebAsyncManagerIntegrationFilter@2461a62c, org.springframework.security.web.context.SecurityContextPersistenceFilter@789cdc12, org.springframework.security.web.header.HeaderWriterFilter@68c7162b, org.springframework.security.web.authentication.logout.LogoutFilter@2b33553b, org.springframework.security.oauth2.provider.authentication.OAuth2AuthenticationProcessingFilter@3695e28a, org.springframework.security.web.savedrequest.RequestCacheAwareFilter@4d94b0af, org.springframework.security.web.servletapi.SecurityContextHolderAwareRequestFilter@34577542, org.springframework.security.web.authentication.AnonymousAuthenticationFilter@5172cce4, org.springframework.security.web.session.SessionManagementFilter@4b29f03e, org.springframework.security.web.access.ExceptionTranslationFilter@327dcf8c, org.springframework.security.web.access.intercept.FilterSecurityInterceptor@519fa526] | [org.springframework.security.web.DefaultSecurityFilterChain:43]
2019-12-31 09:55:07.233| main | INFO |  -  | Creating filter chain: any request, [org.springframework.security.web.context.request.async.WebAsyncManagerIntegrationFilter@2c4af3ae, org.springframework.security.web.context.SecurityContextPersistenceFilter@79860b25, org.springframework.security.web.header.HeaderWriterFilter@442bb11b, org.springframework.security.web.csrf.CsrfFilter@4528c187, org.springframework.security.web.authentication.logout.LogoutFilter@2ae84b49, org.springframework.security.web.authentication.UsernamePasswordAuthenticationFilter@758f755a, org.springframework.security.web.authentication.ui.DefaultLoginPageGeneratingFilter@46d393cd, org.springframework.security.web.authentication.ui.DefaultLogoutPageGeneratingFilter@3842ccf9, org.springframework.security.web.authentication.www.BasicAuthenticationFilter@6ebdd981, org.springframework.security.web.savedrequest.RequestCacheAwareFilter@237a41ff, org.springframework.security.web.servletapi.SecurityContextHolderAwareRequestFilter@3ac09fe2, org.springframework.security.web.authentication.AnonymousAuthenticationFilter@17236e87, org.springframework.security.web.session.SessionManagementFilter@238bec83, org.springframework.security.web.access.ExceptionTranslationFilter@b7a2b89, org.springframework.security.web.access.intercept.FilterSecurityInterceptor@4907b487] | [org.springframework.security.web.DefaultSecurityFilterChain:43]
2019-12-31 09:55:07.348| main | INFO |  -  | Mapped URL path [/v2/api-docs] onto method [public org.springframework.http.ResponseEntity<springfox.documentation.spring.web.json.Json> springfox.documentation.swagger2.web.Swagger2Controller.getDocumentation(java.lang.String,javax.servlet.http.HttpServletRequest)] | [springfox.documentation.spring.web.PropertySourcedRequestMappingHandlerMapping:69]
2019-12-31 09:55:07.437| main | WARN |  -  | No URLs will be polled as dynamic configuration sources. | [com.netflix.config.sources.URLConfigurationSource:121]
2019-12-31 09:55:07.438| main | INFO |  -  | To enable URLs as dynamic configuration sources, define System property archaius.configurationSource.additionalUrls or make config.properties available on classpath. | [com.netflix.config.sources.URLConfigurationSource:122]
2019-12-31 09:55:08.006| main | INFO |  -  | Initializing ExecutorService 'applicationTaskExecutor' | [org.springframework.scheduling.concurrent.ExecutorConfigurationSupport:171]
2019-12-31 09:55:09.676| main | INFO |  -  | Shutting down DiscoveryClient ... | [com.netflix.discovery.DiscoveryClient:906]
2019-12-31 09:55:09.690| main | INFO |  -  | Completed shut down of DiscoveryClient | [com.netflix.discovery.DiscoveryClient:929]
2019-12-31 09:55:10.052| main | INFO |  -  | Setting initial instance status as: STARTING | [org.springframework.cloud.netflix.eureka.InstanceInfoFactory:72]
2019-12-31 09:55:10.062| main | INFO |  -  | Initializing Eureka in region us-east-1 | [com.netflix.discovery.DiscoveryClient:365]
2019-12-31 09:55:10.067| main | INFO |  -  | Using JSON encoding codec LegacyJacksonJson | [com.netflix.discovery.provider.DiscoveryJerseyProvider:70]
2019-12-31 09:55:10.068| main | INFO |  -  | Using JSON decoding codec LegacyJacksonJson | [com.netflix.discovery.provider.DiscoveryJerseyProvider:71]
2019-12-31 09:55:10.068| main | INFO |  -  | Using XML encoding codec XStreamXml | [com.netflix.discovery.provider.DiscoveryJerseyProvider:80]
2019-12-31 09:55:10.068| main | INFO |  -  | Using XML decoding codec XStreamXml | [com.netflix.discovery.provider.DiscoveryJerseyProvider:81]
2019-12-31 09:55:10.190| main | INFO |  -  | Resolving eureka endpoints via configuration | [com.netflix.discovery.shared.resolver.aws.ConfigClusterResolver:43]
2019-12-31 09:55:10.191| main | INFO |  -  | Disable delta property : false | [com.netflix.discovery.DiscoveryClient:976]
2019-12-31 09:55:10.192| main | INFO |  -  | Single vip registry refresh property : null | [com.netflix.discovery.DiscoveryClient:977]
2019-12-31 09:55:10.192| main | INFO |  -  | Force full registry fetch : false | [com.netflix.discovery.DiscoveryClient:978]
2019-12-31 09:55:10.192| main | INFO |  -  | Application is null : false | [com.netflix.discovery.DiscoveryClient:979]
2019-12-31 09:55:10.192| main | INFO |  -  | Registered Applications size is zero : true | [com.netflix.discovery.DiscoveryClient:980]
2019-12-31 09:55:10.193| main | INFO |  -  | Application version is -1: true | [com.netflix.discovery.DiscoveryClient:982]
2019-12-31 09:55:10.193| main | INFO |  -  | Getting all instance registry info from the eureka server | [com.netflix.discovery.DiscoveryClient:1065]
2019-12-31 09:55:10.327| main | INFO |  -  | The response status is 200 | [com.netflix.discovery.DiscoveryClient:1074]
2019-12-31 09:55:10.328| main | INFO |  -  | Starting heartbeat executor: renew interval is: 30 | [com.netflix.discovery.DiscoveryClient:1288]
2019-12-31 09:55:10.340| main | INFO |  -  | InstanceInfoReplicator onDemand update allowed rate per min is 4 | [com.netflix.discovery.InstanceInfoReplicator:60]
2019-12-31 09:55:10.343| main | INFO |  -  | Discovery Client initialized at timestamp 1577757310343 with initial instances count: 2 | [com.netflix.discovery.DiscoveryClient:465]
2019-12-31 09:55:10.357| main | INFO |  -  | Registering application CLOUD-BASIC with eureka with status UP | [org.springframework.cloud.netflix.eureka.serviceregistry.EurekaServiceRegistry:41]
2019-12-31 09:55:10.358| main | INFO |  -  | Saw local status change event StatusChangeEvent [timestamp=1577757310358, current=UP, previous=STARTING] | [com.netflix.discovery.DiscoveryClient$3:1323]
2019-12-31 09:55:10.363| main | INFO |  -  | Context refreshed | [springfox.documentation.spring.web.plugins.DocumentationPluginsBootstrapper:160]
2019-12-31 09:55:10.364| DiscoveryClient-InstanceInfoReplicator-0 | INFO |  -  | DiscoveryClient_CLOUD-BASIC/192.168.10.93:cloud-basic:8111: registering service... | [com.netflix.discovery.DiscoveryClient:844]
2019-12-31 09:55:10.427| main | INFO |  -  | Found 1 custom documentation plugin(s) | [springfox.documentation.spring.web.plugins.DocumentationPluginsBootstrapper:163]
2019-12-31 09:55:10.431| DiscoveryClient-InstanceInfoReplicator-0 | INFO |  -  | DiscoveryClient_CLOUD-BASIC/192.168.10.93:cloud-basic:8111 - registration status: 204 | [com.netflix.discovery.DiscoveryClient:853]
2019-12-31 09:55:10.511| main | INFO |  -  | Scanning for api listing references | [springfox.documentation.spring.web.scanners.ApiListingReferenceScanner:41]
2019-12-31 09:55:10.706| main | INFO |  -  | Generating unique operation named: firstUsingGET_1 | [springfox.documentation.spring.web.readers.operation.CachingOperationNameGenerator:40]
2019-12-31 09:55:10.708| main | INFO |  -  | Generating unique operation named: firstUsingHEAD_1 | [springfox.documentation.spring.web.readers.operation.CachingOperationNameGenerator:40]
2019-12-31 09:55:10.710| main | INFO |  -  | Generating unique operation named: firstUsingPOST_1 | [springfox.documentation.spring.web.readers.operation.CachingOperationNameGenerator:40]
2019-12-31 09:55:10.712| main | INFO |  -  | Generating unique operation named: firstUsingPUT_1 | [springfox.documentation.spring.web.readers.operation.CachingOperationNameGenerator:40]
2019-12-31 09:55:10.714| main | INFO |  -  | Generating unique operation named: firstUsingPATCH_1 | [springfox.documentation.spring.web.readers.operation.CachingOperationNameGenerator:40]
2019-12-31 09:55:10.717| main | INFO |  -  | Generating unique operation named: firstUsingDELETE_1 | [springfox.documentation.spring.web.readers.operation.CachingOperationNameGenerator:40]
2019-12-31 09:55:10.720| main | INFO |  -  | Generating unique operation named: firstUsingOPTIONS_1 | [springfox.documentation.spring.web.readers.operation.CachingOperationNameGenerator:40]
2019-12-31 09:55:10.722| main | INFO |  -  | Generating unique operation named: firstUsingTRACE_1 | [springfox.documentation.spring.web.readers.operation.CachingOperationNameGenerator:40]
2019-12-31 09:55:10.725| main | INFO |  -  | Generating unique operation named: goIndexHtmlUsingGET_1 | [springfox.documentation.spring.web.readers.operation.CachingOperationNameGenerator:40]
2019-12-31 09:55:10.726| main | INFO |  -  | Generating unique operation named: goIndexHtmlUsingHEAD_1 | [springfox.documentation.spring.web.readers.operation.CachingOperationNameGenerator:40]
2019-12-31 09:55:10.728| main | INFO |  -  | Generating unique operation named: goIndexHtmlUsingPOST_1 | [springfox.documentation.spring.web.readers.operation.CachingOperationNameGenerator:40]
2019-12-31 09:55:10.731| main | INFO |  -  | Generating unique operation named: goIndexHtmlUsingPUT_1 | [springfox.documentation.spring.web.readers.operation.CachingOperationNameGenerator:40]
2019-12-31 09:55:10.733| main | INFO |  -  | Generating unique operation named: goIndexHtmlUsingPATCH_1 | [springfox.documentation.spring.web.readers.operation.CachingOperationNameGenerator:40]
2019-12-31 09:55:10.735| main | INFO |  -  | Generating unique operation named: goIndexHtmlUsingDELETE_1 | [springfox.documentation.spring.web.readers.operation.CachingOperationNameGenerator:40]
2019-12-31 09:55:10.737| main | INFO |  -  | Generating unique operation named: goIndexHtmlUsingOPTIONS_1 | [springfox.documentation.spring.web.readers.operation.CachingOperationNameGenerator:40]
2019-12-31 09:55:10.739| main | INFO |  -  | Generating unique operation named: goIndexHtmlUsingTRACE_1 | [springfox.documentation.spring.web.readers.operation.CachingOperationNameGenerator:40]
2019-12-31 09:55:10.990| main | INFO |  -  | Starting ProtocolHandler ["http-nio-8111"] | [org.apache.juli.logging.DirectJDKLog:173]
2019-12-31 09:55:11.069| main | INFO |  -  | Tomcat started on port(s): 8111 (http) with context path '' | [org.springframework.boot.web.embedded.tomcat.TomcatWebServer:202]
2019-12-31 09:55:11.070| main | INFO |  -  | Updating port to 8111 | [org.springframework.cloud.netflix.eureka.serviceregistry.EurekaAutoServiceRegistration:145]
2019-12-31 09:55:11.071| main | INFO |  -  | Updating port to 8111 | [org.springframework.cloud.netflix.eureka.serviceregistry.EurekaAutoServiceRegistration:145]
2019-12-31 09:55:11.075| main | INFO |  -  | Started CloudBasicApplication in 25.041 seconds (JVM running for 26.823) | [org.springframework.boot.StartupInfoLogger:59]
2019-12-31 09:55:13.058| RMI TCP Connection(7)-127.0.0.1 | INFO |  -  | Initializing Spring DispatcherServlet 'dispatcherServlet' | [org.apache.juli.logging.DirectJDKLog:173]
2019-12-31 09:55:13.058| RMI TCP Connection(7)-127.0.0.1 | INFO |  -  | Initializing Servlet 'dispatcherServlet' | [org.springframework.web.servlet.FrameworkServlet:524]
2019-12-31 09:55:13.099| RMI TCP Connection(7)-127.0.0.1 | INFO |  -  | Completed initialization in 41 ms | [org.springframework.web.servlet.FrameworkServlet:546]
2019-12-31 09:55:13.403| RMI TCP Connection(2)-127.0.0.1 | INFO |  -  | Fetching config from server at : http://192.168.10.93:1112/ | [org.springframework.cloud.config.client.ConfigServicePropertySourceLocator:207]
2019-12-31 09:55:14.730| RMI TCP Connection(2)-127.0.0.1 | INFO |  -  | Located environment: name=cloud-basic, profiles=[dev], label=dev, version=62297162f7cee2024cdd06a6b831e375585c0287, state=null | [org.springframework.cloud.config.client.ConfigServicePropertySourceLocator:151]
2019-12-31 10:00:10.198| AsyncResolver-bootstrap-executor-0 | INFO |  -  | Resolving eureka endpoints via configuration | [com.netflix.discovery.shared.resolver.aws.ConfigClusterResolver:43]
2019-12-31 10:00:51.438| http-nio-8111-exec-1 | ERROR |  -  | initParameter config error, allow : * | [com.alibaba.druid.support.http.ResourceServlet:98]
java.lang.IllegalArgumentException: Invalid IP Address [*]
	at com.alibaba.druid.support.http.util.IPAddress.parseIPAddress(IPAddress.java:150)
	at com.alibaba.druid.support.http.util.IPAddress.<init>(IPAddress.java:30)
	at com.alibaba.druid.support.http.util.IPRange.parseRange(IPRange.java:100)
	at com.alibaba.druid.support.http.util.IPRange.<init>(IPRange.java:41)
	at com.alibaba.druid.support.http.ResourceServlet.initAuthEnv(ResourceServlet.java:92)
	at com.alibaba.druid.support.http.ResourceServlet.init(ResourceServlet.java:62)
	at com.alibaba.druid.support.http.StatViewServlet.init(StatViewServlet.java:65)
	at javax.servlet.GenericServlet.init(GenericServlet.java:158)
	at org.apache.catalina.core.StandardWrapper.initServlet(StandardWrapper.java:1134)
	at org.apache.catalina.core.StandardWrapper.allocate(StandardWrapper.java:777)
	at org.apache.catalina.core.StandardWrapperValve.invoke(StandardWrapperValve.java:135)
	at org.apache.catalina.core.StandardContextValve.invoke(StandardContextValve.java:96)
	at org.apache.catalina.authenticator.AuthenticatorBase.invoke(AuthenticatorBase.java:526)
	at org.apache.catalina.core.StandardHostValve.invoke(StandardHostValve.java:139)
	at org.apache.catalina.valves.ErrorReportValve.invoke(ErrorReportValve.java:92)
	at org.apache.catalina.core.StandardEngineValve.invoke(StandardEngineValve.java:74)
	at org.apache.catalina.connector.CoyoteAdapter.service(CoyoteAdapter.java:343)
	at org.apache.coyote.http11.Http11Processor.service(Http11Processor.java:408)
	at org.apache.coyote.AbstractProcessorLight.process(AbstractProcessorLight.java:66)
	at org.apache.coyote.AbstractProtocol$ConnectionHandler.process(AbstractProtocol.java:860)
	at org.apache.tomcat.util.net.NioEndpoint$SocketProcessor.doRun(NioEndpoint.java:1587)
	at org.apache.tomcat.util.net.SocketProcessorBase.run(SocketProcessorBase.java:49)
	at java.util.concurrent.ThreadPoolExecutor.runWorker(ThreadPoolExecutor.java:1142)
	at java.util.concurrent.ThreadPoolExecutor$Worker.run(ThreadPoolExecutor.java:617)
	at org.apache.tomcat.util.threads.TaskThread$WrappingRunnable.run(TaskThread.java:61)
	at java.lang.Thread.run(Thread.java:748)
2019-12-31 10:00:54.925| AsyncReporter{org.springframework.cloud.sleuth.zipkin2.sender.RestTemplateSender@4c6fe482} | INFO |  -  | Flipping property: localhost.ribbon.ActiveConnectionsLimit to use NEXT property: niws.loadbalancer.availabilityFilteringRule.activeConnectionsLimit = 2147483647 | [com.netflix.config.ChainedDynamicProperty$ChainLink:115]
2019-12-31 10:00:54.966| AsyncReporter{org.springframework.cloud.sleuth.zipkin2.sender.RestTemplateSender@4c6fe482} | INFO |  -  | Shutdown hook installed for: NFLoadBalancer-PingTimer-localhost | [com.netflix.util.concurrent.ShutdownEnabledTimer:58]
2019-12-31 10:00:54.968| AsyncReporter{org.springframework.cloud.sleuth.zipkin2.sender.RestTemplateSender@4c6fe482} | INFO |  -  | Client: localhost instantiated a LoadBalancer: DynamicServerListLoadBalancer:{NFLoadBalancer:name=localhost,current list of Servers=[],Load balancer stats=Zone stats: {},Server stats: []}ServerList:null | [com.netflix.loadbalancer.BaseLoadBalancer:197]
2019-12-31 10:00:54.981| AsyncReporter{org.springframework.cloud.sleuth.zipkin2.sender.RestTemplateSender@4c6fe482} | INFO |  -  | Using serverListUpdater PollingServerListUpdater | [com.netflix.loadbalancer.DynamicServerListLoadBalancer:222]
2019-12-31 10:00:54.989| AsyncReporter{org.springframework.cloud.sleuth.zipkin2.sender.RestTemplateSender@4c6fe482} | INFO |  -  | DynamicServerListLoadBalancer for client localhost initialized: DynamicServerListLoadBalancer:{NFLoadBalancer:name=localhost,current list of Servers=[],Load balancer stats=Zone stats: {},Server stats: []}ServerList:org.springframework.cloud.netflix.ribbon.eureka.DomainExtractingServerList@72ba1339 | [com.netflix.loadbalancer.DynamicServerListLoadBalancer:150]
2019-12-31 10:05:10.209| AsyncResolver-bootstrap-executor-0 | INFO |  -  | Resolving eureka endpoints via configuration | [com.netflix.discovery.shared.resolver.aws.ConfigClusterResolver:43]
2019-12-31 10:06:34.978| http-nio-8111-exec-2 | INFO |  -  | HHH000397: Using ASTQueryTranslatorFactory | [org.hibernate.hql.internal.QueryTranslatorFactoryInitiator:47]
2019-12-31 10:10:10.219| AsyncResolver-bootstrap-executor-0 | INFO |  -  | Resolving eureka endpoints via configuration | [com.netflix.discovery.shared.resolver.aws.ConfigClusterResolver:43]
2019-12-31 10:15:10.231| AsyncResolver-bootstrap-executor-0 | INFO |  -  | Resolving eureka endpoints via configuration | [com.netflix.discovery.shared.resolver.aws.ConfigClusterResolver:43]
2019-12-31 10:20:10.243| AsyncResolver-bootstrap-executor-0 | INFO |  -  | Resolving eureka endpoints via configuration | [com.netflix.discovery.shared.resolver.aws.ConfigClusterResolver:43]
2019-12-31 10:25:10.257| AsyncResolver-bootstrap-executor-0 | INFO |  -  | Resolving eureka endpoints via configuration | [com.netflix.discovery.shared.resolver.aws.ConfigClusterResolver:43]
2019-12-31 10:30:10.273| AsyncResolver-bootstrap-executor-0 | INFO |  -  | Resolving eureka endpoints via configuration | [com.netflix.discovery.shared.resolver.aws.ConfigClusterResolver:43]
2019-12-31 10:35:10.289| AsyncResolver-bootstrap-executor-0 | INFO |  -  | Resolving eureka endpoints via configuration | [com.netflix.discovery.shared.resolver.aws.ConfigClusterResolver:43]
2019-12-31 10:40:10.303| AsyncResolver-bootstrap-executor-0 | INFO |  -  | Resolving eureka endpoints via configuration | [com.netflix.discovery.shared.resolver.aws.ConfigClusterResolver:43]
2019-12-31 10:45:10.317| AsyncResolver-bootstrap-executor-0 | INFO |  -  | Resolving eureka endpoints via configuration | [com.netflix.discovery.shared.resolver.aws.ConfigClusterResolver:43]
2019-12-31 10:50:10.336| AsyncResolver-bootstrap-executor-0 | INFO |  -  | Resolving eureka endpoints via configuration | [com.netflix.discovery.shared.resolver.aws.ConfigClusterResolver:43]
2019-12-31 10:55:10.345| AsyncResolver-bootstrap-executor-0 | INFO |  -  | Resolving eureka endpoints via configuration | [com.netflix.discovery.shared.resolver.aws.ConfigClusterResolver:43]
2019-12-31 11:00:10.359| AsyncResolver-bootstrap-executor-0 | INFO |  -  | Resolving eureka endpoints via configuration | [com.netflix.discovery.shared.resolver.aws.ConfigClusterResolver:43]
2019-12-31 11:05:10.375| AsyncResolver-bootstrap-executor-0 | INFO |  -  | Resolving eureka endpoints via configuration | [com.netflix.discovery.shared.resolver.aws.ConfigClusterResolver:43]
2019-12-31 11:10:10.381| AsyncResolver-bootstrap-executor-0 | INFO |  -  | Resolving eureka endpoints via configuration | [com.netflix.discovery.shared.resolver.aws.ConfigClusterResolver:43]
2019-12-31 11:15:10.391| AsyncResolver-bootstrap-executor-0 | INFO |  -  | Resolving eureka endpoints via configuration | [com.netflix.discovery.shared.resolver.aws.ConfigClusterResolver:43]
2019-12-31 11:20:10.402| AsyncResolver-bootstrap-executor-0 | INFO |  -  | Resolving eureka endpoints via configuration | [com.netflix.discovery.shared.resolver.aws.ConfigClusterResolver:43]
2019-12-31 11:25:10.415| AsyncResolver-bootstrap-executor-0 | INFO |  -  | Resolving eureka endpoints via configuration | [com.netflix.discovery.shared.resolver.aws.ConfigClusterResolver:43]
2019-12-31 11:30:10.428| AsyncResolver-bootstrap-executor-0 | INFO |  -  | Resolving eureka endpoints via configuration | [com.netflix.discovery.shared.resolver.aws.ConfigClusterResolver:43]
2019-12-31 11:35:10.439| AsyncResolver-bootstrap-executor-0 | INFO |  -  | Resolving eureka endpoints via configuration | [com.netflix.discovery.shared.resolver.aws.ConfigClusterResolver:43]
2019-12-31 11:40:10.446| AsyncResolver-bootstrap-executor-0 | INFO |  -  | Resolving eureka endpoints via configuration | [com.netflix.discovery.shared.resolver.aws.ConfigClusterResolver:43]
2019-12-31 11:45:10.455| AsyncResolver-bootstrap-executor-0 | INFO |  -  | Resolving eureka endpoints via configuration | [com.netflix.discovery.shared.resolver.aws.ConfigClusterResolver:43]
2019-12-31 11:46:10.274| Thread-68 | INFO |  -  | Shutting down the Executor Pool for PollingServerListUpdater | [com.netflix.loadbalancer.PollingServerListUpdater$LazyHolder$2:53]
2019-12-31 11:46:10.358| Thread-56 | INFO |  -  | Unregistering application CLOUD-BASIC with eureka with status DOWN | [org.springframework.cloud.netflix.eureka.serviceregistry.EurekaServiceRegistry:65]
2019-12-31 11:46:10.369| Thread-56 | WARN |  -  | Saw local status change event StatusChangeEvent [timestamp=1577763970366, current=DOWN, previous=UP] | [com.netflix.discovery.DiscoveryClient$3:1321]
2019-12-31 11:46:10.381| DiscoveryClient-InstanceInfoReplicator-0 | INFO |  -  | DiscoveryClient_CLOUD-BASIC/192.168.10.93:cloud-basic:8111: registering service... | [com.netflix.discovery.DiscoveryClient:844]
2019-12-31 11:46:10.421| DiscoveryClient-InstanceInfoReplicator-0 | INFO |  -  | DiscoveryClient_CLOUD-BASIC/192.168.10.93:cloud-basic:8111 - registration status: 204 | [com.netflix.discovery.DiscoveryClient:853]
2019-12-31 11:46:10.894| Thread-56 | INFO |  -  | Shutting down ExecutorService 'applicationTaskExecutor' | [org.springframework.scheduling.concurrent.ExecutorConfigurationSupport:208]
2019-12-31 11:46:11.069| Thread-56 | INFO |  -  | Closing JPA EntityManagerFactory for persistence unit 'slavePersistenceUnit' | [org.springframework.orm.jpa.AbstractEntityManagerFactoryBean:597]
2019-12-31 11:46:11.117| Thread-56 | INFO |  -  | Closing JPA EntityManagerFactory for persistence unit 'masterPersistenceUnit' | [org.springframework.orm.jpa.AbstractEntityManagerFactoryBean:597]
2019-12-31 11:46:11.129| Thread-56 | INFO |  -  | {dataSource-2} closing ... | [com.alibaba.druid.pool.DruidDataSource:1885]
2019-12-31 11:46:11.254| Thread-56 | INFO |  -  | {dataSource-2} closed | [com.alibaba.druid.pool.DruidDataSource:1955]
2019-12-31 11:46:11.255| Thread-56 | INFO |  -  | {dataSource-1} closing ... | [com.alibaba.druid.pool.DruidDataSource:1885]
2019-12-31 11:46:11.356| Thread-56 | INFO |  -  | {dataSource-1} closed | [com.alibaba.druid.pool.DruidDataSource:1955]
2019-12-31 11:46:11.791| Thread-56 | INFO |  -  | Shutdown hook removed for: NFLoadBalancer-PingTimer-localhost | [com.netflix.util.concurrent.ShutdownEnabledTimer:67]
2019-12-31 11:46:11.793| Thread-56 | INFO |  -  | Exception caught (might be ok if at shutdown) | [com.netflix.util.concurrent.ShutdownEnabledTimer:72]
java.lang.IllegalStateException: Shutdown in progress
	at java.lang.ApplicationShutdownHooks.remove(ApplicationShutdownHooks.java:82)
	at java.lang.Runtime.removeShutdownHook(Runtime.java:239)
	at com.netflix.util.concurrent.ShutdownEnabledTimer.cancel(ShutdownEnabledTimer.java:70)
	at com.netflix.loadbalancer.BaseLoadBalancer.cancelPingTask(BaseLoadBalancer.java:632)
	at com.netflix.loadbalancer.BaseLoadBalancer.shutdown(BaseLoadBalancer.java:883)
	at com.netflix.loadbalancer.DynamicServerListLoadBalancer.shutdown(DynamicServerListLoadBalancer.java:285)
	at sun.reflect.NativeMethodAccessorImpl.invoke0(Native Method)
	at sun.reflect.NativeMethodAccessorImpl.invoke(NativeMethodAccessorImpl.java:62)
	at sun.reflect.DelegatingMethodAccessorImpl.invoke(DelegatingMethodAccessorImpl.java:43)
	at java.lang.reflect.Method.invoke(Method.java:498)
	at org.springframework.beans.factory.support.DisposableBeanAdapter.invokeCustomDestroyMethod(DisposableBeanAdapter.java:339)
	at org.springframework.beans.factory.support.DisposableBeanAdapter.destroy(DisposableBeanAdapter.java:273)
	at org.springframework.beans.factory.support.DefaultSingletonBeanRegistry.destroyBean(DefaultSingletonBeanRegistry.java:571)
	at org.springframework.beans.factory.support.DefaultSingletonBeanRegistry.destroySingleton(DefaultSingletonBeanRegistry.java:543)
	at org.springframework.beans.factory.support.DefaultListableBeanFactory.destroySingleton(DefaultListableBeanFactory.java:1036)
	at org.springframework.beans.factory.support.DefaultSingletonBeanRegistry.destroySingletons(DefaultSingletonBeanRegistry.java:504)
	at org.springframework.beans.factory.support.DefaultListableBeanFactory.destroySingletons(DefaultListableBeanFactory.java:1029)
	at org.springframework.context.support.AbstractApplicationContext.destroyBeans(AbstractApplicationContext.java:1057)
	at org.springframework.context.support.AbstractApplicationContext.doClose(AbstractApplicationContext.java:1026)
	at org.springframework.context.support.AbstractApplicationContext.close(AbstractApplicationContext.java:975)
	at org.springframework.cloud.context.named.NamedContextFactory.destroy(NamedContextFactory.java:92)
	at org.springframework.beans.factory.support.DisposableBeanAdapter.destroy(DisposableBeanAdapter.java:258)
	at org.springframework.beans.factory.support.DefaultSingletonBeanRegistry.destroyBean(DefaultSingletonBeanRegistry.java:571)
	at org.springframework.beans.factory.support.DefaultSingletonBeanRegistry.destroySingleton(DefaultSingletonBeanRegistry.java:543)
	at org.springframework.beans.factory.support.DefaultListableBeanFactory.destroySingleton(DefaultListableBeanFactory.java:1036)
	at org.springframework.beans.factory.support.DefaultSingletonBeanRegistry.destroySingletons(DefaultSingletonBeanRegistry.java:504)
	at org.springframework.beans.factory.support.DefaultListableBeanFactory.destroySingletons(DefaultListableBeanFactory.java:1029)
	at org.springframework.context.support.AbstractApplicationContext.destroyBeans(AbstractApplicationContext.java:1057)
	at org.springframework.context.support.AbstractApplicationContext.doClose(AbstractApplicationContext.java:1026)
	at org.springframework.context.support.AbstractApplicationContext$1.run(AbstractApplicationContext.java:945)
2019-12-31 11:46:11.868| Thread-56 | INFO |  -  | Shutting down DiscoveryClient ... | [com.netflix.discovery.DiscoveryClient:906]
2019-12-31 11:46:13.507| DiscoveryClient-HeartbeatExecutor-0 | ERROR |  -  | Request execution error. endpoint=DefaultEndpoint{ serviceUrl='http://root:root@eureka-host:1111/eureka/} | [com.netflix.discovery.shared.transport.decorator.RedirectingEurekaHttpClient:91]
com.sun.jersey.api.client.ClientHandlerException: java.net.ConnectException: Connection refused (Connection refused)
	at com.sun.jersey.client.apache4.ApacheHttpClient4Handler.handle(ApacheHttpClient4Handler.java:187)
	at com.sun.jersey.api.client.filter.GZIPContentEncodingFilter.handle(GZIPContentEncodingFilter.java:123)
	at com.netflix.discovery.EurekaIdentityHeaderFilter.handle(EurekaIdentityHeaderFilter.java:27)
	at com.sun.jersey.api.client.Client.handle(Client.java:652)
	at com.sun.jersey.api.client.WebResource.handle(WebResource.java:682)
	at com.sun.jersey.api.client.WebResource.access$200(WebResource.java:74)
	at com.sun.jersey.api.client.WebResource$Builder.put(WebResource.java:529)
	at com.netflix.discovery.shared.transport.jersey.AbstractJerseyEurekaHttpClient.sendHeartBeat(AbstractJerseyEurekaHttpClient.java:102)
	at com.netflix.discovery.shared.transport.decorator.EurekaHttpClientDecorator$3.execute(EurekaHttpClientDecorator.java:92)
	at com.netflix.discovery.shared.transport.decorator.MetricsCollectingEurekaHttpClient.execute(MetricsCollectingEurekaHttpClient.java:73)
	at com.netflix.discovery.shared.transport.decorator.EurekaHttpClientDecorator.sendHeartBeat(EurekaHttpClientDecorator.java:89)
	at com.netflix.discovery.shared.transport.decorator.EurekaHttpClientDecorator$3.execute(EurekaHttpClientDecorator.java:92)
	at com.netflix.discovery.shared.transport.decorator.RedirectingEurekaHttpClient.execute(RedirectingEurekaHttpClient.java:89)
	at com.netflix.discovery.shared.transport.decorator.EurekaHttpClientDecorator.sendHeartBeat(EurekaHttpClientDecorator.java:89)
	at com.netflix.discovery.shared.transport.decorator.EurekaHttpClientDecorator$3.execute(EurekaHttpClientDecorator.java:92)
	at com.netflix.discovery.shared.transport.decorator.RetryableEurekaHttpClient.execute(RetryableEurekaHttpClient.java:120)
	at com.netflix.discovery.shared.transport.decorator.EurekaHttpClientDecorator.sendHeartBeat(EurekaHttpClientDecorator.java:89)
	at com.netflix.discovery.shared.transport.decorator.EurekaHttpClientDecorator$3.execute(EurekaHttpClientDecorator.java:92)
	at com.netflix.discovery.shared.transport.decorator.SessionedEurekaHttpClient.execute(SessionedEurekaHttpClient.java:77)
	at com.netflix.discovery.shared.transport.decorator.EurekaHttpClientDecorator.sendHeartBeat(EurekaHttpClientDecorator.java:89)
	at com.netflix.discovery.DiscoveryClient.renew(DiscoveryClient.java:864)
	at com.netflix.discovery.DiscoveryClient$HeartbeatThread.run(DiscoveryClient.java:1423)
	at java.util.concurrent.Executors$RunnableAdapter.call(Executors.java:511)
	at java.util.concurrent.FutureTask.run$$$capture(FutureTask.java:266)
	at java.util.concurrent.FutureTask.run(FutureTask.java)
	at java.util.concurrent.ThreadPoolExecutor.runWorker(ThreadPoolExecutor.java:1142)
	at java.util.concurrent.ThreadPoolExecutor$Worker.run(ThreadPoolExecutor.java:617)
	at java.lang.Thread.run(Thread.java:748)
Caused by: java.net.ConnectException: Connection refused (Connection refused)
	at java.net.PlainSocketImpl.socketConnect(Native Method)
	at java.net.AbstractPlainSocketImpl.doConnect(AbstractPlainSocketImpl.java:350)
	at java.net.AbstractPlainSocketImpl.connectToAddress(AbstractPlainSocketImpl.java:206)
	at java.net.AbstractPlainSocketImpl.connect(AbstractPlainSocketImpl.java:188)
	at java.net.SocksSocketImpl.connect(SocksSocketImpl.java:392)
	at java.net.Socket.connect(Socket.java:589)
	at org.apache.http.conn.scheme.PlainSocketFactory.connectSocket(PlainSocketFactory.java:121)
	at org.apache.http.impl.conn.DefaultClientConnectionOperator.openConnection(DefaultClientConnectionOperator.java:180)
	at org.apache.http.impl.conn.AbstractPoolEntry.open(AbstractPoolEntry.java:144)
	at org.apache.http.impl.conn.AbstractPooledConnAdapter.open(AbstractPooledConnAdapter.java:134)
	at org.apache.http.impl.client.DefaultRequestDirector.tryConnect(DefaultRequestDirector.java:605)
	at org.apache.http.impl.client.DefaultRequestDirector.execute(DefaultRequestDirector.java:440)
	at org.apache.http.impl.client.AbstractHttpClient.doExecute(AbstractHttpClient.java:835)
	at org.apache.http.impl.client.CloseableHttpClient.execute(CloseableHttpClient.java:118)
	at org.apache.http.impl.client.CloseableHttpClient.execute(CloseableHttpClient.java:56)
	at com.sun.jersey.client.apache4.ApacheHttpClient4Handler.handle(ApacheHttpClient4Handler.java:173)
	... 27 common frames omitted
2019-12-31 11:46:13.516| DiscoveryClient-HeartbeatExecutor-0 | WARN |  -  | Request execution failed with message: java.net.ConnectException: Connection refused (Connection refused) | [com.netflix.discovery.shared.transport.decorator.RetryableEurekaHttpClient:130]
2019-12-31 11:46:13.516| DiscoveryClient-CacheRefreshExecutor-0 | ERROR |  -  | Request execution error. endpoint=DefaultEndpoint{ serviceUrl='http://root:root@eureka-host:1111/eureka/} | [com.netflix.discovery.shared.transport.decorator.RedirectingEurekaHttpClient:91]
com.sun.jersey.api.client.ClientHandlerException: java.net.ConnectException: Connection refused (Connection refused)
	at com.sun.jersey.client.apache4.ApacheHttpClient4Handler.handle(ApacheHttpClient4Handler.java:187)
	at com.sun.jersey.api.client.filter.GZIPContentEncodingFilter.handle(GZIPContentEncodingFilter.java:123)
	at com.netflix.discovery.EurekaIdentityHeaderFilter.handle(EurekaIdentityHeaderFilter.java:27)
	at com.sun.jersey.api.client.Client.handle(Client.java:652)
	at com.sun.jersey.api.client.WebResource.handle(WebResource.java:682)
	at com.sun.jersey.api.client.WebResource.access$200(WebResource.java:74)
	at com.sun.jersey.api.client.WebResource$Builder.get(WebResource.java:509)
	at com.netflix.discovery.shared.transport.jersey.AbstractJerseyEurekaHttpClient.getApplicationsInternal(AbstractJerseyEurekaHttpClient.java:194)
	at com.netflix.discovery.shared.transport.jersey.AbstractJerseyEurekaHttpClient.getDelta(AbstractJerseyEurekaHttpClient.java:170)
	at com.netflix.discovery.shared.transport.decorator.EurekaHttpClientDecorator$7.execute(EurekaHttpClientDecorator.java:152)
	at com.netflix.discovery.shared.transport.decorator.MetricsCollectingEurekaHttpClient.execute(MetricsCollectingEurekaHttpClient.java:73)
	at com.netflix.discovery.shared.transport.decorator.EurekaHttpClientDecorator.getDelta(EurekaHttpClientDecorator.java:149)
	at com.netflix.discovery.shared.transport.decorator.EurekaHttpClientDecorator$7.execute(EurekaHttpClientDecorator.java:152)
	at com.netflix.discovery.shared.transport.decorator.RedirectingEurekaHttpClient.execute(RedirectingEurekaHttpClient.java:89)
	at com.netflix.discovery.shared.transport.decorator.EurekaHttpClientDecorator.getDelta(EurekaHttpClientDecorator.java:149)
	at com.netflix.discovery.shared.transport.decorator.EurekaHttpClientDecorator$7.execute(EurekaHttpClientDecorator.java:152)
	at com.netflix.discovery.shared.transport.decorator.RetryableEurekaHttpClient.execute(RetryableEurekaHttpClient.java:120)
	at com.netflix.discovery.shared.transport.decorator.EurekaHttpClientDecorator.getDelta(EurekaHttpClientDecorator.java:149)
	at com.netflix.discovery.shared.transport.decorator.EurekaHttpClientDecorator$7.execute(EurekaHttpClientDecorator.java:152)
	at com.netflix.discovery.shared.transport.decorator.SessionedEurekaHttpClient.execute(SessionedEurekaHttpClient.java:77)
	at com.netflix.discovery.shared.transport.decorator.EurekaHttpClientDecorator.getDelta(EurekaHttpClientDecorator.java:149)
	at com.netflix.discovery.DiscoveryClient.getAndUpdateDelta(DiscoveryClient.java:1103)
	at com.netflix.discovery.DiscoveryClient.fetchRegistry(DiscoveryClient.java:985)
	at com.netflix.discovery.DiscoveryClient.refreshRegistry(DiscoveryClient.java:1497)
	at com.netflix.discovery.DiscoveryClient$CacheRefreshThread.run(DiscoveryClient.java:1464)
	at java.util.concurrent.Executors$RunnableAdapter.call(Executors.java:511)
	at java.util.concurrent.FutureTask.run$$$capture(FutureTask.java:266)
	at java.util.concurrent.FutureTask.run(FutureTask.java)
	at java.util.concurrent.ThreadPoolExecutor.runWorker(ThreadPoolExecutor.java:1142)
	at java.util.concurrent.ThreadPoolExecutor$Worker.run(ThreadPoolExecutor.java:617)
	at java.lang.Thread.run(Thread.java:748)
Caused by: java.net.ConnectException: Connection refused (Connection refused)
	at java.net.PlainSocketImpl.socketConnect(Native Method)
	at java.net.AbstractPlainSocketImpl.doConnect(AbstractPlainSocketImpl.java:350)
	at java.net.AbstractPlainSocketImpl.connectToAddress(AbstractPlainSocketImpl.java:206)
	at java.net.AbstractPlainSocketImpl.connect(AbstractPlainSocketImpl.java:188)
	at java.net.SocksSocketImpl.connect(SocksSocketImpl.java:392)
	at java.net.Socket.connect(Socket.java:589)
	at org.apache.http.conn.scheme.PlainSocketFactory.connectSocket(PlainSocketFactory.java:121)
	at org.apache.http.impl.conn.DefaultClientConnectionOperator.openConnection(DefaultClientConnectionOperator.java:180)
	at org.apache.http.impl.conn.AbstractPoolEntry.open(AbstractPoolEntry.java:144)
	at org.apache.http.impl.conn.AbstractPooledConnAdapter.open(AbstractPooledConnAdapter.java:134)
	at org.apache.http.impl.client.DefaultRequestDirector.tryConnect(DefaultRequestDirector.java:605)
	at org.apache.http.impl.client.DefaultRequestDirector.execute(DefaultRequestDirector.java:440)
	at org.apache.http.impl.client.AbstractHttpClient.doExecute(AbstractHttpClient.java:835)
	at org.apache.http.impl.client.CloseableHttpClient.execute(CloseableHttpClient.java:118)
	at org.apache.http.impl.client.CloseableHttpClient.execute(CloseableHttpClient.java:56)
	at com.sun.jersey.client.apache4.ApacheHttpClient4Handler.handle(ApacheHttpClient4Handler.java:173)
	... 30 common frames omitted
2019-12-31 11:46:13.518| DiscoveryClient-CacheRefreshExecutor-0 | WARN |  -  | Request execution failed with message: java.net.ConnectException: Connection refused (Connection refused) | [com.netflix.discovery.shared.transport.decorator.RetryableEurekaHttpClient:130]
2019-12-31 11:46:13.518| DiscoveryClient-HeartbeatExecutor-0 | ERROR |  -  | Request execution error. endpoint=DefaultEndpoint{ serviceUrl='http://root:root@eureka-host:1111/eureka/} | [com.netflix.discovery.shared.transport.decorator.RedirectingEurekaHttpClient:83]
com.sun.jersey.api.client.ClientHandlerException: java.net.ConnectException: Connection refused (Connection refused)
	at com.sun.jersey.client.apache4.ApacheHttpClient4Handler.handle(ApacheHttpClient4Handler.java:187)
	at com.sun.jersey.api.client.filter.GZIPContentEncodingFilter.handle(GZIPContentEncodingFilter.java:123)
	at com.netflix.discovery.EurekaIdentityHeaderFilter.handle(EurekaIdentityHeaderFilter.java:27)
	at com.sun.jersey.api.client.Client.handle(Client.java:652)
	at com.sun.jersey.api.client.WebResource.handle(WebResource.java:682)
	at com.sun.jersey.api.client.WebResource.access$200(WebResource.java:74)
	at com.sun.jersey.api.client.WebResource$Builder.put(WebResource.java:529)
	at com.netflix.discovery.shared.transport.jersey.AbstractJerseyEurekaHttpClient.sendHeartBeat(AbstractJerseyEurekaHttpClient.java:102)
	at com.netflix.discovery.shared.transport.decorator.EurekaHttpClientDecorator$3.execute(EurekaHttpClientDecorator.java:92)
	at com.netflix.discovery.shared.transport.decorator.MetricsCollectingEurekaHttpClient.execute(MetricsCollectingEurekaHttpClient.java:73)
	at com.netflix.discovery.shared.transport.decorator.EurekaHttpClientDecorator.sendHeartBeat(EurekaHttpClientDecorator.java:89)
	at com.netflix.discovery.shared.transport.decorator.EurekaHttpClientDecorator$3.execute(EurekaHttpClientDecorator.java:92)
	at com.netflix.discovery.shared.transport.decorator.RedirectingEurekaHttpClient.executeOnNewServer(RedirectingEurekaHttpClient.java:118)
	at com.netflix.discovery.shared.transport.decorator.RedirectingEurekaHttpClient.execute(RedirectingEurekaHttpClient.java:79)
	at com.netflix.discovery.shared.transport.decorator.EurekaHttpClientDecorator.sendHeartBeat(EurekaHttpClientDecorator.java:89)
	at com.netflix.discovery.shared.transport.decorator.EurekaHttpClientDecorator$3.execute(EurekaHttpClientDecorator.java:92)
	at com.netflix.discovery.shared.transport.decorator.RetryableEurekaHttpClient.execute(RetryableEurekaHttpClient.java:120)
	at com.netflix.discovery.shared.transport.decorator.EurekaHttpClientDecorator.sendHeartBeat(EurekaHttpClientDecorator.java:89)
	at com.netflix.discovery.shared.transport.decorator.EurekaHttpClientDecorator$3.execute(EurekaHttpClientDecorator.java:92)
	at com.netflix.discovery.shared.transport.decorator.SessionedEurekaHttpClient.execute(SessionedEurekaHttpClient.java:77)
	at com.netflix.discovery.shared.transport.decorator.EurekaHttpClientDecorator.sendHeartBeat(EurekaHttpClientDecorator.java:89)
	at com.netflix.discovery.DiscoveryClient.renew(DiscoveryClient.java:864)
	at com.netflix.discovery.DiscoveryClient$HeartbeatThread.run(DiscoveryClient.java:1423)
	at java.util.concurrent.Executors$RunnableAdapter.call(Executors.java:511)
	at java.util.concurrent.FutureTask.run$$$capture(FutureTask.java:266)
	at java.util.concurrent.FutureTask.run(FutureTask.java)
	at java.util.concurrent.ThreadPoolExecutor.runWorker(ThreadPoolExecutor.java:1142)
	at java.util.concurrent.ThreadPoolExecutor$Worker.run(ThreadPoolExecutor.java:617)
	at java.lang.Thread.run(Thread.java:748)
Caused by: java.net.ConnectException: Connection refused (Connection refused)
	at java.net.PlainSocketImpl.socketConnect(Native Method)
	at java.net.AbstractPlainSocketImpl.doConnect(AbstractPlainSocketImpl.java:350)
	at java.net.AbstractPlainSocketImpl.connectToAddress(AbstractPlainSocketImpl.java:206)
	at java.net.AbstractPlainSocketImpl.connect(AbstractPlainSocketImpl.java:188)
	at java.net.SocksSocketImpl.connect(SocksSocketImpl.java:392)
	at java.net.Socket.connect(Socket.java:589)
	at org.apache.http.conn.scheme.PlainSocketFactory.connectSocket(PlainSocketFactory.java:121)
	at org.apache.http.impl.conn.DefaultClientConnectionOperator.openConnection(DefaultClientConnectionOperator.java:180)
	at org.apache.http.impl.conn.AbstractPoolEntry.open(AbstractPoolEntry.java:144)
	at org.apache.http.impl.conn.AbstractPooledConnAdapter.open(AbstractPooledConnAdapter.java:134)
	at org.apache.http.impl.client.DefaultRequestDirector.tryConnect(DefaultRequestDirector.java:605)
	at org.apache.http.impl.client.DefaultRequestDirector.execute(DefaultRequestDirector.java:440)
	at org.apache.http.impl.client.AbstractHttpClient.doExecute(AbstractHttpClient.java:835)
	at org.apache.http.impl.client.CloseableHttpClient.execute(CloseableHttpClient.java:118)
	at org.apache.http.impl.client.CloseableHttpClient.execute(CloseableHttpClient.java:56)
	at com.sun.jersey.client.apache4.ApacheHttpClient4Handler.handle(ApacheHttpClient4Handler.java:173)
	... 28 common frames omitted
2019-12-31 11:46:13.520| DiscoveryClient-CacheRefreshExecutor-0 | ERROR |  -  | Request execution error. endpoint=DefaultEndpoint{ serviceUrl='http://root:root@eureka-host:1111/eureka/} | [com.netflix.discovery.shared.transport.decorator.RedirectingEurekaHttpClient:83]
com.sun.jersey.api.client.ClientHandlerException: java.net.ConnectException: Connection refused (Connection refused)
	at com.sun.jersey.client.apache4.ApacheHttpClient4Handler.handle(ApacheHttpClient4Handler.java:187)
	at com.sun.jersey.api.client.filter.GZIPContentEncodingFilter.handle(GZIPContentEncodingFilter.java:123)
	at com.netflix.discovery.EurekaIdentityHeaderFilter.handle(EurekaIdentityHeaderFilter.java:27)
	at com.sun.jersey.api.client.Client.handle(Client.java:652)
	at com.sun.jersey.api.client.WebResource.handle(WebResource.java:682)
	at com.sun.jersey.api.client.WebResource.access$200(WebResource.java:74)
	at com.sun.jersey.api.client.WebResource$Builder.get(WebResource.java:509)
	at com.netflix.discovery.shared.transport.jersey.AbstractJerseyEurekaHttpClient.getApplicationsInternal(AbstractJerseyEurekaHttpClient.java:194)
	at com.netflix.discovery.shared.transport.jersey.AbstractJerseyEurekaHttpClient.getDelta(AbstractJerseyEurekaHttpClient.java:170)
	at com.netflix.discovery.shared.transport.decorator.EurekaHttpClientDecorator$7.execute(EurekaHttpClientDecorator.java:152)
	at com.netflix.discovery.shared.transport.decorator.MetricsCollectingEurekaHttpClient.execute(MetricsCollectingEurekaHttpClient.java:73)
	at com.netflix.discovery.shared.transport.decorator.EurekaHttpClientDecorator.getDelta(EurekaHttpClientDecorator.java:149)
	at com.netflix.discovery.shared.transport.decorator.EurekaHttpClientDecorator$7.execute(EurekaHttpClientDecorator.java:152)
	at com.netflix.discovery.shared.transport.decorator.RedirectingEurekaHttpClient.executeOnNewServer(RedirectingEurekaHttpClient.java:118)
	at com.netflix.discovery.shared.transport.decorator.RedirectingEurekaHttpClient.execute(RedirectingEurekaHttpClient.java:79)
	at com.netflix.discovery.shared.transport.decorator.EurekaHttpClientDecorator.getDelta(EurekaHttpClientDecorator.java:149)
	at com.netflix.discovery.shared.transport.decorator.EurekaHttpClientDecorator$7.execute(EurekaHttpClientDecorator.java:152)
	at com.netflix.discovery.shared.transport.decorator.RetryableEurekaHttpClient.execute(RetryableEurekaHttpClient.java:120)
	at com.netflix.discovery.shared.transport.decorator.EurekaHttpClientDecorator.getDelta(EurekaHttpClientDecorator.java:149)
	at com.netflix.discovery.shared.transport.decorator.EurekaHttpClientDecorator$7.execute(EurekaHttpClientDecorator.java:152)
	at com.netflix.discovery.shared.transport.decorator.SessionedEurekaHttpClient.execute(SessionedEurekaHttpClient.java:77)
	at com.netflix.discovery.shared.transport.decorator.EurekaHttpClientDecorator.getDelta(EurekaHttpClientDecorator.java:149)
	at com.netflix.discovery.DiscoveryClient.getAndUpdateDelta(DiscoveryClient.java:1103)
	at com.netflix.discovery.DiscoveryClient.fetchRegistry(DiscoveryClient.java:985)
	at com.netflix.discovery.DiscoveryClient.refreshRegistry(DiscoveryClient.java:1497)
	at com.netflix.discovery.DiscoveryClient$CacheRefreshThread.run(DiscoveryClient.java:1464)
	at java.util.concurrent.Executors$RunnableAdapter.call(Executors.java:511)
	at java.util.concurrent.FutureTask.run$$$capture(FutureTask.java:266)
	at java.util.concurrent.FutureTask.run(FutureTask.java)
	at java.util.concurrent.ThreadPoolExecutor.runWorker(ThreadPoolExecutor.java:1142)
	at java.util.concurrent.ThreadPoolExecutor$Worker.run(ThreadPoolExecutor.java:617)
	at java.lang.Thread.run(Thread.java:748)
Caused by: java.net.ConnectException: Connection refused (Connection refused)
	at java.net.PlainSocketImpl.socketConnect(Native Method)
	at java.net.AbstractPlainSocketImpl.doConnect(AbstractPlainSocketImpl.java:350)
	at java.net.AbstractPlainSocketImpl.connectToAddress(AbstractPlainSocketImpl.java:206)
	at java.net.AbstractPlainSocketImpl.connect(AbstractPlainSocketImpl.java:188)
	at java.net.SocksSocketImpl.connect(SocksSocketImpl.java:392)
	at java.net.Socket.connect(Socket.java:589)
	at org.apache.http.conn.scheme.PlainSocketFactory.connectSocket(PlainSocketFactory.java:121)
	at org.apache.http.impl.conn.DefaultClientConnectionOperator.openConnection(DefaultClientConnectionOperator.java:180)
	at org.apache.http.impl.conn.AbstractPoolEntry.open(AbstractPoolEntry.java:144)
	at org.apache.http.impl.conn.AbstractPooledConnAdapter.open(AbstractPooledConnAdapter.java:134)
	at org.apache.http.impl.client.DefaultRequestDirector.tryConnect(DefaultRequestDirector.java:605)
	at org.apache.http.impl.client.DefaultRequestDirector.execute(DefaultRequestDirector.java:440)
	at org.apache.http.impl.client.AbstractHttpClient.doExecute(AbstractHttpClient.java:835)
	at org.apache.http.impl.client.CloseableHttpClient.execute(CloseableHttpClient.java:118)
	at org.apache.http.impl.client.CloseableHttpClient.execute(CloseableHttpClient.java:56)
	at com.sun.jersey.client.apache4.ApacheHttpClient4Handler.handle(ApacheHttpClient4Handler.java:173)
	... 31 common frames omitted
2019-12-31 11:46:13.520| DiscoveryClient-HeartbeatExecutor-0 | WARN |  -  | Request execution failed with message: java.net.ConnectException: Connection refused (Connection refused) | [com.netflix.discovery.shared.transport.decorator.RetryableEurekaHttpClient:130]
2019-12-31 11:46:13.525| DiscoveryClient-CacheRefreshExecutor-0 | WARN |  -  | Request execution failed with message: java.net.ConnectException: Connection refused (Connection refused) | [com.netflix.discovery.shared.transport.decorator.RetryableEurekaHttpClient:130]
2019-12-31 11:46:13.528| DiscoveryClient-CacheRefreshExecutor-0 | ERROR |  -  | DiscoveryClient_CLOUD-BASIC/192.168.10.93:cloud-basic:8111 - was unable to refresh its cache! status = Cannot execute request on any known server | [com.netflix.discovery.DiscoveryClient:990]
com.netflix.discovery.shared.transport.TransportException: Cannot execute request on any known server
	at com.netflix.discovery.shared.transport.decorator.RetryableEurekaHttpClient.execute(RetryableEurekaHttpClient.java:112)
	at com.netflix.discovery.shared.transport.decorator.EurekaHttpClientDecorator.getDelta(EurekaHttpClientDecorator.java:149)
	at com.netflix.discovery.shared.transport.decorator.EurekaHttpClientDecorator$7.execute(EurekaHttpClientDecorator.java:152)
	at com.netflix.discovery.shared.transport.decorator.SessionedEurekaHttpClient.execute(SessionedEurekaHttpClient.java:77)
	at com.netflix.discovery.shared.transport.decorator.EurekaHttpClientDecorator.getDelta(EurekaHttpClientDecorator.java:149)
	at com.netflix.discovery.DiscoveryClient.getAndUpdateDelta(DiscoveryClient.java:1103)
	at com.netflix.discovery.DiscoveryClient.fetchRegistry(DiscoveryClient.java:985)
	at com.netflix.discovery.DiscoveryClient.refreshRegistry(DiscoveryClient.java:1497)
	at com.netflix.discovery.DiscoveryClient$CacheRefreshThread.run(DiscoveryClient.java:1464)
	at java.util.concurrent.Executors$RunnableAdapter.call(Executors.java:511)
	at java.util.concurrent.FutureTask.run$$$capture(FutureTask.java:266)
	at java.util.concurrent.FutureTask.run(FutureTask.java)
	at java.util.concurrent.ThreadPoolExecutor.runWorker(ThreadPoolExecutor.java:1142)
	at java.util.concurrent.ThreadPoolExecutor$Worker.run(ThreadPoolExecutor.java:617)
	at java.lang.Thread.run(Thread.java:748)
2019-12-31 11:46:13.528| DiscoveryClient-HeartbeatExecutor-0 | ERROR |  -  | DiscoveryClient_CLOUD-BASIC/192.168.10.93:cloud-basic:8111 - was unable to send heartbeat! | [com.netflix.discovery.DiscoveryClient:878]
com.netflix.discovery.shared.transport.TransportException: Cannot execute request on any known server
	at com.netflix.discovery.shared.transport.decorator.RetryableEurekaHttpClient.execute(RetryableEurekaHttpClient.java:112)
	at com.netflix.discovery.shared.transport.decorator.EurekaHttpClientDecorator.sendHeartBeat(EurekaHttpClientDecorator.java:89)
	at com.netflix.discovery.shared.transport.decorator.EurekaHttpClientDecorator$3.execute(EurekaHttpClientDecorator.java:92)
	at com.netflix.discovery.shared.transport.decorator.SessionedEurekaHttpClient.execute(SessionedEurekaHttpClient.java:77)
	at com.netflix.discovery.shared.transport.decorator.EurekaHttpClientDecorator.sendHeartBeat(EurekaHttpClientDecorator.java:89)
	at com.netflix.discovery.DiscoveryClient.renew(DiscoveryClient.java:864)
	at com.netflix.discovery.DiscoveryClient$HeartbeatThread.run(DiscoveryClient.java:1423)
	at java.util.concurrent.Executors$RunnableAdapter.call(Executors.java:511)
	at java.util.concurrent.FutureTask.run$$$capture(FutureTask.java:266)
	at java.util.concurrent.FutureTask.run(FutureTask.java)
	at java.util.concurrent.ThreadPoolExecutor.runWorker(ThreadPoolExecutor.java:1142)
	at java.util.concurrent.ThreadPoolExecutor$Worker.run(ThreadPoolExecutor.java:617)
	at java.lang.Thread.run(Thread.java:748)
2019-12-31 11:46:14.874| Thread-56 | INFO |  -  | Unregistering ... | [com.netflix.discovery.DiscoveryClient:940]
2019-12-31 11:46:14.886| Thread-56 | ERROR |  -  | Request execution error. endpoint=DefaultEndpoint{ serviceUrl='http://root:root@eureka-host:1111/eureka/} | [com.netflix.discovery.shared.transport.decorator.RedirectingEurekaHttpClient:83]
com.sun.jersey.api.client.ClientHandlerException: java.net.ConnectException: Connection refused (Connection refused)
	at com.sun.jersey.client.apache4.ApacheHttpClient4Handler.handle(ApacheHttpClient4Handler.java:187)
	at com.sun.jersey.api.client.filter.GZIPContentEncodingFilter.handle(GZIPContentEncodingFilter.java:123)
	at com.netflix.discovery.EurekaIdentityHeaderFilter.handle(EurekaIdentityHeaderFilter.java:27)
	at com.sun.jersey.api.client.Client.handle(Client.java:652)
	at com.sun.jersey.api.client.WebResource.handle(WebResource.java:682)
	at com.sun.jersey.api.client.WebResource.access$200(WebResource.java:74)
	at com.sun.jersey.api.client.WebResource$Builder.delete(WebResource.java:591)
	at com.netflix.discovery.shared.transport.jersey.AbstractJerseyEurekaHttpClient.cancel(AbstractJerseyEurekaHttpClient.java:76)
	at com.netflix.discovery.shared.transport.decorator.EurekaHttpClientDecorator$2.execute(EurekaHttpClientDecorator.java:74)
	at com.netflix.discovery.shared.transport.decorator.MetricsCollectingEurekaHttpClient.execute(MetricsCollectingEurekaHttpClient.java:73)
	at com.netflix.discovery.shared.transport.decorator.EurekaHttpClientDecorator.cancel(EurekaHttpClientDecorator.java:71)
	at com.netflix.discovery.shared.transport.decorator.EurekaHttpClientDecorator$2.execute(EurekaHttpClientDecorator.java:74)
	at com.netflix.discovery.shared.transport.decorator.RedirectingEurekaHttpClient.executeOnNewServer(RedirectingEurekaHttpClient.java:118)
	at com.netflix.discovery.shared.transport.decorator.RedirectingEurekaHttpClient.execute(RedirectingEurekaHttpClient.java:79)
	at com.netflix.discovery.shared.transport.decorator.EurekaHttpClientDecorator.cancel(EurekaHttpClientDecorator.java:71)
	at com.netflix.discovery.shared.transport.decorator.EurekaHttpClientDecorator$2.execute(EurekaHttpClientDecorator.java:74)
	at com.netflix.discovery.shared.transport.decorator.RetryableEurekaHttpClient.execute(RetryableEurekaHttpClient.java:120)
	at com.netflix.discovery.shared.transport.decorator.EurekaHttpClientDecorator.cancel(EurekaHttpClientDecorator.java:71)
	at com.netflix.discovery.shared.transport.decorator.EurekaHttpClientDecorator$2.execute(EurekaHttpClientDecorator.java:74)
	at com.netflix.discovery.shared.transport.decorator.SessionedEurekaHttpClient.execute(SessionedEurekaHttpClient.java:77)
	at com.netflix.discovery.shared.transport.decorator.EurekaHttpClientDecorator.cancel(EurekaHttpClientDecorator.java:71)
	at com.netflix.discovery.DiscoveryClient.unregister(DiscoveryClient.java:941)
	at com.netflix.discovery.DiscoveryClient.shutdown(DiscoveryClient.java:919)
	at sun.reflect.NativeMethodAccessorImpl.invoke0(Native Method)
	at sun.reflect.NativeMethodAccessorImpl.invoke(NativeMethodAccessorImpl.java:62)
	at sun.reflect.DelegatingMethodAccessorImpl.invoke(DelegatingMethodAccessorImpl.java:43)
	at java.lang.reflect.Method.invoke(Method.java:498)
	at org.springframework.beans.factory.annotation.InitDestroyAnnotationBeanPostProcessor$LifecycleElement.invoke(InitDestroyAnnotationBeanPostProcessor.java:363)
	at org.springframework.beans.factory.annotation.InitDestroyAnnotationBeanPostProcessor$LifecycleMetadata.invokeDestroyMethods(InitDestroyAnnotationBeanPostProcessor.java:321)
	at org.springframework.beans.factory.annotation.InitDestroyAnnotationBeanPostProcessor.postProcessBeforeDestruction(InitDestroyAnnotationBeanPostProcessor.java:156)
	at org.springframework.beans.factory.support.DisposableBeanAdapter.destroy(DisposableBeanAdapter.java:242)
	at org.springframework.beans.factory.support.DisposableBeanAdapter.run(DisposableBeanAdapter.java:235)
	at org.springframework.cloud.context.scope.GenericScope$BeanLifecycleWrapper.destroy(GenericScope.java:403)
	at org.springframework.cloud.context.scope.GenericScope.destroy(GenericScope.java:142)
	at org.springframework.beans.factory.support.DisposableBeanAdapter.destroy(DisposableBeanAdapter.java:258)
	at org.springframework.beans.factory.support.DefaultSingletonBeanRegistry.destroyBean(DefaultSingletonBeanRegistry.java:571)
	at org.springframework.beans.factory.support.DefaultSingletonBeanRegistry.destroySingleton(DefaultSingletonBeanRegistry.java:543)
	at org.springframework.beans.factory.support.DefaultListableBeanFactory.destroySingleton(DefaultListableBeanFactory.java:1036)
	at org.springframework.beans.factory.support.DefaultSingletonBeanRegistry.destroySingletons(DefaultSingletonBeanRegistry.java:504)
	at org.springframework.beans.factory.support.DefaultListableBeanFactory.destroySingletons(DefaultListableBeanFactory.java:1029)
	at org.springframework.context.support.AbstractApplicationContext.destroyBeans(AbstractApplicationContext.java:1057)
	at org.springframework.context.support.AbstractApplicationContext.doClose(AbstractApplicationContext.java:1026)
	at org.springframework.context.support.AbstractApplicationContext$1.run(AbstractApplicationContext.java:945)
Caused by: java.net.ConnectException: Connection refused (Connection refused)
	at java.net.PlainSocketImpl.socketConnect(Native Method)
	at java.net.AbstractPlainSocketImpl.doConnect(AbstractPlainSocketImpl.java:350)
	at java.net.AbstractPlainSocketImpl.connectToAddress(AbstractPlainSocketImpl.java:206)
	at java.net.AbstractPlainSocketImpl.connect(AbstractPlainSocketImpl.java:188)
	at java.net.SocksSocketImpl.connect(SocksSocketImpl.java:392)
	at java.net.Socket.connect(Socket.java:589)
	at org.apache.http.conn.scheme.PlainSocketFactory.connectSocket(PlainSocketFactory.java:121)
	at org.apache.http.impl.conn.DefaultClientConnectionOperator.openConnection(DefaultClientConnectionOperator.java:180)
	at org.apache.http.impl.conn.AbstractPoolEntry.open(AbstractPoolEntry.java:144)
	at org.apache.http.impl.conn.AbstractPooledConnAdapter.open(AbstractPooledConnAdapter.java:134)
	at org.apache.http.impl.client.DefaultRequestDirector.tryConnect(DefaultRequestDirector.java:605)
	at org.apache.http.impl.client.DefaultRequestDirector.execute(DefaultRequestDirector.java:440)
	at org.apache.http.impl.client.AbstractHttpClient.doExecute(AbstractHttpClient.java:835)
	at org.apache.http.impl.client.CloseableHttpClient.execute(CloseableHttpClient.java:118)
	at org.apache.http.impl.client.CloseableHttpClient.execute(CloseableHttpClient.java:56)
	at com.sun.jersey.client.apache4.ApacheHttpClient4Handler.handle(ApacheHttpClient4Handler.java:173)
	... 42 common frames omitted
2019-12-31 11:46:14.889| Thread-56 | WARN |  -  | Request execution failed with message: java.net.ConnectException: Connection refused (Connection refused) | [com.netflix.discovery.shared.transport.decorator.RetryableEurekaHttpClient:130]
2019-12-31 11:46:14.890| Thread-56 | ERROR |  -  | DiscoveryClient_CLOUD-BASIC/192.168.10.93:cloud-basic:8111 - de-registration failedCannot execute request on any known server | [com.netflix.discovery.DiscoveryClient:944]
com.netflix.discovery.shared.transport.TransportException: Cannot execute request on any known server
	at com.netflix.discovery.shared.transport.decorator.RetryableEurekaHttpClient.execute(RetryableEurekaHttpClient.java:112)
	at com.netflix.discovery.shared.transport.decorator.EurekaHttpClientDecorator.cancel(EurekaHttpClientDecorator.java:71)
	at com.netflix.discovery.shared.transport.decorator.EurekaHttpClientDecorator$2.execute(EurekaHttpClientDecorator.java:74)
	at com.netflix.discovery.shared.transport.decorator.SessionedEurekaHttpClient.execute(SessionedEurekaHttpClient.java:77)
	at com.netflix.discovery.shared.transport.decorator.EurekaHttpClientDecorator.cancel(EurekaHttpClientDecorator.java:71)
	at com.netflix.discovery.DiscoveryClient.unregister(DiscoveryClient.java:941)
	at com.netflix.discovery.DiscoveryClient.shutdown(DiscoveryClient.java:919)
	at sun.reflect.NativeMethodAccessorImpl.invoke0(Native Method)
	at sun.reflect.NativeMethodAccessorImpl.invoke(NativeMethodAccessorImpl.java:62)
	at sun.reflect.DelegatingMethodAccessorImpl.invoke(DelegatingMethodAccessorImpl.java:43)
	at java.lang.reflect.Method.invoke(Method.java:498)
	at org.springframework.beans.factory.annotation.InitDestroyAnnotationBeanPostProcessor$LifecycleElement.invoke(InitDestroyAnnotationBeanPostProcessor.java:363)
	at org.springframework.beans.factory.annotation.InitDestroyAnnotationBeanPostProcessor$LifecycleMetadata.invokeDestroyMethods(InitDestroyAnnotationBeanPostProcessor.java:321)
	at org.springframework.beans.factory.annotation.InitDestroyAnnotationBeanPostProcessor.postProcessBeforeDestruction(InitDestroyAnnotationBeanPostProcessor.java:156)
	at org.springframework.beans.factory.support.DisposableBeanAdapter.destroy(DisposableBeanAdapter.java:242)
	at org.springframework.beans.factory.support.DisposableBeanAdapter.run(DisposableBeanAdapter.java:235)
	at org.springframework.cloud.context.scope.GenericScope$BeanLifecycleWrapper.destroy(GenericScope.java:403)
	at org.springframework.cloud.context.scope.GenericScope.destroy(GenericScope.java:142)
	at org.springframework.beans.factory.support.DisposableBeanAdapter.destroy(DisposableBeanAdapter.java:258)
	at org.springframework.beans.factory.support.DefaultSingletonBeanRegistry.destroyBean(DefaultSingletonBeanRegistry.java:571)
	at org.springframework.beans.factory.support.DefaultSingletonBeanRegistry.destroySingleton(DefaultSingletonBeanRegistry.java:543)
	at org.springframework.beans.factory.support.DefaultListableBeanFactory.destroySingleton(DefaultListableBeanFactory.java:1036)
	at org.springframework.beans.factory.support.DefaultSingletonBeanRegistry.destroySingletons(DefaultSingletonBeanRegistry.java:504)
	at org.springframework.beans.factory.support.DefaultListableBeanFactory.destroySingletons(DefaultListableBeanFactory.java:1029)
	at org.springframework.context.support.AbstractApplicationContext.destroyBeans(AbstractApplicationContext.java:1057)
	at org.springframework.context.support.AbstractApplicationContext.doClose(AbstractApplicationContext.java:1026)
	at org.springframework.context.support.AbstractApplicationContext$1.run(AbstractApplicationContext.java:945)
2019-12-31 11:46:14.925| Thread-56 | INFO |  -  | Completed shut down of DiscoveryClient | [com.netflix.discovery.DiscoveryClient:929]
