2019-10-11 09:28:30.798| main | INFO |  -  | Bean 'org.springframework.cloud.autoconfigure.ConfigurationPropertiesRebinderAutoConfiguration' of type [org.springframework.cloud.autoconfigure.ConfigurationPropertiesRebinderAutoConfiguration$$EnhancerBySpringCGLIB$$9de4f57a] is not eligible for getting processed by all BeanPostProcessors (for example: not eligible for auto-proxying) | [org.springframework.context.support.PostProcessorRegistrationDelegate$BeanPostProcessorChecker:330]
2019-10-11 09:28:31.348| main | INFO |  -  | No active profile set, falling back to default profiles: default | [org.springframework.boot.SpringApplication:648]
2019-10-11 09:28:33.638| main | WARN |  -  | Endpoint ID 'service-registry' contains invalid characters, please migrate to a valid format. | [org.springframework.boot.actuate.endpoint.EndpointId:131]
2019-10-11 09:28:34.220| main | INFO |  -  | BeanFactory id=26487748-bbfa-316e-8721-9df394fb7c36 | [org.springframework.cloud.context.scope.GenericScope:295]
2019-10-11 09:28:34.468| main | INFO |  -  | Bean 'org.springframework.cloud.autoconfigure.ConfigurationPropertiesRebinderAutoConfiguration' of type [org.springframework.cloud.autoconfigure.ConfigurationPropertiesRebinderAutoConfiguration$$EnhancerBySpringCGLIB$$9de4f57a] is not eligible for getting processed by all BeanPostProcessors (for example: not eligible for auto-proxying) | [org.springframework.context.support.PostProcessorRegistrationDelegate$BeanPostProcessorChecker:330]
2019-10-11 09:28:35.005| main | INFO |  -  | Tomcat initialized with port(s): 1111 (http) | [org.springframework.boot.web.embedded.tomcat.TomcatWebServer:90]
2019-10-11 09:28:35.042| main | INFO |  -  | Initializing ProtocolHandler ["http-nio-1111"] | [org.apache.juli.logging.DirectJDKLog:173]
2019-10-11 09:28:35.057| main | INFO |  -  | Starting service [Tomcat] | [org.apache.juli.logging.DirectJDKLog:173]
2019-10-11 09:28:35.057| main | INFO |  -  | Starting Servlet engine: [Apache Tomcat/9.0.24] | [org.apache.juli.logging.DirectJDKLog:173]
2019-10-11 09:28:35.590| main | INFO |  -  | Initializing Spring embedded WebApplicationContext | [org.apache.juli.logging.DirectJDKLog:173]
2019-10-11 09:28:35.590| main | INFO |  -  | Root WebApplicationContext: initialization completed in 4188 ms | [org.springframework.boot.web.servlet.context.ServletWebServerApplicationContext:284]
2019-10-11 09:28:35.811| main | WARN |  -  | No URLs will be polled as dynamic configuration sources. | [com.netflix.config.sources.URLConfigurationSource:121]
2019-10-11 09:28:35.812| main | INFO |  -  | To enable URLs as dynamic configuration sources, define System property archaius.configurationSource.additionalUrls or make config.properties available on classpath. | [com.netflix.config.sources.URLConfigurationSource:122]
2019-10-11 09:28:35.846| main | INFO |  -  | DynamicPropertyFactory is initialized with configuration sources: com.netflix.config.ConcurrentCompositeConfiguration@6b2fdffc | [com.netflix.config.DynamicPropertyFactory:281]
2019-10-11 09:28:36.908| main | INFO |  -  | Initiating Jersey application, version 'Jersey: 1.19.1 03/11/2016 02:08 PM' | [com.sun.jersey.server.impl.application.WebApplicationImpl:815]
2019-10-11 09:28:37.093| main | INFO |  -  | Using JSON encoding codec LegacyJacksonJson | [com.netflix.discovery.provider.DiscoveryJerseyProvider:70]
2019-10-11 09:28:37.097| main | INFO |  -  | Using JSON decoding codec LegacyJacksonJson | [com.netflix.discovery.provider.DiscoveryJerseyProvider:71]
2019-10-11 09:28:37.454| main | INFO |  -  | Using XML encoding codec XStreamXml | [com.netflix.discovery.provider.DiscoveryJerseyProvider:80]
2019-10-11 09:28:37.454| main | INFO |  -  | Using XML decoding codec XStreamXml | [com.netflix.discovery.provider.DiscoveryJerseyProvider:81]
2019-10-11 09:28:38.205| main | WARN |  -  | No URLs will be polled as dynamic configuration sources. | [com.netflix.config.sources.URLConfigurationSource:121]
2019-10-11 09:28:38.206| main | INFO |  -  | To enable URLs as dynamic configuration sources, define System property archaius.configurationSource.additionalUrls or make config.properties available on classpath. | [com.netflix.config.sources.URLConfigurationSource:122]
2019-10-11 09:28:38.760| main | INFO |  -  | Initializing ExecutorService 'applicationTaskExecutor' | [org.springframework.scheduling.concurrent.ExecutorConfigurationSupport:171]
2019-10-11 09:28:40.079| main | INFO |  -  | Setting initial instance status as: STARTING | [org.springframework.cloud.netflix.eureka.InstanceInfoFactory:72]
2019-10-11 09:28:40.186| main | INFO |  -  | Initializing Eureka in region us-east-1 | [com.netflix.discovery.DiscoveryClient:365]
2019-10-11 09:28:40.187| main | INFO |  -  | Client configured to neither register nor query for data. | [com.netflix.discovery.DiscoveryClient:368]
2019-10-11 09:28:40.210| main | INFO |  -  | Discovery Client initialized at timestamp 1570757320207 with initial instances count: 0 | [com.netflix.discovery.DiscoveryClient:381]
2019-10-11 09:28:40.305| main | INFO |  -  | Initializing ... | [com.netflix.eureka.DefaultEurekaServerContext:63]
2019-10-11 09:28:40.311| main | WARN |  -  | The replica size seems to be empty. Check the route 53 DNS Registry | [com.netflix.eureka.cluster.PeerEurekaNodes:155]
2019-10-11 09:28:40.358| main | INFO |  -  | Finished initializing remote region registries. All known remote regions: [] | [com.netflix.eureka.registry.AbstractInstanceRegistry:151]
2019-10-11 09:28:40.360| main | INFO |  -  | Initialized | [com.netflix.eureka.DefaultEurekaServerContext:70]
2019-10-11 09:28:40.415| main | INFO |  -  | Exposing 2 endpoint(s) beneath base path '/actuator' | [org.springframework.boot.actuate.endpoint.web.EndpointLinksResolver:58]
2019-10-11 09:28:40.551| main | INFO |  -  | Registering application EUREKA-SERVICE with eureka with status UP | [org.springframework.cloud.netflix.eureka.serviceregistry.EurekaServiceRegistry:41]
2019-10-11 09:28:40.556| Thread-37 | INFO |  -  | Setting the eureka configuration.. | [org.springframework.cloud.netflix.eureka.server.EurekaServerBootstrap:110]
2019-10-11 09:28:40.560| Thread-37 | INFO |  -  | Eureka data center value eureka.datacenter is not set, defaulting to default | [org.springframework.cloud.netflix.eureka.server.EurekaServerBootstrap:115]
2019-10-11 09:28:40.562| Thread-37 | INFO |  -  | Eureka environment value eureka.environment is not set, defaulting to test | [org.springframework.cloud.netflix.eureka.server.EurekaServerBootstrap:129]
2019-10-11 09:28:40.588| main | INFO |  -  | Starting ProtocolHandler ["http-nio-1111"] | [org.apache.juli.logging.DirectJDKLog:173]
2019-10-11 09:28:40.596| Thread-37 | INFO |  -  | isAws returned false | [org.springframework.cloud.netflix.eureka.server.EurekaServerBootstrap:188]
2019-10-11 09:28:40.599| Thread-37 | INFO |  -  | Initialized server context | [org.springframework.cloud.netflix.eureka.server.EurekaServerBootstrap:153]
2019-10-11 09:28:40.600| Thread-37 | INFO |  -  | Got 1 instances from neighboring DS node | [com.netflix.eureka.registry.PeerAwareInstanceRegistryImpl:241]
2019-10-11 09:28:40.600| Thread-37 | INFO |  -  | Renew threshold is: 1 | [com.netflix.eureka.registry.PeerAwareInstanceRegistryImpl:242]
2019-10-11 09:28:40.600| Thread-37 | INFO |  -  | Changing status to UP | [com.netflix.eureka.registry.PeerAwareInstanceRegistryImpl:253]
2019-10-11 09:28:40.615| Thread-37 | INFO |  -  | Started Eureka Server | [org.springframework.cloud.netflix.eureka.server.EurekaServerInitializerConfiguration$1:74]
2019-10-11 09:28:40.666| main | INFO |  -  | Tomcat started on port(s): 1111 (http) with context path '' | [org.springframework.boot.web.embedded.tomcat.TomcatWebServer:202]
2019-10-11 09:28:40.669| main | INFO |  -  | Updating port to 1111 | [org.springframework.cloud.netflix.eureka.serviceregistry.EurekaAutoServiceRegistration:145]
2019-10-11 09:28:40.673| main | INFO |  -  | Started CloudEurekaApplication in 12.761 seconds (JVM running for 16.907) | [org.springframework.boot.StartupInfoLogger:59]
2019-10-11 09:28:42.795| RMI TCP Connection(8)-127.0.0.1 | INFO |  -  | Initializing Spring DispatcherServlet 'dispatcherServlet' | [org.apache.juli.logging.DirectJDKLog:173]
2019-10-11 09:28:42.797| RMI TCP Connection(8)-127.0.0.1 | INFO |  -  | Initializing Servlet 'dispatcherServlet' | [org.springframework.web.servlet.FrameworkServlet:524]
2019-10-11 09:28:42.820| RMI TCP Connection(8)-127.0.0.1 | INFO |  -  | Completed initialization in 23 ms | [org.springframework.web.servlet.FrameworkServlet:546]
2019-10-11 09:29:26.747| http-nio-1111-exec-10 | INFO |  -  | Registered instance ZUUL/192.168.10.206:zuul:8113 with status UP (replication=false) | [com.netflix.eureka.registry.AbstractInstanceRegistry:266]
2019-10-11 09:29:40.606| Eureka-EvictionTimer | INFO |  -  | Running the evict task with compensationTime 0ms | [com.netflix.eureka.registry.AbstractInstanceRegistry$EvictionTask:1250]
2019-10-11 09:30:31.479| http-nio-1111-exec-1 | INFO |  -  | Registered instance BASIC/192.168.10.206:basic:8111 with status UP (replication=false) | [com.netflix.eureka.registry.AbstractInstanceRegistry:266]
2019-10-11 09:30:40.610| Eureka-EvictionTimer | INFO |  -  | Running the evict task with compensationTime 3ms | [com.netflix.eureka.registry.AbstractInstanceRegistry$EvictionTask:1250]
2019-10-11 09:31:25.529| http-nio-1111-exec-2 | INFO |  -  | Registered instance BASIC/192.168.10.206:basic:8111 with status DOWN (replication=false) | [com.netflix.eureka.registry.AbstractInstanceRegistry:266]
2019-10-11 09:31:28.577| http-nio-1111-exec-6 | INFO |  -  | Cancelled instance BASIC/192.168.10.206:basic:8111 (replication=false) | [com.netflix.eureka.registry.AbstractInstanceRegistry:330]
2019-10-11 09:31:40.613| Eureka-EvictionTimer | INFO |  -  | Running the evict task with compensationTime 3ms | [com.netflix.eureka.registry.AbstractInstanceRegistry$EvictionTask:1250]
2019-10-11 09:31:50.791| http-nio-1111-exec-9 | INFO |  -  | Registered instance BASIC/192.168.10.206:basic:8111 with status UP (replication=false) | [com.netflix.eureka.registry.AbstractInstanceRegistry:266]
2019-10-11 09:32:40.618| Eureka-EvictionTimer | INFO |  -  | Running the evict task with compensationTime 5ms | [com.netflix.eureka.registry.AbstractInstanceRegistry$EvictionTask:1250]
2019-10-11 09:33:40.622| Eureka-EvictionTimer | INFO |  -  | Running the evict task with compensationTime 3ms | [com.netflix.eureka.registry.AbstractInstanceRegistry$EvictionTask:1250]
2019-10-11 09:34:40.627| Eureka-EvictionTimer | INFO |  -  | Running the evict task with compensationTime 4ms | [com.netflix.eureka.registry.AbstractInstanceRegistry$EvictionTask:1250]
2019-10-11 09:35:07.009| http-nio-1111-exec-7 | INFO |  -  | Registered instance BASIC/192.168.10.206:basic:8111 with status DOWN (replication=false) | [com.netflix.eureka.registry.AbstractInstanceRegistry:266]
2019-10-11 09:35:10.052| http-nio-1111-exec-8 | INFO |  -  | Cancelled instance BASIC/192.168.10.206:basic:8111 (replication=false) | [com.netflix.eureka.registry.AbstractInstanceRegistry:330]
2019-10-11 09:35:33.521| http-nio-1111-exec-4 | INFO |  -  | Registered instance BASIC/192.168.10.206:basic:8111 with status UP (replication=false) | [com.netflix.eureka.registry.AbstractInstanceRegistry:266]
2019-10-11 09:35:40.632| Eureka-EvictionTimer | INFO |  -  | Running the evict task with compensationTime 5ms | [com.netflix.eureka.registry.AbstractInstanceRegistry$EvictionTask:1250]
2019-10-11 09:36:40.636| Eureka-EvictionTimer | INFO |  -  | Running the evict task with compensationTime 4ms | [com.netflix.eureka.registry.AbstractInstanceRegistry$EvictionTask:1250]
2019-10-11 09:37:40.638| Eureka-EvictionTimer | INFO |  -  | Running the evict task with compensationTime 1ms | [com.netflix.eureka.registry.AbstractInstanceRegistry$EvictionTask:1250]
2019-10-11 09:38:40.320| Eureka-PeerNodesUpdater | WARN |  -  | The replica size seems to be empty. Check the route 53 DNS Registry | [com.netflix.eureka.cluster.PeerEurekaNodes:155]
2019-10-11 09:38:40.642| Eureka-EvictionTimer | INFO |  -  | Running the evict task with compensationTime 4ms | [com.netflix.eureka.registry.AbstractInstanceRegistry$EvictionTask:1250]
2019-10-11 09:39:40.646| Eureka-EvictionTimer | INFO |  -  | Running the evict task with compensationTime 3ms | [com.netflix.eureka.registry.AbstractInstanceRegistry$EvictionTask:1250]
2019-10-11 09:40:40.651| Eureka-EvictionTimer | INFO |  -  | Running the evict task with compensationTime 5ms | [com.netflix.eureka.registry.AbstractInstanceRegistry$EvictionTask:1250]
2019-10-11 09:41:40.655| Eureka-EvictionTimer | INFO |  -  | Running the evict task with compensationTime 3ms | [com.netflix.eureka.registry.AbstractInstanceRegistry$EvictionTask:1250]
2019-10-11 09:42:40.657| Eureka-EvictionTimer | INFO |  -  | Running the evict task with compensationTime 2ms | [com.netflix.eureka.registry.AbstractInstanceRegistry$EvictionTask:1250]
2019-10-11 09:43:40.365| ReplicaAwareInstanceRegistry - RenewalThresholdUpdater | INFO |  -  | Current renewal threshold is : 5 | [com.netflix.eureka.registry.PeerAwareInstanceRegistryImpl:539]
2019-10-11 09:43:40.662| Eureka-EvictionTimer | INFO |  -  | Running the evict task with compensationTime 4ms | [com.netflix.eureka.registry.AbstractInstanceRegistry$EvictionTask:1250]
2019-10-11 09:44:13.958| http-nio-1111-exec-2 | INFO |  -  | Registered instance BASIC/192.168.10.206:basic:8111 with status DOWN (replication=false) | [com.netflix.eureka.registry.AbstractInstanceRegistry:266]
2019-10-11 09:44:17.005| http-nio-1111-exec-1 | INFO |  -  | Cancelled instance BASIC/192.168.10.206:basic:8111 (replication=false) | [com.netflix.eureka.registry.AbstractInstanceRegistry:330]
2019-10-11 09:44:40.666| Eureka-EvictionTimer | INFO |  -  | Running the evict task with compensationTime 4ms | [com.netflix.eureka.registry.AbstractInstanceRegistry$EvictionTask:1250]
2019-10-11 09:44:43.607| http-nio-1111-exec-8 | INFO |  -  | Registered instance BASIC/192.168.10.206:basic:8111 with status UP (replication=false) | [com.netflix.eureka.registry.AbstractInstanceRegistry:266]
2019-10-11 09:45:30.827| http-nio-1111-exec-5 | INFO |  -  | Registered instance BASIC/192.168.10.206:basic:8111 with status DOWN (replication=false) | [com.netflix.eureka.registry.AbstractInstanceRegistry:266]
2019-10-11 09:45:33.860| http-nio-1111-exec-6 | INFO |  -  | Cancelled instance BASIC/192.168.10.206:basic:8111 (replication=false) | [com.netflix.eureka.registry.AbstractInstanceRegistry:330]
2019-10-11 09:45:40.670| Eureka-EvictionTimer | INFO |  -  | Running the evict task with compensationTime 3ms | [com.netflix.eureka.registry.AbstractInstanceRegistry$EvictionTask:1250]
2019-10-11 09:45:52.525| http-nio-1111-exec-9 | INFO |  -  | Registered instance BASIC/192.168.10.206:basic:8111 with status UP (replication=false) | [com.netflix.eureka.registry.AbstractInstanceRegistry:266]
2019-10-11 09:46:40.671| Eureka-EvictionTimer | INFO |  -  | Running the evict task with compensationTime 0ms | [com.netflix.eureka.registry.AbstractInstanceRegistry$EvictionTask:1250]
2019-10-11 09:47:40.674| Eureka-EvictionTimer | INFO |  -  | Running the evict task with compensationTime 3ms | [com.netflix.eureka.registry.AbstractInstanceRegistry$EvictionTask:1250]
2019-10-11 09:47:48.064| http-nio-1111-exec-5 | INFO |  -  | Registered instance BASIC/192.168.10.206:basic:8111 with status DOWN (replication=false) | [com.netflix.eureka.registry.AbstractInstanceRegistry:266]
2019-10-11 09:47:51.096| http-nio-1111-exec-6 | INFO |  -  | Cancelled instance BASIC/192.168.10.206:basic:8111 (replication=false) | [com.netflix.eureka.registry.AbstractInstanceRegistry:330]
2019-10-11 09:48:11.533| http-nio-1111-exec-1 | INFO |  -  | Registered instance BASIC/192.168.10.206:basic:8111 with status UP (replication=false) | [com.netflix.eureka.registry.AbstractInstanceRegistry:266]
2019-10-11 09:48:40.331| Eureka-PeerNodesUpdater | WARN |  -  | The replica size seems to be empty. Check the route 53 DNS Registry | [com.netflix.eureka.cluster.PeerEurekaNodes:155]
2019-10-11 09:48:40.676| Eureka-EvictionTimer | INFO |  -  | Running the evict task with compensationTime 1ms | [com.netflix.eureka.registry.AbstractInstanceRegistry$EvictionTask:1250]
2019-10-11 09:49:40.679| Eureka-EvictionTimer | INFO |  -  | Running the evict task with compensationTime 3ms | [com.netflix.eureka.registry.AbstractInstanceRegistry$EvictionTask:1250]
2019-10-11 09:50:40.683| Eureka-EvictionTimer | INFO |  -  | Running the evict task with compensationTime 4ms | [com.netflix.eureka.registry.AbstractInstanceRegistry$EvictionTask:1250]
2019-10-11 09:51:40.685| Eureka-EvictionTimer | INFO |  -  | Running the evict task with compensationTime 2ms | [com.netflix.eureka.registry.AbstractInstanceRegistry$EvictionTask:1250]
2019-10-11 09:52:40.687| Eureka-EvictionTimer | INFO |  -  | Running the evict task with compensationTime 2ms | [com.netflix.eureka.registry.AbstractInstanceRegistry$EvictionTask:1250]
2019-10-11 09:53:40.691| Eureka-EvictionTimer | INFO |  -  | Running the evict task with compensationTime 3ms | [com.netflix.eureka.registry.AbstractInstanceRegistry$EvictionTask:1250]
2019-10-11 09:54:40.696| Eureka-EvictionTimer | INFO |  -  | Running the evict task with compensationTime 5ms | [com.netflix.eureka.registry.AbstractInstanceRegistry$EvictionTask:1250]
2019-10-11 09:55:40.701| Eureka-EvictionTimer | INFO |  -  | Running the evict task with compensationTime 5ms | [com.netflix.eureka.registry.AbstractInstanceRegistry$EvictionTask:1250]
2019-10-11 09:56:40.705| Eureka-EvictionTimer | INFO |  -  | Running the evict task with compensationTime 3ms | [com.netflix.eureka.registry.AbstractInstanceRegistry$EvictionTask:1250]
2019-10-11 09:57:40.709| Eureka-EvictionTimer | INFO |  -  | Running the evict task with compensationTime 3ms | [com.netflix.eureka.registry.AbstractInstanceRegistry$EvictionTask:1250]
2019-10-11 09:58:40.339| Eureka-PeerNodesUpdater | WARN |  -  | The replica size seems to be empty. Check the route 53 DNS Registry | [com.netflix.eureka.cluster.PeerEurekaNodes:155]
2019-10-11 09:58:40.367| ReplicaAwareInstanceRegistry - RenewalThresholdUpdater | INFO |  -  | Current renewal threshold is : 5 | [com.netflix.eureka.registry.PeerAwareInstanceRegistryImpl:539]
2019-10-11 09:58:40.713| Eureka-EvictionTimer | INFO |  -  | Running the evict task with compensationTime 4ms | [com.netflix.eureka.registry.AbstractInstanceRegistry$EvictionTask:1250]
2019-10-11 09:59:40.715| Eureka-EvictionTimer | INFO |  -  | Running the evict task with compensationTime 1ms | [com.netflix.eureka.registry.AbstractInstanceRegistry$EvictionTask:1250]
2019-10-11 10:00:40.718| Eureka-EvictionTimer | INFO |  -  | Running the evict task with compensationTime 3ms | [com.netflix.eureka.registry.AbstractInstanceRegistry$EvictionTask:1250]
2019-10-11 10:01:40.720| Eureka-EvictionTimer | INFO |  -  | Running the evict task with compensationTime 2ms | [com.netflix.eureka.registry.AbstractInstanceRegistry$EvictionTask:1250]
2019-10-11 10:02:40.724| Eureka-EvictionTimer | INFO |  -  | Running the evict task with compensationTime 3ms | [com.netflix.eureka.registry.AbstractInstanceRegistry$EvictionTask:1250]
2019-10-11 10:03:40.726| Eureka-EvictionTimer | INFO |  -  | Running the evict task with compensationTime 2ms | [com.netflix.eureka.registry.AbstractInstanceRegistry$EvictionTask:1250]
2019-10-11 10:04:40.730| Eureka-EvictionTimer | INFO |  -  | Running the evict task with compensationTime 3ms | [com.netflix.eureka.registry.AbstractInstanceRegistry$EvictionTask:1250]
2019-10-11 10:05:40.735| Eureka-EvictionTimer | INFO |  -  | Running the evict task with compensationTime 4ms | [com.netflix.eureka.registry.AbstractInstanceRegistry$EvictionTask:1250]
2019-10-11 10:06:40.739| Eureka-EvictionTimer | INFO |  -  | Running the evict task with compensationTime 4ms | [com.netflix.eureka.registry.AbstractInstanceRegistry$EvictionTask:1250]
2019-10-11 10:07:40.739| Eureka-EvictionTimer | INFO |  -  | Running the evict task with compensationTime 0ms | [com.netflix.eureka.registry.AbstractInstanceRegistry$EvictionTask:1250]
2019-10-11 10:08:40.343| Eureka-PeerNodesUpdater | WARN |  -  | The replica size seems to be empty. Check the route 53 DNS Registry | [com.netflix.eureka.cluster.PeerEurekaNodes:155]
2019-10-11 10:08:40.740| Eureka-EvictionTimer | INFO |  -  | Running the evict task with compensationTime 1ms | [com.netflix.eureka.registry.AbstractInstanceRegistry$EvictionTask:1250]
2019-10-11 10:09:40.746| Eureka-EvictionTimer | INFO |  -  | Running the evict task with compensationTime 5ms | [com.netflix.eureka.registry.AbstractInstanceRegistry$EvictionTask:1250]
2019-10-11 10:10:40.756| Eureka-EvictionTimer | INFO |  -  | Running the evict task with compensationTime 9ms | [com.netflix.eureka.registry.AbstractInstanceRegistry$EvictionTask:1250]
2019-10-11 10:11:40.765| Eureka-EvictionTimer | INFO |  -  | Running the evict task with compensationTime 9ms | [com.netflix.eureka.registry.AbstractInstanceRegistry$EvictionTask:1250]
2019-10-11 10:12:40.770| Eureka-EvictionTimer | INFO |  -  | Running the evict task with compensationTime 4ms | [com.netflix.eureka.registry.AbstractInstanceRegistry$EvictionTask:1250]
2019-10-11 10:13:40.368| ReplicaAwareInstanceRegistry - RenewalThresholdUpdater | INFO |  -  | Current renewal threshold is : 5 | [com.netflix.eureka.registry.PeerAwareInstanceRegistryImpl:539]
2019-10-11 10:13:40.778| Eureka-EvictionTimer | INFO |  -  | Running the evict task with compensationTime 8ms | [com.netflix.eureka.registry.AbstractInstanceRegistry$EvictionTask:1250]
2019-10-11 10:45:05.040| Eureka-EvictionTimer | INFO |  -  | Running the evict task with compensationTime 7ms | [com.netflix.eureka.registry.AbstractInstanceRegistry$EvictionTask:1250]
2019-10-11 11:29:34.832| Eureka-EvictionTimer | INFO |  -  | Running the evict task with compensationTime 9ms | [com.netflix.eureka.registry.AbstractInstanceRegistry$EvictionTask:1250]
2019-10-11 11:30:34.837| Eureka-EvictionTimer | INFO |  -  | Running the evict task with compensationTime 5ms | [com.netflix.eureka.registry.AbstractInstanceRegistry$EvictionTask:1250]
2019-10-11 11:31:34.842| Eureka-EvictionTimer | INFO |  -  | Running the evict task with compensationTime 4ms | [com.netflix.eureka.registry.AbstractInstanceRegistry$EvictionTask:1250]
2019-10-11 11:32:34.391| Eureka-PeerNodesUpdater | WARN |  -  | The replica size seems to be empty. Check the route 53 DNS Registry | [com.netflix.eureka.cluster.PeerEurekaNodes:155]
2019-10-11 11:32:34.847| Eureka-EvictionTimer | INFO |  -  | Running the evict task with compensationTime 5ms | [com.netflix.eureka.registry.AbstractInstanceRegistry$EvictionTask:1250]
2019-10-11 11:33:34.852| Eureka-EvictionTimer | INFO |  -  | Running the evict task with compensationTime 4ms | [com.netflix.eureka.registry.AbstractInstanceRegistry$EvictionTask:1250]
2019-10-11 11:34:34.854| Eureka-EvictionTimer | INFO |  -  | Running the evict task with compensationTime 2ms | [com.netflix.eureka.registry.AbstractInstanceRegistry$EvictionTask:1250]
2019-10-11 11:35:34.860| Eureka-EvictionTimer | INFO |  -  | Running the evict task with compensationTime 5ms | [com.netflix.eureka.registry.AbstractInstanceRegistry$EvictionTask:1250]
2019-10-11 11:36:34.864| Eureka-EvictionTimer | INFO |  -  | Running the evict task with compensationTime 4ms | [com.netflix.eureka.registry.AbstractInstanceRegistry$EvictionTask:1250]
2019-10-11 11:37:34.866| Eureka-EvictionTimer | INFO |  -  | Running the evict task with compensationTime 1ms | [com.netflix.eureka.registry.AbstractInstanceRegistry$EvictionTask:1250]
2019-10-11 11:38:34.868| Eureka-EvictionTimer | INFO |  -  | Running the evict task with compensationTime 2ms | [com.netflix.eureka.registry.AbstractInstanceRegistry$EvictionTask:1250]
2019-10-11 11:38:44.131| http-nio-1111-exec-1 | INFO |  -  | Registered instance BASIC/192.168.10.206:basic:8111 with status DOWN (replication=false) | [com.netflix.eureka.registry.AbstractInstanceRegistry:266]
2019-10-11 11:38:47.209| http-nio-1111-exec-2 | INFO |  -  | Cancelled instance BASIC/192.168.10.206:basic:8111 (replication=false) | [com.netflix.eureka.registry.AbstractInstanceRegistry:330]
2019-10-11 11:39:11.248| http-nio-1111-exec-7 | INFO |  -  | Registered instance BASIC/192.168.10.206:basic:8111 with status UP (replication=false) | [com.netflix.eureka.registry.AbstractInstanceRegistry:266]
2019-10-11 11:39:34.871| Eureka-EvictionTimer | INFO |  -  | Running the evict task with compensationTime 3ms | [com.netflix.eureka.registry.AbstractInstanceRegistry$EvictionTask:1250]
2019-10-11 11:40:34.875| Eureka-EvictionTimer | INFO |  -  | Running the evict task with compensationTime 3ms | [com.netflix.eureka.registry.AbstractInstanceRegistry$EvictionTask:1250]
2019-10-11 11:41:34.879| Eureka-EvictionTimer | INFO |  -  | Running the evict task with compensationTime 4ms | [com.netflix.eureka.registry.AbstractInstanceRegistry$EvictionTask:1250]
2019-10-11 11:42:34.400| Eureka-PeerNodesUpdater | WARN |  -  | The replica size seems to be empty. Check the route 53 DNS Registry | [com.netflix.eureka.cluster.PeerEurekaNodes:155]
2019-10-11 11:42:34.417| ReplicaAwareInstanceRegistry - RenewalThresholdUpdater | INFO |  -  | Current renewal threshold is : 5 | [com.netflix.eureka.registry.PeerAwareInstanceRegistryImpl:539]
2019-10-11 11:42:34.882| Eureka-EvictionTimer | INFO |  -  | Running the evict task with compensationTime 3ms | [com.netflix.eureka.registry.AbstractInstanceRegistry$EvictionTask:1250]
2019-10-11 11:43:34.885| Eureka-EvictionTimer | INFO |  -  | Running the evict task with compensationTime 2ms | [com.netflix.eureka.registry.AbstractInstanceRegistry$EvictionTask:1250]
2019-10-11 11:44:34.887| Eureka-EvictionTimer | INFO |  -  | Running the evict task with compensationTime 2ms | [com.netflix.eureka.registry.AbstractInstanceRegistry$EvictionTask:1250]
2019-10-11 11:45:34.888| Eureka-EvictionTimer | INFO |  -  | Running the evict task with compensationTime 0ms | [com.netflix.eureka.registry.AbstractInstanceRegistry$EvictionTask:1250]
2019-10-11 11:46:34.890| Eureka-EvictionTimer | INFO |  -  | Running the evict task with compensationTime 2ms | [com.netflix.eureka.registry.AbstractInstanceRegistry$EvictionTask:1250]
2019-10-11 11:47:34.895| Eureka-EvictionTimer | INFO |  -  | Running the evict task with compensationTime 4ms | [com.netflix.eureka.registry.AbstractInstanceRegistry$EvictionTask:1250]
2019-10-11 11:48:34.897| Eureka-EvictionTimer | INFO |  -  | Running the evict task with compensationTime 2ms | [com.netflix.eureka.registry.AbstractInstanceRegistry$EvictionTask:1250]
2019-10-11 11:49:34.900| Eureka-EvictionTimer | INFO |  -  | Running the evict task with compensationTime 2ms | [com.netflix.eureka.registry.AbstractInstanceRegistry$EvictionTask:1250]
2019-10-11 11:50:34.901| Eureka-EvictionTimer | INFO |  -  | Running the evict task with compensationTime 1ms | [com.netflix.eureka.registry.AbstractInstanceRegistry$EvictionTask:1250]
2019-10-11 11:51:01.985| http-nio-1111-exec-3 | INFO |  -  | Registered instance BASIC/192.168.10.206:basic:8111 with status DOWN (replication=false) | [com.netflix.eureka.registry.AbstractInstanceRegistry:266]
2019-10-11 11:51:05.022| http-nio-1111-exec-4 | INFO |  -  | Cancelled instance BASIC/192.168.10.206:basic:8111 (replication=false) | [com.netflix.eureka.registry.AbstractInstanceRegistry:330]
2019-10-11 11:51:31.064| http-nio-1111-exec-9 | INFO |  -  | Registered instance BASIC/192.168.10.206:basic:8111 with status UP (replication=false) | [com.netflix.eureka.registry.AbstractInstanceRegistry:266]
2019-10-11 11:51:34.905| Eureka-EvictionTimer | INFO |  -  | Running the evict task with compensationTime 3ms | [com.netflix.eureka.registry.AbstractInstanceRegistry$EvictionTask:1250]
2019-10-11 11:52:34.405| Eureka-PeerNodesUpdater | WARN |  -  | The replica size seems to be empty. Check the route 53 DNS Registry | [com.netflix.eureka.cluster.PeerEurekaNodes:155]
2019-10-11 11:52:34.910| Eureka-EvictionTimer | INFO |  -  | Running the evict task with compensationTime 5ms | [com.netflix.eureka.registry.AbstractInstanceRegistry$EvictionTask:1250]
2019-10-11 11:53:34.915| Eureka-EvictionTimer | INFO |  -  | Running the evict task with compensationTime 5ms | [com.netflix.eureka.registry.AbstractInstanceRegistry$EvictionTask:1250]
2019-10-11 11:54:34.919| Eureka-EvictionTimer | INFO |  -  | Running the evict task with compensationTime 3ms | [com.netflix.eureka.registry.AbstractInstanceRegistry$EvictionTask:1250]
2019-10-11 11:54:35.798| http-nio-1111-exec-6 | INFO |  -  | Registered instance BASIC/192.168.10.206:basic:8111 with status DOWN (replication=false) | [com.netflix.eureka.registry.AbstractInstanceRegistry:266]
2019-10-11 11:54:38.845| http-nio-1111-exec-5 | INFO |  -  | Cancelled instance BASIC/192.168.10.206:basic:8111 (replication=false) | [com.netflix.eureka.registry.AbstractInstanceRegistry:330]
2019-10-11 11:55:24.470| http-nio-1111-exec-4 | INFO |  -  | Registered instance BASIC/192.168.10.206:basic:8111 with status UP (replication=false) | [com.netflix.eureka.registry.AbstractInstanceRegistry:266]
2019-10-11 11:55:34.920| Eureka-EvictionTimer | INFO |  -  | Running the evict task with compensationTime 1ms | [com.netflix.eureka.registry.AbstractInstanceRegistry$EvictionTask:1250]
2019-10-11 11:56:34.924| Eureka-EvictionTimer | INFO |  -  | Running the evict task with compensationTime 3ms | [com.netflix.eureka.registry.AbstractInstanceRegistry$EvictionTask:1250]
2019-10-11 11:57:34.420| ReplicaAwareInstanceRegistry - RenewalThresholdUpdater | INFO |  -  | Current renewal threshold is : 5 | [com.netflix.eureka.registry.PeerAwareInstanceRegistryImpl:539]
2019-10-11 11:57:34.928| Eureka-EvictionTimer | INFO |  -  | Running the evict task with compensationTime 4ms | [com.netflix.eureka.registry.AbstractInstanceRegistry$EvictionTask:1250]
2019-10-11 11:58:34.932| Eureka-EvictionTimer | INFO |  -  | Running the evict task with compensationTime 3ms | [com.netflix.eureka.registry.AbstractInstanceRegistry$EvictionTask:1250]
2019-10-11 11:59:34.935| Eureka-EvictionTimer | INFO |  -  | Running the evict task with compensationTime 3ms | [com.netflix.eureka.registry.AbstractInstanceRegistry$EvictionTask:1250]
2019-10-11 12:00:34.938| Eureka-EvictionTimer | INFO |  -  | Running the evict task with compensationTime 2ms | [com.netflix.eureka.registry.AbstractInstanceRegistry$EvictionTask:1250]
2019-10-11 12:01:34.941| Eureka-EvictionTimer | INFO |  -  | Running the evict task with compensationTime 2ms | [com.netflix.eureka.registry.AbstractInstanceRegistry$EvictionTask:1250]
2019-10-11 13:32:33.712| Eureka-PeerNodesUpdater | WARN |  -  | The replica size seems to be empty. Check the route 53 DNS Registry | [com.netflix.eureka.cluster.PeerEurekaNodes:155]
2019-10-11 13:32:34.254| Eureka-EvictionTimer | INFO |  -  | Running the evict task with compensationTime 8ms | [com.netflix.eureka.registry.AbstractInstanceRegistry$EvictionTask:1250]
2019-10-11 13:33:34.256| Eureka-EvictionTimer | INFO |  -  | Running the evict task with compensationTime 2ms | [com.netflix.eureka.registry.AbstractInstanceRegistry$EvictionTask:1250]
2019-10-11 13:34:34.260| Eureka-EvictionTimer | INFO |  -  | Running the evict task with compensationTime 4ms | [com.netflix.eureka.registry.AbstractInstanceRegistry$EvictionTask:1250]
2019-10-11 13:35:34.265| Eureka-EvictionTimer | INFO |  -  | Running the evict task with compensationTime 4ms | [com.netflix.eureka.registry.AbstractInstanceRegistry$EvictionTask:1250]
2019-10-11 13:36:34.270| Eureka-EvictionTimer | INFO |  -  | Running the evict task with compensationTime 4ms | [com.netflix.eureka.registry.AbstractInstanceRegistry$EvictionTask:1250]
2019-10-11 13:37:34.275| Eureka-EvictionTimer | INFO |  -  | Running the evict task with compensationTime 5ms | [com.netflix.eureka.registry.AbstractInstanceRegistry$EvictionTask:1250]
2019-10-11 13:38:34.277| Eureka-EvictionTimer | INFO |  -  | Running the evict task with compensationTime 1ms | [com.netflix.eureka.registry.AbstractInstanceRegistry$EvictionTask:1250]
2019-10-11 13:39:34.282| Eureka-EvictionTimer | INFO |  -  | Running the evict task with compensationTime 5ms | [com.netflix.eureka.registry.AbstractInstanceRegistry$EvictionTask:1250]
2019-10-11 13:40:34.286| Eureka-EvictionTimer | INFO |  -  | Running the evict task with compensationTime 4ms | [com.netflix.eureka.registry.AbstractInstanceRegistry$EvictionTask:1250]
2019-10-11 13:41:34.289| Eureka-EvictionTimer | INFO |  -  | Running the evict task with compensationTime 2ms | [com.netflix.eureka.registry.AbstractInstanceRegistry$EvictionTask:1250]
2019-10-11 13:42:33.721| Eureka-PeerNodesUpdater | WARN |  -  | The replica size seems to be empty. Check the route 53 DNS Registry | [com.netflix.eureka.cluster.PeerEurekaNodes:155]
2019-10-11 13:42:33.730| ReplicaAwareInstanceRegistry - RenewalThresholdUpdater | INFO |  -  | Current renewal threshold is : 5 | [com.netflix.eureka.registry.PeerAwareInstanceRegistryImpl:539]
2019-10-11 13:42:34.293| Eureka-EvictionTimer | INFO |  -  | Running the evict task with compensationTime 4ms | [com.netflix.eureka.registry.AbstractInstanceRegistry$EvictionTask:1250]
2019-10-11 13:43:34.295| Eureka-EvictionTimer | INFO |  -  | Running the evict task with compensationTime 2ms | [com.netflix.eureka.registry.AbstractInstanceRegistry$EvictionTask:1250]
2019-10-11 13:44:34.299| Eureka-EvictionTimer | INFO |  -  | Running the evict task with compensationTime 3ms | [com.netflix.eureka.registry.AbstractInstanceRegistry$EvictionTask:1250]
2019-10-11 13:45:34.302| Eureka-EvictionTimer | INFO |  -  | Running the evict task with compensationTime 3ms | [com.netflix.eureka.registry.AbstractInstanceRegistry$EvictionTask:1250]
2019-10-11 13:46:34.305| Eureka-EvictionTimer | INFO |  -  | Running the evict task with compensationTime 2ms | [com.netflix.eureka.registry.AbstractInstanceRegistry$EvictionTask:1250]
2019-10-11 13:47:34.307| Eureka-EvictionTimer | INFO |  -  | Running the evict task with compensationTime 2ms | [com.netflix.eureka.registry.AbstractInstanceRegistry$EvictionTask:1250]
2019-10-11 13:48:34.309| Eureka-EvictionTimer | INFO |  -  | Running the evict task with compensationTime 1ms | [com.netflix.eureka.registry.AbstractInstanceRegistry$EvictionTask:1250]
2019-10-11 13:49:34.313| Eureka-EvictionTimer | INFO |  -  | Running the evict task with compensationTime 4ms | [com.netflix.eureka.registry.AbstractInstanceRegistry$EvictionTask:1250]
2019-10-11 13:49:51.273| http-nio-1111-exec-1 | INFO |  -  | Registered instance BASIC/192.168.10.206:basic:8111 with status DOWN (replication=false) | [com.netflix.eureka.registry.AbstractInstanceRegistry:266]
2019-10-11 13:49:54.360| http-nio-1111-exec-3 | INFO |  -  | Cancelled instance BASIC/192.168.10.206:basic:8111 (replication=false) | [com.netflix.eureka.registry.AbstractInstanceRegistry:330]
2019-10-11 13:50:30.454| http-nio-1111-exec-10 | INFO |  -  | Registered instance BASIC/192.168.10.206:basic:8111 with status UP (replication=false) | [com.netflix.eureka.registry.AbstractInstanceRegistry:266]
2019-10-11 13:50:34.317| Eureka-EvictionTimer | INFO |  -  | Running the evict task with compensationTime 3ms | [com.netflix.eureka.registry.AbstractInstanceRegistry$EvictionTask:1250]
2019-10-11 13:51:34.319| Eureka-EvictionTimer | INFO |  -  | Running the evict task with compensationTime 2ms | [com.netflix.eureka.registry.AbstractInstanceRegistry$EvictionTask:1250]
2019-10-11 13:52:33.730| Eureka-PeerNodesUpdater | WARN |  -  | The replica size seems to be empty. Check the route 53 DNS Registry | [com.netflix.eureka.cluster.PeerEurekaNodes:155]
2019-10-11 13:52:34.322| Eureka-EvictionTimer | INFO |  -  | Running the evict task with compensationTime 3ms | [com.netflix.eureka.registry.AbstractInstanceRegistry$EvictionTask:1250]
2019-10-11 13:53:34.327| Eureka-EvictionTimer | INFO |  -  | Running the evict task with compensationTime 4ms | [com.netflix.eureka.registry.AbstractInstanceRegistry$EvictionTask:1250]
2019-10-11 13:54:34.328| Eureka-EvictionTimer | INFO |  -  | Running the evict task with compensationTime 1ms | [com.netflix.eureka.registry.AbstractInstanceRegistry$EvictionTask:1250]
2019-10-11 13:55:34.332| Eureka-EvictionTimer | INFO |  -  | Running the evict task with compensationTime 3ms | [com.netflix.eureka.registry.AbstractInstanceRegistry$EvictionTask:1250]
2019-10-11 13:56:34.336| Eureka-EvictionTimer | INFO |  -  | Running the evict task with compensationTime 3ms | [com.netflix.eureka.registry.AbstractInstanceRegistry$EvictionTask:1250]
2019-10-11 13:57:33.735| ReplicaAwareInstanceRegistry - RenewalThresholdUpdater | INFO |  -  | Current renewal threshold is : 5 | [com.netflix.eureka.registry.PeerAwareInstanceRegistryImpl:539]
2019-10-11 13:57:34.337| Eureka-EvictionTimer | INFO |  -  | Running the evict task with compensationTime 1ms | [com.netflix.eureka.registry.AbstractInstanceRegistry$EvictionTask:1250]
2019-10-11 13:58:34.341| Eureka-EvictionTimer | INFO |  -  | Running the evict task with compensationTime 4ms | [com.netflix.eureka.registry.AbstractInstanceRegistry$EvictionTask:1250]
2019-10-11 13:59:34.346| Eureka-EvictionTimer | INFO |  -  | Running the evict task with compensationTime 4ms | [com.netflix.eureka.registry.AbstractInstanceRegistry$EvictionTask:1250]
2019-10-11 14:00:34.350| Eureka-EvictionTimer | INFO |  -  | Running the evict task with compensationTime 4ms | [com.netflix.eureka.registry.AbstractInstanceRegistry$EvictionTask:1250]
2019-10-11 14:01:34.353| Eureka-EvictionTimer | INFO |  -  | Running the evict task with compensationTime 3ms | [com.netflix.eureka.registry.AbstractInstanceRegistry$EvictionTask:1250]
2019-10-11 14:02:33.734| Eureka-PeerNodesUpdater | WARN |  -  | The replica size seems to be empty. Check the route 53 DNS Registry | [com.netflix.eureka.cluster.PeerEurekaNodes:155]
2019-10-11 14:02:34.356| Eureka-EvictionTimer | INFO |  -  | Running the evict task with compensationTime 2ms | [com.netflix.eureka.registry.AbstractInstanceRegistry$EvictionTask:1250]
2019-10-11 14:03:34.359| Eureka-EvictionTimer | INFO |  -  | Running the evict task with compensationTime 2ms | [com.netflix.eureka.registry.AbstractInstanceRegistry$EvictionTask:1250]
2019-10-11 14:04:34.364| Eureka-EvictionTimer | INFO |  -  | Running the evict task with compensationTime 4ms | [com.netflix.eureka.registry.AbstractInstanceRegistry$EvictionTask:1250]
2019-10-11 14:05:34.368| Eureka-EvictionTimer | INFO |  -  | Running the evict task with compensationTime 3ms | [com.netflix.eureka.registry.AbstractInstanceRegistry$EvictionTask:1250]
2019-10-11 14:05:55.577| http-nio-1111-exec-4 | INFO |  -  | Registered instance BASIC/192.168.10.206:basic:8111 with status DOWN (replication=false) | [com.netflix.eureka.registry.AbstractInstanceRegistry:266]
2019-10-11 14:05:58.654| http-nio-1111-exec-8 | INFO |  -  | Cancelled instance BASIC/192.168.10.206:basic:8111 (replication=false) | [com.netflix.eureka.registry.AbstractInstanceRegistry:330]
2019-10-11 14:06:22.479| http-nio-1111-exec-2 | INFO |  -  | Registered instance BASIC/192.168.10.206:basic:8111 with status UP (replication=false) | [com.netflix.eureka.registry.AbstractInstanceRegistry:266]
2019-10-11 14:06:34.372| Eureka-EvictionTimer | INFO |  -  | Running the evict task with compensationTime 4ms | [com.netflix.eureka.registry.AbstractInstanceRegistry$EvictionTask:1250]
2019-10-11 14:07:34.375| Eureka-EvictionTimer | INFO |  -  | Running the evict task with compensationTime 3ms | [com.netflix.eureka.registry.AbstractInstanceRegistry$EvictionTask:1250]
2019-10-11 14:08:34.379| Eureka-EvictionTimer | INFO |  -  | Running the evict task with compensationTime 3ms | [com.netflix.eureka.registry.AbstractInstanceRegistry$EvictionTask:1250]
2019-10-11 14:09:34.382| Eureka-EvictionTimer | INFO |  -  | Running the evict task with compensationTime 3ms | [com.netflix.eureka.registry.AbstractInstanceRegistry$EvictionTask:1250]
2019-10-11 14:10:34.387| Eureka-EvictionTimer | INFO |  -  | Running the evict task with compensationTime 4ms | [com.netflix.eureka.registry.AbstractInstanceRegistry$EvictionTask:1250]
2019-10-11 14:10:49.010| http-nio-1111-exec-4 | INFO |  -  | Registered instance BASIC/192.168.10.206:basic:8111 with status DOWN (replication=false) | [com.netflix.eureka.registry.AbstractInstanceRegistry:266]
2019-10-11 14:10:52.050| http-nio-1111-exec-5 | INFO |  -  | Cancelled instance BASIC/192.168.10.206:basic:8111 (replication=false) | [com.netflix.eureka.registry.AbstractInstanceRegistry:330]
2019-10-11 14:11:14.931| http-nio-1111-exec-1 | INFO |  -  | Registered instance BASIC/192.168.10.206:basic:8111 with status UP (replication=false) | [com.netflix.eureka.registry.AbstractInstanceRegistry:266]
2019-10-11 14:11:34.392| Eureka-EvictionTimer | INFO |  -  | Running the evict task with compensationTime 4ms | [com.netflix.eureka.registry.AbstractInstanceRegistry$EvictionTask:1250]
2019-10-11 14:11:52.077| http-nio-1111-exec-10 | INFO |  -  | Registered instance BASIC/192.168.10.206:basic:8111 with status DOWN (replication=false) | [com.netflix.eureka.registry.AbstractInstanceRegistry:266]
2019-10-11 14:11:55.173| http-nio-1111-exec-7 | INFO |  -  | Cancelled instance BASIC/192.168.10.206:basic:8111 (replication=false) | [com.netflix.eureka.registry.AbstractInstanceRegistry:330]
2019-10-11 14:12:18.846| http-nio-1111-exec-3 | INFO |  -  | Registered instance BASIC/192.168.10.206:basic:8111 with status UP (replication=false) | [com.netflix.eureka.registry.AbstractInstanceRegistry:266]
2019-10-11 14:12:33.738| ReplicaAwareInstanceRegistry - RenewalThresholdUpdater | INFO |  -  | Current renewal threshold is : 5 | [com.netflix.eureka.registry.PeerAwareInstanceRegistryImpl:539]
2019-10-11 14:12:33.740| Eureka-PeerNodesUpdater | WARN |  -  | The replica size seems to be empty. Check the route 53 DNS Registry | [com.netflix.eureka.cluster.PeerEurekaNodes:155]
2019-10-11 14:12:34.395| Eureka-EvictionTimer | INFO |  -  | Running the evict task with compensationTime 3ms | [com.netflix.eureka.registry.AbstractInstanceRegistry$EvictionTask:1250]
2019-10-11 14:13:34.398| Eureka-EvictionTimer | INFO |  -  | Running the evict task with compensationTime 3ms | [com.netflix.eureka.registry.AbstractInstanceRegistry$EvictionTask:1250]
2019-10-11 14:14:34.402| Eureka-EvictionTimer | INFO |  -  | Running the evict task with compensationTime 3ms | [com.netflix.eureka.registry.AbstractInstanceRegistry$EvictionTask:1250]
2019-10-11 14:15:34.406| Eureka-EvictionTimer | INFO |  -  | Running the evict task with compensationTime 4ms | [com.netflix.eureka.registry.AbstractInstanceRegistry$EvictionTask:1250]
2019-10-11 14:16:34.411| Eureka-EvictionTimer | INFO |  -  | Running the evict task with compensationTime 4ms | [com.netflix.eureka.registry.AbstractInstanceRegistry$EvictionTask:1250]
2019-10-11 14:17:34.414| Eureka-EvictionTimer | INFO |  -  | Running the evict task with compensationTime 2ms | [com.netflix.eureka.registry.AbstractInstanceRegistry$EvictionTask:1250]
2019-10-11 14:18:03.427| http-nio-1111-exec-2 | INFO |  -  | Registered instance BASIC/192.168.10.206:basic:8111 with status DOWN (replication=false) | [com.netflix.eureka.registry.AbstractInstanceRegistry:266]
2019-10-11 14:18:06.460| http-nio-1111-exec-7 | INFO |  -  | Cancelled instance BASIC/192.168.10.206:basic:8111 (replication=false) | [com.netflix.eureka.registry.AbstractInstanceRegistry:330]
2019-10-11 14:18:30.783| http-nio-1111-exec-5 | INFO |  -  | Registered instance BASIC/192.168.10.206:basic:8111 with status UP (replication=false) | [com.netflix.eureka.registry.AbstractInstanceRegistry:266]
2019-10-11 14:18:34.417| Eureka-EvictionTimer | INFO |  -  | Running the evict task with compensationTime 2ms | [com.netflix.eureka.registry.AbstractInstanceRegistry$EvictionTask:1250]
2019-10-11 14:19:34.421| Eureka-EvictionTimer | INFO |  -  | Running the evict task with compensationTime 4ms | [com.netflix.eureka.registry.AbstractInstanceRegistry$EvictionTask:1250]
2019-10-11 14:20:34.424| Eureka-EvictionTimer | INFO |  -  | Running the evict task with compensationTime 3ms | [com.netflix.eureka.registry.AbstractInstanceRegistry$EvictionTask:1250]
2019-10-11 14:21:34.428| Eureka-EvictionTimer | INFO |  -  | Running the evict task with compensationTime 3ms | [com.netflix.eureka.registry.AbstractInstanceRegistry$EvictionTask:1250]
2019-10-11 14:22:33.749| Eureka-PeerNodesUpdater | WARN |  -  | The replica size seems to be empty. Check the route 53 DNS Registry | [com.netflix.eureka.cluster.PeerEurekaNodes:155]
2019-10-11 14:22:34.431| Eureka-EvictionTimer | INFO |  -  | Running the evict task with compensationTime 3ms | [com.netflix.eureka.registry.AbstractInstanceRegistry$EvictionTask:1250]
2019-10-11 14:23:34.434| Eureka-EvictionTimer | INFO |  -  | Running the evict task with compensationTime 2ms | [com.netflix.eureka.registry.AbstractInstanceRegistry$EvictionTask:1250]
2019-10-11 14:24:00.668| http-nio-1111-exec-2 | INFO |  -  | Registered instance BASIC/192.168.10.206:basic:8111 with status DOWN (replication=false) | [com.netflix.eureka.registry.AbstractInstanceRegistry:266]
2019-10-11 14:24:03.700| http-nio-1111-exec-1 | INFO |  -  | Cancelled instance BASIC/192.168.10.206:basic:8111 (replication=false) | [com.netflix.eureka.registry.AbstractInstanceRegistry:330]
2019-10-11 14:24:34.434| Eureka-EvictionTimer | INFO |  -  | Running the evict task with compensationTime 0ms | [com.netflix.eureka.registry.AbstractInstanceRegistry$EvictionTask:1250]
2019-10-11 14:24:58.807| http-nio-1111-exec-7 | INFO |  -  | Registered instance BASIC/192.168.10.206:basic:8111 with status UP (replication=false) | [com.netflix.eureka.registry.AbstractInstanceRegistry:266]
2019-10-11 14:25:34.437| Eureka-EvictionTimer | INFO |  -  | Running the evict task with compensationTime 2ms | [com.netflix.eureka.registry.AbstractInstanceRegistry$EvictionTask:1250]
2019-10-11 14:25:38.820| http-nio-1111-exec-8 | INFO |  -  | Registered instance BASIC/192.168.10.206:basic:8111 with status DOWN (replication=false) | [com.netflix.eureka.registry.AbstractInstanceRegistry:266]
2019-10-11 14:25:41.860| http-nio-1111-exec-5 | INFO |  -  | Cancelled instance BASIC/192.168.10.206:basic:8111 (replication=false) | [com.netflix.eureka.registry.AbstractInstanceRegistry:330]
2019-10-11 14:25:59.524| http-nio-1111-exec-1 | INFO |  -  | Registered instance BASIC/192.168.10.206:basic:8111 with status UP (replication=false) | [com.netflix.eureka.registry.AbstractInstanceRegistry:266]
2019-10-11 14:26:34.440| Eureka-EvictionTimer | INFO |  -  | Running the evict task with compensationTime 3ms | [com.netflix.eureka.registry.AbstractInstanceRegistry$EvictionTask:1250]
2019-10-11 14:27:33.739| ReplicaAwareInstanceRegistry - RenewalThresholdUpdater | INFO |  -  | Current renewal threshold is : 5 | [com.netflix.eureka.registry.PeerAwareInstanceRegistryImpl:539]
2019-10-11 14:27:34.443| Eureka-EvictionTimer | INFO |  -  | Running the evict task with compensationTime 3ms | [com.netflix.eureka.registry.AbstractInstanceRegistry$EvictionTask:1250]
2019-10-11 14:28:34.446| Eureka-EvictionTimer | INFO |  -  | Running the evict task with compensationTime 3ms | [com.netflix.eureka.registry.AbstractInstanceRegistry$EvictionTask:1250]
2019-10-11 14:29:34.448| Eureka-EvictionTimer | INFO |  -  | Running the evict task with compensationTime 1ms | [com.netflix.eureka.registry.AbstractInstanceRegistry$EvictionTask:1250]
2019-10-11 14:30:34.453| Eureka-EvictionTimer | INFO |  -  | Running the evict task with compensationTime 4ms | [com.netflix.eureka.registry.AbstractInstanceRegistry$EvictionTask:1250]
2019-10-11 14:31:34.453| Eureka-EvictionTimer | INFO |  -  | Running the evict task with compensationTime 0ms | [com.netflix.eureka.registry.AbstractInstanceRegistry$EvictionTask:1250]
2019-10-11 14:32:33.761| Eureka-PeerNodesUpdater | WARN |  -  | The replica size seems to be empty. Check the route 53 DNS Registry | [com.netflix.eureka.cluster.PeerEurekaNodes:155]
2019-10-11 14:32:34.457| Eureka-EvictionTimer | INFO |  -  | Running the evict task with compensationTime 3ms | [com.netflix.eureka.registry.AbstractInstanceRegistry$EvictionTask:1250]
2019-10-11 14:33:34.460| Eureka-EvictionTimer | INFO |  -  | Running the evict task with compensationTime 3ms | [com.netflix.eureka.registry.AbstractInstanceRegistry$EvictionTask:1250]
2019-10-11 14:34:34.465| Eureka-EvictionTimer | INFO |  -  | Running the evict task with compensationTime 4ms | [com.netflix.eureka.registry.AbstractInstanceRegistry$EvictionTask:1250]
2019-10-11 14:35:34.469| Eureka-EvictionTimer | INFO |  -  | Running the evict task with compensationTime 3ms | [com.netflix.eureka.registry.AbstractInstanceRegistry$EvictionTask:1250]
2019-10-11 14:36:34.472| Eureka-EvictionTimer | INFO |  -  | Running the evict task with compensationTime 3ms | [com.netflix.eureka.registry.AbstractInstanceRegistry$EvictionTask:1250]
2019-10-11 14:36:53.383| http-nio-1111-exec-3 | INFO |  -  | Registered instance BASIC/192.168.10.206:basic:8111 with status DOWN (replication=false) | [com.netflix.eureka.registry.AbstractInstanceRegistry:266]
2019-10-11 14:36:56.506| http-nio-1111-exec-1 | INFO |  -  | Cancelled instance BASIC/192.168.10.206:basic:8111 (replication=false) | [com.netflix.eureka.registry.AbstractInstanceRegistry:330]
2019-10-11 14:37:33.718| http-nio-1111-exec-6 | INFO |  -  | Registered instance BASIC/192.168.10.206:basic:8111 with status UP (replication=false) | [com.netflix.eureka.registry.AbstractInstanceRegistry:266]
2019-10-11 14:37:34.477| Eureka-EvictionTimer | INFO |  -  | Running the evict task with compensationTime 4ms | [com.netflix.eureka.registry.AbstractInstanceRegistry$EvictionTask:1250]
2019-10-11 14:38:34.479| Eureka-EvictionTimer | INFO |  -  | Running the evict task with compensationTime 2ms | [com.netflix.eureka.registry.AbstractInstanceRegistry$EvictionTask:1250]
2019-10-11 14:39:34.482| Eureka-EvictionTimer | INFO |  -  | Running the evict task with compensationTime 2ms | [com.netflix.eureka.registry.AbstractInstanceRegistry$EvictionTask:1250]
2019-10-11 14:40:34.487| Eureka-EvictionTimer | INFO |  -  | Running the evict task with compensationTime 4ms | [com.netflix.eureka.registry.AbstractInstanceRegistry$EvictionTask:1250]
2019-10-11 14:41:34.491| Eureka-EvictionTimer | INFO |  -  | Running the evict task with compensationTime 4ms | [com.netflix.eureka.registry.AbstractInstanceRegistry$EvictionTask:1250]
2019-10-11 14:42:33.747| ReplicaAwareInstanceRegistry - RenewalThresholdUpdater | INFO |  -  | Current renewal threshold is : 5 | [com.netflix.eureka.registry.PeerAwareInstanceRegistryImpl:539]
2019-10-11 14:42:33.770| Eureka-PeerNodesUpdater | WARN |  -  | The replica size seems to be empty. Check the route 53 DNS Registry | [com.netflix.eureka.cluster.PeerEurekaNodes:155]
2019-10-11 14:42:34.494| Eureka-EvictionTimer | INFO |  -  | Running the evict task with compensationTime 2ms | [com.netflix.eureka.registry.AbstractInstanceRegistry$EvictionTask:1250]
2019-10-11 14:43:34.497| Eureka-EvictionTimer | INFO |  -  | Running the evict task with compensationTime 2ms | [com.netflix.eureka.registry.AbstractInstanceRegistry$EvictionTask:1250]
2019-10-11 14:44:34.502| Eureka-EvictionTimer | INFO |  -  | Running the evict task with compensationTime 4ms | [com.netflix.eureka.registry.AbstractInstanceRegistry$EvictionTask:1250]
2019-10-11 14:45:34.505| Eureka-EvictionTimer | INFO |  -  | Running the evict task with compensationTime 3ms | [com.netflix.eureka.registry.AbstractInstanceRegistry$EvictionTask:1250]
2019-10-11 14:46:34.510| Eureka-EvictionTimer | INFO |  -  | Running the evict task with compensationTime 4ms | [com.netflix.eureka.registry.AbstractInstanceRegistry$EvictionTask:1250]
2019-10-11 14:47:34.515| Eureka-EvictionTimer | INFO |  -  | Running the evict task with compensationTime 4ms | [com.netflix.eureka.registry.AbstractInstanceRegistry$EvictionTask:1250]
2019-10-11 14:48:34.520| Eureka-EvictionTimer | INFO |  -  | Running the evict task with compensationTime 5ms | [com.netflix.eureka.registry.AbstractInstanceRegistry$EvictionTask:1250]
2019-10-11 14:49:34.523| Eureka-EvictionTimer | INFO |  -  | Running the evict task with compensationTime 2ms | [com.netflix.eureka.registry.AbstractInstanceRegistry$EvictionTask:1250]
2019-10-11 14:50:34.525| Eureka-EvictionTimer | INFO |  -  | Running the evict task with compensationTime 2ms | [com.netflix.eureka.registry.AbstractInstanceRegistry$EvictionTask:1250]
2019-10-11 14:51:34.528| Eureka-EvictionTimer | INFO |  -  | Running the evict task with compensationTime 3ms | [com.netflix.eureka.registry.AbstractInstanceRegistry$EvictionTask:1250]
2019-10-11 14:52:33.776| Eureka-PeerNodesUpdater | WARN |  -  | The replica size seems to be empty. Check the route 53 DNS Registry | [com.netflix.eureka.cluster.PeerEurekaNodes:155]
2019-10-11 14:52:34.528| Eureka-EvictionTimer | INFO |  -  | Running the evict task with compensationTime 0ms | [com.netflix.eureka.registry.AbstractInstanceRegistry$EvictionTask:1250]
2019-10-11 14:53:34.531| Eureka-EvictionTimer | INFO |  -  | Running the evict task with compensationTime 2ms | [com.netflix.eureka.registry.AbstractInstanceRegistry$EvictionTask:1250]
2019-10-11 14:54:34.535| Eureka-EvictionTimer | INFO |  -  | Running the evict task with compensationTime 3ms | [com.netflix.eureka.registry.AbstractInstanceRegistry$EvictionTask:1250]
2019-10-11 14:54:39.384| http-nio-1111-exec-9 | INFO |  -  | Registered instance BASIC/192.168.10.206:basic:8111 with status DOWN (replication=false) | [com.netflix.eureka.registry.AbstractInstanceRegistry:266]
2019-10-11 14:54:42.435| http-nio-1111-exec-4 | INFO |  -  | Cancelled instance BASIC/192.168.10.206:basic:8111 (replication=false) | [com.netflix.eureka.registry.AbstractInstanceRegistry:330]
2019-10-11 14:55:02.444| http-nio-1111-exec-2 | INFO |  -  | Registered instance BASIC/192.168.10.206:basic:8111 with status UP (replication=false) | [com.netflix.eureka.registry.AbstractInstanceRegistry:266]
2019-10-11 14:55:34.537| Eureka-EvictionTimer | INFO |  -  | Running the evict task with compensationTime 2ms | [com.netflix.eureka.registry.AbstractInstanceRegistry$EvictionTask:1250]
2019-10-11 14:56:34.540| Eureka-EvictionTimer | INFO |  -  | Running the evict task with compensationTime 3ms | [com.netflix.eureka.registry.AbstractInstanceRegistry$EvictionTask:1250]
2019-10-11 14:57:33.747| ReplicaAwareInstanceRegistry - RenewalThresholdUpdater | INFO |  -  | Current renewal threshold is : 5 | [com.netflix.eureka.registry.PeerAwareInstanceRegistryImpl:539]
2019-10-11 14:57:34.541| Eureka-EvictionTimer | INFO |  -  | Running the evict task with compensationTime 0ms | [com.netflix.eureka.registry.AbstractInstanceRegistry$EvictionTask:1250]
2019-10-11 14:58:34.541| Eureka-EvictionTimer | INFO |  -  | Running the evict task with compensationTime 0ms | [com.netflix.eureka.registry.AbstractInstanceRegistry$EvictionTask:1250]
2019-10-11 14:59:34.544| Eureka-EvictionTimer | INFO |  -  | Running the evict task with compensationTime 2ms | [com.netflix.eureka.registry.AbstractInstanceRegistry$EvictionTask:1250]
2019-10-11 15:00:34.548| Eureka-EvictionTimer | INFO |  -  | Running the evict task with compensationTime 4ms | [com.netflix.eureka.registry.AbstractInstanceRegistry$EvictionTask:1250]
2019-10-11 15:01:34.549| Eureka-EvictionTimer | INFO |  -  | Running the evict task with compensationTime 0ms | [com.netflix.eureka.registry.AbstractInstanceRegistry$EvictionTask:1250]
2019-10-11 15:02:07.282| http-nio-1111-exec-6 | INFO |  -  | Registered instance BASIC/192.168.10.206:basic:8111 with status DOWN (replication=false) | [com.netflix.eureka.registry.AbstractInstanceRegistry:266]
2019-10-11 15:02:10.345| http-nio-1111-exec-10 | INFO |  -  | Cancelled instance BASIC/192.168.10.206:basic:8111 (replication=false) | [com.netflix.eureka.registry.AbstractInstanceRegistry:330]
2019-10-11 15:02:30.060| http-nio-1111-exec-9 | INFO |  -  | Registered instance BASIC/192.168.10.206:basic:8111 with status UP (replication=false) | [com.netflix.eureka.registry.AbstractInstanceRegistry:266]
2019-10-11 15:02:33.786| Eureka-PeerNodesUpdater | WARN |  -  | The replica size seems to be empty. Check the route 53 DNS Registry | [com.netflix.eureka.cluster.PeerEurekaNodes:155]
2019-10-11 15:02:34.552| Eureka-EvictionTimer | INFO |  -  | Running the evict task with compensationTime 3ms | [com.netflix.eureka.registry.AbstractInstanceRegistry$EvictionTask:1250]
2019-10-11 15:03:34.557| Eureka-EvictionTimer | INFO |  -  | Running the evict task with compensationTime 4ms | [com.netflix.eureka.registry.AbstractInstanceRegistry$EvictionTask:1250]
2019-10-11 15:04:34.562| Eureka-EvictionTimer | INFO |  -  | Running the evict task with compensationTime 5ms | [com.netflix.eureka.registry.AbstractInstanceRegistry$EvictionTask:1250]
2019-10-11 15:05:34.566| Eureka-EvictionTimer | INFO |  -  | Running the evict task with compensationTime 3ms | [com.netflix.eureka.registry.AbstractInstanceRegistry$EvictionTask:1250]
2019-10-11 15:06:34.568| Eureka-EvictionTimer | INFO |  -  | Running the evict task with compensationTime 2ms | [com.netflix.eureka.registry.AbstractInstanceRegistry$EvictionTask:1250]
2019-10-11 15:07:34.573| Eureka-EvictionTimer | INFO |  -  | Running the evict task with compensationTime 4ms | [com.netflix.eureka.registry.AbstractInstanceRegistry$EvictionTask:1250]
2019-10-11 15:08:34.578| Eureka-EvictionTimer | INFO |  -  | Running the evict task with compensationTime 5ms | [com.netflix.eureka.registry.AbstractInstanceRegistry$EvictionTask:1250]
2019-10-11 15:09:34.586| Eureka-EvictionTimer | INFO |  -  | Running the evict task with compensationTime 7ms | [com.netflix.eureka.registry.AbstractInstanceRegistry$EvictionTask:1250]
2019-10-11 15:10:34.591| Eureka-EvictionTimer | INFO |  -  | Running the evict task with compensationTime 3ms | [com.netflix.eureka.registry.AbstractInstanceRegistry$EvictionTask:1250]
2019-10-11 15:11:34.594| Eureka-EvictionTimer | INFO |  -  | Running the evict task with compensationTime 4ms | [com.netflix.eureka.registry.AbstractInstanceRegistry$EvictionTask:1250]
2019-10-11 15:12:33.750| ReplicaAwareInstanceRegistry - RenewalThresholdUpdater | INFO |  -  | Current renewal threshold is : 5 | [com.netflix.eureka.registry.PeerAwareInstanceRegistryImpl:539]
2019-10-11 15:12:33.790| Eureka-PeerNodesUpdater | WARN |  -  | The replica size seems to be empty. Check the route 53 DNS Registry | [com.netflix.eureka.cluster.PeerEurekaNodes:155]
2019-10-11 15:12:34.593| Eureka-EvictionTimer | INFO |  -  | Running the evict task with compensationTime 0ms | [com.netflix.eureka.registry.AbstractInstanceRegistry$EvictionTask:1250]
2019-10-11 15:13:34.597| Eureka-EvictionTimer | INFO |  -  | Running the evict task with compensationTime 4ms | [com.netflix.eureka.registry.AbstractInstanceRegistry$EvictionTask:1250]
2019-10-11 15:14:34.599| Eureka-EvictionTimer | INFO |  -  | Running the evict task with compensationTime 2ms | [com.netflix.eureka.registry.AbstractInstanceRegistry$EvictionTask:1250]
2019-10-11 15:15:34.602| Eureka-EvictionTimer | INFO |  -  | Running the evict task with compensationTime 3ms | [com.netflix.eureka.registry.AbstractInstanceRegistry$EvictionTask:1250]
2019-10-11 15:16:34.606| Eureka-EvictionTimer | INFO |  -  | Running the evict task with compensationTime 3ms | [com.netflix.eureka.registry.AbstractInstanceRegistry$EvictionTask:1250]
2019-10-11 15:17:34.608| Eureka-EvictionTimer | INFO |  -  | Running the evict task with compensationTime 2ms | [com.netflix.eureka.registry.AbstractInstanceRegistry$EvictionTask:1250]
2019-10-11 15:18:34.612| Eureka-EvictionTimer | INFO |  -  | Running the evict task with compensationTime 4ms | [com.netflix.eureka.registry.AbstractInstanceRegistry$EvictionTask:1250]
2019-10-11 15:19:34.616| Eureka-EvictionTimer | INFO |  -  | Running the evict task with compensationTime 3ms | [com.netflix.eureka.registry.AbstractInstanceRegistry$EvictionTask:1250]
2019-10-11 15:20:34.619| Eureka-EvictionTimer | INFO |  -  | Running the evict task with compensationTime 3ms | [com.netflix.eureka.registry.AbstractInstanceRegistry$EvictionTask:1250]
2019-10-11 15:21:34.623| Eureka-EvictionTimer | INFO |  -  | Running the evict task with compensationTime 3ms | [com.netflix.eureka.registry.AbstractInstanceRegistry$EvictionTask:1250]
2019-10-11 15:22:33.799| Eureka-PeerNodesUpdater | WARN |  -  | The replica size seems to be empty. Check the route 53 DNS Registry | [com.netflix.eureka.cluster.PeerEurekaNodes:155]
2019-10-11 15:22:34.627| Eureka-EvictionTimer | INFO |  -  | Running the evict task with compensationTime 4ms | [com.netflix.eureka.registry.AbstractInstanceRegistry$EvictionTask:1250]
2019-10-11 15:23:34.629| Eureka-EvictionTimer | INFO |  -  | Running the evict task with compensationTime 1ms | [com.netflix.eureka.registry.AbstractInstanceRegistry$EvictionTask:1250]
2019-10-11 15:24:34.632| Eureka-EvictionTimer | INFO |  -  | Running the evict task with compensationTime 3ms | [com.netflix.eureka.registry.AbstractInstanceRegistry$EvictionTask:1250]
2019-10-11 15:25:29.325| http-nio-1111-exec-6 | INFO |  -  | Registered instance BASIC/192.168.10.206:basic:8111 with status DOWN (replication=false) | [com.netflix.eureka.registry.AbstractInstanceRegistry:266]
2019-10-11 15:25:32.433| http-nio-1111-exec-7 | INFO |  -  | Cancelled instance BASIC/192.168.10.206:basic:8111 (replication=false) | [com.netflix.eureka.registry.AbstractInstanceRegistry:330]
2019-10-11 15:25:34.635| Eureka-EvictionTimer | INFO |  -  | Running the evict task with compensationTime 2ms | [com.netflix.eureka.registry.AbstractInstanceRegistry$EvictionTask:1250]
2019-10-11 15:26:04.782| http-nio-1111-exec-8 | INFO |  -  | Registered instance BASIC/192.168.10.206:basic:8111 with status UP (replication=false) | [com.netflix.eureka.registry.AbstractInstanceRegistry:266]
2019-10-11 15:26:34.639| Eureka-EvictionTimer | INFO |  -  | Running the evict task with compensationTime 4ms | [com.netflix.eureka.registry.AbstractInstanceRegistry$EvictionTask:1250]
2019-10-11 15:27:33.757| ReplicaAwareInstanceRegistry - RenewalThresholdUpdater | INFO |  -  | Current renewal threshold is : 5 | [com.netflix.eureka.registry.PeerAwareInstanceRegistryImpl:539]
2019-10-11 15:27:34.644| Eureka-EvictionTimer | INFO |  -  | Running the evict task with compensationTime 4ms | [com.netflix.eureka.registry.AbstractInstanceRegistry$EvictionTask:1250]
2019-10-11 15:28:34.648| Eureka-EvictionTimer | INFO |  -  | Running the evict task with compensationTime 3ms | [com.netflix.eureka.registry.AbstractInstanceRegistry$EvictionTask:1250]
2019-10-11 15:29:34.651| Eureka-EvictionTimer | INFO |  -  | Running the evict task with compensationTime 2ms | [com.netflix.eureka.registry.AbstractInstanceRegistry$EvictionTask:1250]
2019-10-11 15:30:34.653| Eureka-EvictionTimer | INFO |  -  | Running the evict task with compensationTime 2ms | [com.netflix.eureka.registry.AbstractInstanceRegistry$EvictionTask:1250]
2019-10-11 15:31:34.655| Eureka-EvictionTimer | INFO |  -  | Running the evict task with compensationTime 2ms | [com.netflix.eureka.registry.AbstractInstanceRegistry$EvictionTask:1250]
2019-10-11 15:32:01.799| http-nio-1111-exec-9 | INFO |  -  | Registered instance BASIC/192.168.10.206:basic:8111 with status DOWN (replication=false) | [com.netflix.eureka.registry.AbstractInstanceRegistry:266]
2019-10-11 15:32:04.829| http-nio-1111-exec-4 | INFO |  -  | Cancelled instance BASIC/192.168.10.206:basic:8111 (replication=false) | [com.netflix.eureka.registry.AbstractInstanceRegistry:330]
2019-10-11 15:32:27.475| http-nio-1111-exec-2 | INFO |  -  | Registered instance BASIC/192.168.10.206:basic:8111 with status UP (replication=false) | [com.netflix.eureka.registry.AbstractInstanceRegistry:266]
2019-10-11 15:32:33.805| Eureka-PeerNodesUpdater | WARN |  -  | The replica size seems to be empty. Check the route 53 DNS Registry | [com.netflix.eureka.cluster.PeerEurekaNodes:155]
2019-10-11 15:32:34.658| Eureka-EvictionTimer | INFO |  -  | Running the evict task with compensationTime 3ms | [com.netflix.eureka.registry.AbstractInstanceRegistry$EvictionTask:1250]
2019-10-11 15:33:34.660| Eureka-EvictionTimer | INFO |  -  | Running the evict task with compensationTime 2ms | [com.netflix.eureka.registry.AbstractInstanceRegistry$EvictionTask:1250]
2019-10-11 15:34:34.664| Eureka-EvictionTimer | INFO |  -  | Running the evict task with compensationTime 3ms | [com.netflix.eureka.registry.AbstractInstanceRegistry$EvictionTask:1250]
2019-10-11 15:35:34.669| Eureka-EvictionTimer | INFO |  -  | Running the evict task with compensationTime 4ms | [com.netflix.eureka.registry.AbstractInstanceRegistry$EvictionTask:1250]
2019-10-11 15:36:34.674| Eureka-EvictionTimer | INFO |  -  | Running the evict task with compensationTime 5ms | [com.netflix.eureka.registry.AbstractInstanceRegistry$EvictionTask:1250]
2019-10-11 15:37:34.676| Eureka-EvictionTimer | INFO |  -  | Running the evict task with compensationTime 1ms | [com.netflix.eureka.registry.AbstractInstanceRegistry$EvictionTask:1250]
2019-10-11 15:38:34.681| Eureka-EvictionTimer | INFO |  -  | Running the evict task with compensationTime 5ms | [com.netflix.eureka.registry.AbstractInstanceRegistry$EvictionTask:1250]
2019-10-11 15:39:34.682| Eureka-EvictionTimer | INFO |  -  | Running the evict task with compensationTime 0ms | [com.netflix.eureka.registry.AbstractInstanceRegistry$EvictionTask:1250]
2019-10-11 15:40:34.686| Eureka-EvictionTimer | INFO |  -  | Running the evict task with compensationTime 4ms | [com.netflix.eureka.registry.AbstractInstanceRegistry$EvictionTask:1250]
2019-10-11 15:41:28.288| http-nio-1111-exec-9 | INFO |  -  | Registered instance BASIC/192.168.10.206:basic:8111 with status DOWN (replication=false) | [com.netflix.eureka.registry.AbstractInstanceRegistry:266]
2019-10-11 15:41:31.365| http-nio-1111-exec-4 | INFO |  -  | Cancelled instance BASIC/192.168.10.206:basic:8111 (replication=false) | [com.netflix.eureka.registry.AbstractInstanceRegistry:330]
2019-10-11 15:41:34.690| Eureka-EvictionTimer | INFO |  -  | Running the evict task with compensationTime 4ms | [com.netflix.eureka.registry.AbstractInstanceRegistry$EvictionTask:1250]
2019-10-11 15:41:58.319| http-nio-1111-exec-2 | INFO |  -  | Registered instance BASIC/192.168.10.206:basic:8111 with status UP (replication=false) | [com.netflix.eureka.registry.AbstractInstanceRegistry:266]
2019-10-11 15:42:33.751| ReplicaAwareInstanceRegistry - RenewalThresholdUpdater | INFO |  -  | Current renewal threshold is : 5 | [com.netflix.eureka.registry.PeerAwareInstanceRegistryImpl:539]
2019-10-11 15:42:33.816| Eureka-PeerNodesUpdater | WARN |  -  | The replica size seems to be empty. Check the route 53 DNS Registry | [com.netflix.eureka.cluster.PeerEurekaNodes:155]
2019-10-11 15:42:34.691| Eureka-EvictionTimer | INFO |  -  | Running the evict task with compensationTime 1ms | [com.netflix.eureka.registry.AbstractInstanceRegistry$EvictionTask:1250]
2019-10-11 15:43:34.694| Eureka-EvictionTimer | INFO |  -  | Running the evict task with compensationTime 2ms | [com.netflix.eureka.registry.AbstractInstanceRegistry$EvictionTask:1250]
2019-10-11 15:44:34.697| Eureka-EvictionTimer | INFO |  -  | Running the evict task with compensationTime 3ms | [com.netflix.eureka.registry.AbstractInstanceRegistry$EvictionTask:1250]
2019-10-11 15:45:34.700| Eureka-EvictionTimer | INFO |  -  | Running the evict task with compensationTime 3ms | [com.netflix.eureka.registry.AbstractInstanceRegistry$EvictionTask:1250]
2019-10-11 15:46:34.700| Eureka-EvictionTimer | INFO |  -  | Running the evict task with compensationTime 0ms | [com.netflix.eureka.registry.AbstractInstanceRegistry$EvictionTask:1250]
2019-10-11 15:47:34.704| Eureka-EvictionTimer | INFO |  -  | Running the evict task with compensationTime 3ms | [com.netflix.eureka.registry.AbstractInstanceRegistry$EvictionTask:1250]
2019-10-11 15:48:34.708| Eureka-EvictionTimer | INFO |  -  | Running the evict task with compensationTime 3ms | [com.netflix.eureka.registry.AbstractInstanceRegistry$EvictionTask:1250]
2019-10-11 15:49:34.713| Eureka-EvictionTimer | INFO |  -  | Running the evict task with compensationTime 5ms | [com.netflix.eureka.registry.AbstractInstanceRegistry$EvictionTask:1250]
2019-10-11 15:50:34.717| Eureka-EvictionTimer | INFO |  -  | Running the evict task with compensationTime 4ms | [com.netflix.eureka.registry.AbstractInstanceRegistry$EvictionTask:1250]
2019-10-11 15:51:34.719| Eureka-EvictionTimer | INFO |  -  | Running the evict task with compensationTime 2ms | [com.netflix.eureka.registry.AbstractInstanceRegistry$EvictionTask:1250]
2019-10-11 15:52:33.822| Eureka-PeerNodesUpdater | WARN |  -  | The replica size seems to be empty. Check the route 53 DNS Registry | [com.netflix.eureka.cluster.PeerEurekaNodes:155]
2019-10-11 15:52:34.724| Eureka-EvictionTimer | INFO |  -  | Running the evict task with compensationTime 4ms | [com.netflix.eureka.registry.AbstractInstanceRegistry$EvictionTask:1250]
2019-10-11 15:53:34.727| Eureka-EvictionTimer | INFO |  -  | Running the evict task with compensationTime 3ms | [com.netflix.eureka.registry.AbstractInstanceRegistry$EvictionTask:1250]
2019-10-11 15:54:34.729| Eureka-EvictionTimer | INFO |  -  | Running the evict task with compensationTime 1ms | [com.netflix.eureka.registry.AbstractInstanceRegistry$EvictionTask:1250]
2019-10-11 15:55:34.730| Eureka-EvictionTimer | INFO |  -  | Running the evict task with compensationTime 1ms | [com.netflix.eureka.registry.AbstractInstanceRegistry$EvictionTask:1250]
2019-10-11 15:56:34.734| Eureka-EvictionTimer | INFO |  -  | Running the evict task with compensationTime 4ms | [com.netflix.eureka.registry.AbstractInstanceRegistry$EvictionTask:1250]
2019-10-11 15:57:33.755| ReplicaAwareInstanceRegistry - RenewalThresholdUpdater | INFO |  -  | Current renewal threshold is : 5 | [com.netflix.eureka.registry.PeerAwareInstanceRegistryImpl:539]
2019-10-11 15:57:34.738| Eureka-EvictionTimer | INFO |  -  | Running the evict task with compensationTime 3ms | [com.netflix.eureka.registry.AbstractInstanceRegistry$EvictionTask:1250]
2019-10-11 15:58:34.741| Eureka-EvictionTimer | INFO |  -  | Running the evict task with compensationTime 3ms | [com.netflix.eureka.registry.AbstractInstanceRegistry$EvictionTask:1250]
2019-10-11 15:59:34.743| Eureka-EvictionTimer | INFO |  -  | Running the evict task with compensationTime 1ms | [com.netflix.eureka.registry.AbstractInstanceRegistry$EvictionTask:1250]
2019-10-11 16:00:34.746| Eureka-EvictionTimer | INFO |  -  | Running the evict task with compensationTime 2ms | [com.netflix.eureka.registry.AbstractInstanceRegistry$EvictionTask:1250]
2019-10-11 16:01:34.750| Eureka-EvictionTimer | INFO |  -  | Running the evict task with compensationTime 4ms | [com.netflix.eureka.registry.AbstractInstanceRegistry$EvictionTask:1250]
2019-10-11 16:02:33.833| Eureka-PeerNodesUpdater | WARN |  -  | The replica size seems to be empty. Check the route 53 DNS Registry | [com.netflix.eureka.cluster.PeerEurekaNodes:155]
2019-10-11 16:02:34.753| Eureka-EvictionTimer | INFO |  -  | Running the evict task with compensationTime 2ms | [com.netflix.eureka.registry.AbstractInstanceRegistry$EvictionTask:1250]
2019-10-11 16:03:34.758| Eureka-EvictionTimer | INFO |  -  | Running the evict task with compensationTime 4ms | [com.netflix.eureka.registry.AbstractInstanceRegistry$EvictionTask:1250]
2019-10-11 16:04:34.762| Eureka-EvictionTimer | INFO |  -  | Running the evict task with compensationTime 4ms | [com.netflix.eureka.registry.AbstractInstanceRegistry$EvictionTask:1250]
2019-10-11 16:05:06.774| http-nio-1111-exec-5 | INFO |  -  | Registered instance BASIC/192.168.10.206:basic:8111 with status DOWN (replication=false) | [com.netflix.eureka.registry.AbstractInstanceRegistry:266]
2019-10-11 16:05:09.866| http-nio-1111-exec-8 | INFO |  -  | Cancelled instance BASIC/192.168.10.206:basic:8111 (replication=false) | [com.netflix.eureka.registry.AbstractInstanceRegistry:330]
2019-10-11 16:05:34.765| Eureka-EvictionTimer | INFO |  -  | Running the evict task with compensationTime 2ms | [com.netflix.eureka.registry.AbstractInstanceRegistry$EvictionTask:1250]
2019-10-11 16:06:04.849| http-nio-1111-exec-4 | INFO |  -  | Registered instance BASIC/192.168.10.206:basic:8111 with status UP (replication=false) | [com.netflix.eureka.registry.AbstractInstanceRegistry:266]
2019-10-11 16:06:34.769| Eureka-EvictionTimer | INFO |  -  | Running the evict task with compensationTime 3ms | [com.netflix.eureka.registry.AbstractInstanceRegistry$EvictionTask:1250]
2019-10-11 16:06:58.827| http-nio-1111-exec-1 | INFO |  -  | Registered instance BASIC/192.168.10.206:basic:8111 with status DOWN (replication=false) | [com.netflix.eureka.registry.AbstractInstanceRegistry:266]
2019-10-11 16:06:58.846| http-nio-1111-exec-3 | INFO |  -  | Cancelled instance BASIC/192.168.10.206:basic:8111 (replication=false) | [com.netflix.eureka.registry.AbstractInstanceRegistry:330]
2019-10-11 16:07:21.344| http-nio-1111-exec-8 | INFO |  -  | Registered instance BASIC/192.168.10.206:basic:8111 with status UP (replication=false) | [com.netflix.eureka.registry.AbstractInstanceRegistry:266]
2019-10-11 16:07:34.775| Eureka-EvictionTimer | INFO |  -  | Running the evict task with compensationTime 5ms | [com.netflix.eureka.registry.AbstractInstanceRegistry$EvictionTask:1250]
2019-10-11 16:08:34.779| Eureka-EvictionTimer | INFO |  -  | Running the evict task with compensationTime 4ms | [com.netflix.eureka.registry.AbstractInstanceRegistry$EvictionTask:1250]
2019-10-11 16:09:34.782| Eureka-EvictionTimer | INFO |  -  | Running the evict task with compensationTime 3ms | [com.netflix.eureka.registry.AbstractInstanceRegistry$EvictionTask:1250]
2019-10-11 16:10:34.784| Eureka-EvictionTimer | INFO |  -  | Running the evict task with compensationTime 1ms | [com.netflix.eureka.registry.AbstractInstanceRegistry$EvictionTask:1250]
2019-10-11 16:11:34.788| Eureka-EvictionTimer | INFO |  -  | Running the evict task with compensationTime 3ms | [com.netflix.eureka.registry.AbstractInstanceRegistry$EvictionTask:1250]
2019-10-11 16:12:33.758| ReplicaAwareInstanceRegistry - RenewalThresholdUpdater | INFO |  -  | Current renewal threshold is : 5 | [com.netflix.eureka.registry.PeerAwareInstanceRegistryImpl:539]
2019-10-11 16:12:33.841| Eureka-PeerNodesUpdater | WARN |  -  | The replica size seems to be empty. Check the route 53 DNS Registry | [com.netflix.eureka.cluster.PeerEurekaNodes:155]
2019-10-11 16:12:34.790| Eureka-EvictionTimer | INFO |  -  | Running the evict task with compensationTime 1ms | [com.netflix.eureka.registry.AbstractInstanceRegistry$EvictionTask:1250]
2019-10-11 16:13:34.793| Eureka-EvictionTimer | INFO |  -  | Running the evict task with compensationTime 3ms | [com.netflix.eureka.registry.AbstractInstanceRegistry$EvictionTask:1250]
2019-10-11 16:14:34.798| Eureka-EvictionTimer | INFO |  -  | Running the evict task with compensationTime 4ms | [com.netflix.eureka.registry.AbstractInstanceRegistry$EvictionTask:1250]
2019-10-11 16:15:34.802| Eureka-EvictionTimer | INFO |  -  | Running the evict task with compensationTime 4ms | [com.netflix.eureka.registry.AbstractInstanceRegistry$EvictionTask:1250]
2019-10-11 16:16:34.806| Eureka-EvictionTimer | INFO |  -  | Running the evict task with compensationTime 4ms | [com.netflix.eureka.registry.AbstractInstanceRegistry$EvictionTask:1250]
2019-10-11 16:17:34.808| Eureka-EvictionTimer | INFO |  -  | Running the evict task with compensationTime 1ms | [com.netflix.eureka.registry.AbstractInstanceRegistry$EvictionTask:1250]
2019-10-11 16:18:34.810| Eureka-EvictionTimer | INFO |  -  | Running the evict task with compensationTime 1ms | [com.netflix.eureka.registry.AbstractInstanceRegistry$EvictionTask:1250]
2019-10-11 16:18:58.776| http-nio-1111-exec-3 | INFO |  -  | Registered instance BASIC/192.168.10.206:basic:8111 with status DOWN (replication=false) | [com.netflix.eureka.registry.AbstractInstanceRegistry:266]
2019-10-11 16:19:01.830| http-nio-1111-exec-1 | INFO |  -  | Cancelled instance BASIC/192.168.10.206:basic:8111 (replication=false) | [com.netflix.eureka.registry.AbstractInstanceRegistry:330]
2019-10-11 16:19:24.920| http-nio-1111-exec-6 | INFO |  -  | Registered instance BASIC/192.168.10.206:basic:8111 with status UP (replication=false) | [com.netflix.eureka.registry.AbstractInstanceRegistry:266]
2019-10-11 16:19:34.814| Eureka-EvictionTimer | INFO |  -  | Running the evict task with compensationTime 4ms | [com.netflix.eureka.registry.AbstractInstanceRegistry$EvictionTask:1250]
2019-10-11 16:20:34.819| Eureka-EvictionTimer | INFO |  -  | Running the evict task with compensationTime 4ms | [com.netflix.eureka.registry.AbstractInstanceRegistry$EvictionTask:1250]
2019-10-11 16:21:34.823| Eureka-EvictionTimer | INFO |  -  | Running the evict task with compensationTime 4ms | [com.netflix.eureka.registry.AbstractInstanceRegistry$EvictionTask:1250]
2019-10-11 16:22:33.846| Eureka-PeerNodesUpdater | WARN |  -  | The replica size seems to be empty. Check the route 53 DNS Registry | [com.netflix.eureka.cluster.PeerEurekaNodes:155]
2019-10-11 16:22:34.827| Eureka-EvictionTimer | INFO |  -  | Running the evict task with compensationTime 4ms | [com.netflix.eureka.registry.AbstractInstanceRegistry$EvictionTask:1250]
2019-10-11 16:23:34.829| Eureka-EvictionTimer | INFO |  -  | Running the evict task with compensationTime 1ms | [com.netflix.eureka.registry.AbstractInstanceRegistry$EvictionTask:1250]
2019-10-11 16:24:34.831| Eureka-EvictionTimer | INFO |  -  | Running the evict task with compensationTime 2ms | [com.netflix.eureka.registry.AbstractInstanceRegistry$EvictionTask:1250]
2019-10-11 16:25:34.833| Eureka-EvictionTimer | INFO |  -  | Running the evict task with compensationTime 1ms | [com.netflix.eureka.registry.AbstractInstanceRegistry$EvictionTask:1250]
2019-10-11 16:26:34.837| Eureka-EvictionTimer | INFO |  -  | Running the evict task with compensationTime 4ms | [com.netflix.eureka.registry.AbstractInstanceRegistry$EvictionTask:1250]
2019-10-11 16:27:33.760| ReplicaAwareInstanceRegistry - RenewalThresholdUpdater | INFO |  -  | Current renewal threshold is : 5 | [com.netflix.eureka.registry.PeerAwareInstanceRegistryImpl:539]
2019-10-11 16:27:34.842| Eureka-EvictionTimer | INFO |  -  | Running the evict task with compensationTime 4ms | [com.netflix.eureka.registry.AbstractInstanceRegistry$EvictionTask:1250]
2019-10-11 16:28:34.847| Eureka-EvictionTimer | INFO |  -  | Running the evict task with compensationTime 5ms | [com.netflix.eureka.registry.AbstractInstanceRegistry$EvictionTask:1250]
2019-10-11 16:29:04.395| http-nio-1111-exec-5 | INFO |  -  | Registered instance BASIC/192.168.10.206:basic:8111 with status DOWN (replication=false) | [com.netflix.eureka.registry.AbstractInstanceRegistry:266]
2019-10-11 16:29:07.483| http-nio-1111-exec-8 | INFO |  -  | Cancelled instance BASIC/192.168.10.206:basic:8111 (replication=false) | [com.netflix.eureka.registry.AbstractInstanceRegistry:330]
2019-10-11 16:29:31.461| http-nio-1111-exec-1 | INFO |  -  | Registered instance BASIC/192.168.10.206:basic:8111 with status UP (replication=false) | [com.netflix.eureka.registry.AbstractInstanceRegistry:266]
2019-10-11 16:29:34.852| Eureka-EvictionTimer | INFO |  -  | Running the evict task with compensationTime 4ms | [com.netflix.eureka.registry.AbstractInstanceRegistry$EvictionTask:1250]
2019-10-11 16:30:34.856| Eureka-EvictionTimer | INFO |  -  | Running the evict task with compensationTime 4ms | [com.netflix.eureka.registry.AbstractInstanceRegistry$EvictionTask:1250]
2019-10-11 16:31:34.858| Eureka-EvictionTimer | INFO |  -  | Running the evict task with compensationTime 2ms | [com.netflix.eureka.registry.AbstractInstanceRegistry$EvictionTask:1250]
2019-10-11 16:32:33.853| Eureka-PeerNodesUpdater | WARN |  -  | The replica size seems to be empty. Check the route 53 DNS Registry | [com.netflix.eureka.cluster.PeerEurekaNodes:155]
2019-10-11 16:32:34.862| Eureka-EvictionTimer | INFO |  -  | Running the evict task with compensationTime 3ms | [com.netflix.eureka.registry.AbstractInstanceRegistry$EvictionTask:1250]
2019-10-11 16:33:34.862| Eureka-EvictionTimer | INFO |  -  | Running the evict task with compensationTime 0ms | [com.netflix.eureka.registry.AbstractInstanceRegistry$EvictionTask:1250]
2019-10-11 16:34:00.518| http-nio-1111-exec-6 | INFO |  -  | Registered instance BASIC/192.168.10.206:basic:8111 with status DOWN (replication=false) | [com.netflix.eureka.registry.AbstractInstanceRegistry:266]
2019-10-11 16:34:03.553| http-nio-1111-exec-2 | INFO |  -  | Cancelled instance BASIC/192.168.10.206:basic:8111 (replication=false) | [com.netflix.eureka.registry.AbstractInstanceRegistry:330]
2019-10-11 16:34:29.641| http-nio-1111-exec-8 | INFO |  -  | Registered instance BASIC/192.168.10.206:basic:8111 with status UP (replication=false) | [com.netflix.eureka.registry.AbstractInstanceRegistry:266]
2019-10-11 16:34:34.866| Eureka-EvictionTimer | INFO |  -  | Running the evict task with compensationTime 3ms | [com.netflix.eureka.registry.AbstractInstanceRegistry$EvictionTask:1250]
2019-10-11 16:35:34.868| Eureka-EvictionTimer | INFO |  -  | Running the evict task with compensationTime 2ms | [com.netflix.eureka.registry.AbstractInstanceRegistry$EvictionTask:1250]
2019-10-11 16:36:34.873| Eureka-EvictionTimer | INFO |  -  | Running the evict task with compensationTime 5ms | [com.netflix.eureka.registry.AbstractInstanceRegistry$EvictionTask:1250]
2019-10-11 16:37:34.877| Eureka-EvictionTimer | INFO |  -  | Running the evict task with compensationTime 3ms | [com.netflix.eureka.registry.AbstractInstanceRegistry$EvictionTask:1250]
2019-10-11 16:37:46.014| http-nio-1111-exec-1 | INFO |  -  | Registered instance BASIC/192.168.10.206:basic:8111 with status DOWN (replication=false) | [com.netflix.eureka.registry.AbstractInstanceRegistry:266]
2019-10-11 16:37:49.043| http-nio-1111-exec-3 | INFO |  -  | Cancelled instance BASIC/192.168.10.206:basic:8111 (replication=false) | [com.netflix.eureka.registry.AbstractInstanceRegistry:330]
2019-10-11 16:38:11.012| http-nio-1111-exec-7 | INFO |  -  | Registered instance BASIC/192.168.10.206:basic:8111 with status UP (replication=false) | [com.netflix.eureka.registry.AbstractInstanceRegistry:266]
2019-10-11 16:38:34.880| Eureka-EvictionTimer | INFO |  -  | Running the evict task with compensationTime 3ms | [com.netflix.eureka.registry.AbstractInstanceRegistry$EvictionTask:1250]
2019-10-11 16:39:07.293| http-nio-1111-exec-8 | INFO |  -  | Registered instance BASIC/192.168.10.206:basic:8111 with status DOWN (replication=false) | [com.netflix.eureka.registry.AbstractInstanceRegistry:266]
2019-10-11 16:39:10.331| http-nio-1111-exec-5 | INFO |  -  | Cancelled instance BASIC/192.168.10.206:basic:8111 (replication=false) | [com.netflix.eureka.registry.AbstractInstanceRegistry:330]
2019-10-11 16:39:30.035| http-nio-1111-exec-3 | INFO |  -  | Registered instance BASIC/192.168.10.206:basic:8111 with status UP (replication=false) | [com.netflix.eureka.registry.AbstractInstanceRegistry:266]
2019-10-11 16:39:34.883| Eureka-EvictionTimer | INFO |  -  | Running the evict task with compensationTime 1ms | [com.netflix.eureka.registry.AbstractInstanceRegistry$EvictionTask:1250]
2019-10-11 16:40:34.884| Eureka-EvictionTimer | INFO |  -  | Running the evict task with compensationTime 2ms | [com.netflix.eureka.registry.AbstractInstanceRegistry$EvictionTask:1250]
2019-10-11 16:41:34.888| Eureka-EvictionTimer | INFO |  -  | Running the evict task with compensationTime 4ms | [com.netflix.eureka.registry.AbstractInstanceRegistry$EvictionTask:1250]
2019-10-11 16:42:33.763| ReplicaAwareInstanceRegistry - RenewalThresholdUpdater | INFO |  -  | Current renewal threshold is : 5 | [com.netflix.eureka.registry.PeerAwareInstanceRegistryImpl:539]
2019-10-11 16:42:33.860| Eureka-PeerNodesUpdater | WARN |  -  | The replica size seems to be empty. Check the route 53 DNS Registry | [com.netflix.eureka.cluster.PeerEurekaNodes:155]
2019-10-11 16:42:34.892| Eureka-EvictionTimer | INFO |  -  | Running the evict task with compensationTime 3ms | [com.netflix.eureka.registry.AbstractInstanceRegistry$EvictionTask:1250]
2019-10-11 16:52:13.486| Eureka-EvictionTimer | INFO |  -  | Running the evict task with compensationTime 3ms | [com.netflix.eureka.registry.AbstractInstanceRegistry$EvictionTask:1250]
2019-10-11 16:53:13.491| Eureka-EvictionTimer | INFO |  -  | Running the evict task with compensationTime 5ms | [com.netflix.eureka.registry.AbstractInstanceRegistry$EvictionTask:1250]
2019-10-11 16:54:13.494| Eureka-EvictionTimer | INFO |  -  | Running the evict task with compensationTime 2ms | [com.netflix.eureka.registry.AbstractInstanceRegistry$EvictionTask:1250]
2019-10-11 16:55:13.498| Eureka-EvictionTimer | INFO |  -  | Running the evict task with compensationTime 4ms | [com.netflix.eureka.registry.AbstractInstanceRegistry$EvictionTask:1250]
2019-10-11 16:56:13.500| Eureka-EvictionTimer | INFO |  -  | Running the evict task with compensationTime 1ms | [com.netflix.eureka.registry.AbstractInstanceRegistry$EvictionTask:1250]
2019-10-11 16:57:13.505| Eureka-EvictionTimer | INFO |  -  | Running the evict task with compensationTime 5ms | [com.netflix.eureka.registry.AbstractInstanceRegistry$EvictionTask:1250]
2019-10-11 16:58:13.509| Eureka-EvictionTimer | INFO |  -  | Running the evict task with compensationTime 3ms | [com.netflix.eureka.registry.AbstractInstanceRegistry$EvictionTask:1250]
2019-10-11 16:59:00.334| http-nio-1111-exec-3 | INFO |  -  | Registered instance BASIC/192.168.10.206:basic:8111 with status DOWN (replication=false) | [com.netflix.eureka.registry.AbstractInstanceRegistry:266]
2019-10-11 16:59:03.365| http-nio-1111-exec-1 | INFO |  -  | Cancelled instance BASIC/192.168.10.206:basic:8111 (replication=false) | [com.netflix.eureka.registry.AbstractInstanceRegistry:330]
2019-10-11 16:59:13.512| Eureka-EvictionTimer | INFO |  -  | Running the evict task with compensationTime 3ms | [com.netflix.eureka.registry.AbstractInstanceRegistry$EvictionTask:1250]
2019-10-11 16:59:28.280| http-nio-1111-exec-7 | INFO |  -  | Registered instance BASIC/192.168.10.206:basic:8111 with status UP (replication=false) | [com.netflix.eureka.registry.AbstractInstanceRegistry:266]
2019-10-11 16:59:47.001| http-nio-1111-exec-3 | INFO |  -  | Registered instance BASIC/192.168.10.206:basic:8111 with status DOWN (replication=false) | [com.netflix.eureka.registry.AbstractInstanceRegistry:266]
2019-10-11 16:59:50.034| http-nio-1111-exec-1 | INFO |  -  | Cancelled instance BASIC/192.168.10.206:basic:8111 (replication=false) | [com.netflix.eureka.registry.AbstractInstanceRegistry:330]
2019-10-11 17:00:06.752| http-nio-1111-exec-6 | INFO |  -  | Registered instance BASIC/192.168.10.206:basic:8111 with status UP (replication=false) | [com.netflix.eureka.registry.AbstractInstanceRegistry:266]
2019-10-11 17:00:13.517| Eureka-EvictionTimer | INFO |  -  | Running the evict task with compensationTime 4ms | [com.netflix.eureka.registry.AbstractInstanceRegistry$EvictionTask:1250]
2019-10-11 17:01:10.186| http-nio-1111-exec-5 | INFO |  -  | Registered instance BASIC/192.168.10.206:basic:8111 with status DOWN (replication=false) | [com.netflix.eureka.registry.AbstractInstanceRegistry:266]
2019-10-11 17:01:12.457| Eureka-PeerNodesUpdater | WARN |  -  | The replica size seems to be empty. Check the route 53 DNS Registry | [com.netflix.eureka.cluster.PeerEurekaNodes:155]
2019-10-11 17:01:13.216| http-nio-1111-exec-6 | INFO |  -  | Cancelled instance BASIC/192.168.10.206:basic:8111 (replication=false) | [com.netflix.eureka.registry.AbstractInstanceRegistry:330]
2019-10-11 17:01:13.520| Eureka-EvictionTimer | INFO |  -  | Running the evict task with compensationTime 2ms | [com.netflix.eureka.registry.AbstractInstanceRegistry$EvictionTask:1250]
2019-10-11 17:01:41.276| http-nio-1111-exec-1 | INFO |  -  | Registered instance BASIC/192.168.10.206:basic:8111 with status UP (replication=false) | [com.netflix.eureka.registry.AbstractInstanceRegistry:266]
2019-10-11 17:02:13.522| Eureka-EvictionTimer | INFO |  -  | Running the evict task with compensationTime 2ms | [com.netflix.eureka.registry.AbstractInstanceRegistry$EvictionTask:1250]
2019-10-11 17:02:23.596| http-nio-1111-exec-7 | INFO |  -  | Registered instance BASIC/192.168.10.206:basic:8111 with status DOWN (replication=false) | [com.netflix.eureka.registry.AbstractInstanceRegistry:266]
2019-10-11 17:02:26.643| http-nio-1111-exec-2 | INFO |  -  | Cancelled instance BASIC/192.168.10.206:basic:8111 (replication=false) | [com.netflix.eureka.registry.AbstractInstanceRegistry:330]
2019-10-11 17:02:49.516| http-nio-1111-exec-8 | INFO |  -  | Registered instance BASIC/192.168.10.206:basic:8111 with status UP (replication=false) | [com.netflix.eureka.registry.AbstractInstanceRegistry:266]
2019-10-11 17:03:13.525| Eureka-EvictionTimer | INFO |  -  | Running the evict task with compensationTime 3ms | [com.netflix.eureka.registry.AbstractInstanceRegistry$EvictionTask:1250]
2019-10-11 17:03:20.470| http-nio-1111-exec-3 | INFO |  -  | Registered instance BASIC/192.168.10.206:basic:8111 with status DOWN (replication=false) | [com.netflix.eureka.registry.AbstractInstanceRegistry:266]
2019-10-11 17:03:23.510| http-nio-1111-exec-10 | INFO |  -  | Cancelled instance BASIC/192.168.10.206:basic:8111 (replication=false) | [com.netflix.eureka.registry.AbstractInstanceRegistry:330]
2019-10-11 17:03:43.140| http-nio-1111-exec-6 | INFO |  -  | Registered instance BASIC/192.168.10.206:basic:8111 with status UP (replication=false) | [com.netflix.eureka.registry.AbstractInstanceRegistry:266]
2019-10-11 17:04:13.530| Eureka-EvictionTimer | INFO |  -  | Running the evict task with compensationTime 4ms | [com.netflix.eureka.registry.AbstractInstanceRegistry$EvictionTask:1250]
2019-10-11 17:05:13.532| Eureka-EvictionTimer | INFO |  -  | Running the evict task with compensationTime 2ms | [com.netflix.eureka.registry.AbstractInstanceRegistry$EvictionTask:1250]
2019-10-11 17:06:12.358| ReplicaAwareInstanceRegistry - RenewalThresholdUpdater | INFO |  -  | Current renewal threshold is : 5 | [com.netflix.eureka.registry.PeerAwareInstanceRegistryImpl:539]
2019-10-11 17:06:13.536| Eureka-EvictionTimer | INFO |  -  | Running the evict task with compensationTime 3ms | [com.netflix.eureka.registry.AbstractInstanceRegistry$EvictionTask:1250]
2019-10-11 17:07:13.539| Eureka-EvictionTimer | INFO |  -  | Running the evict task with compensationTime 2ms | [com.netflix.eureka.registry.AbstractInstanceRegistry$EvictionTask:1250]
2019-10-11 17:07:48.417| http-nio-1111-exec-3 | INFO |  -  | Registered instance BASIC/192.168.10.206:basic:8111 with status DOWN (replication=false) | [com.netflix.eureka.registry.AbstractInstanceRegistry:266]
2019-10-11 17:07:51.452| http-nio-1111-exec-10 | INFO |  -  | Cancelled instance BASIC/192.168.10.206:basic:8111 (replication=false) | [com.netflix.eureka.registry.AbstractInstanceRegistry:330]
2019-10-11 17:08:13.542| Eureka-EvictionTimer | INFO |  -  | Running the evict task with compensationTime 2ms | [com.netflix.eureka.registry.AbstractInstanceRegistry$EvictionTask:1250]
2019-10-11 17:08:14.448| http-nio-1111-exec-5 | INFO |  -  | Registered instance BASIC/192.168.10.206:basic:8111 with status UP (replication=false) | [com.netflix.eureka.registry.AbstractInstanceRegistry:266]
2019-10-11 17:09:13.546| Eureka-EvictionTimer | INFO |  -  | Running the evict task with compensationTime 4ms | [com.netflix.eureka.registry.AbstractInstanceRegistry$EvictionTask:1250]
