2019-12-31 09:54:05.017| main | INFO |  -  | Bean 'org.springframework.cloud.autoconfigure.ConfigurationPropertiesRebinderAutoConfiguration' of type [org.springframework.cloud.autoconfigure.ConfigurationPropertiesRebinderAutoConfiguration$$EnhancerBySpringCGLIB$$367c0303] is not eligible for getting processed by all BeanPostProcessors (for example: not eligible for auto-proxying) | [org.springframework.context.support.PostProcessorRegistrationDelegate$BeanPostProcessorChecker:330]
2019-12-31 09:54:05.218| main | INFO |  -  | Setting initial instance status as: STARTING | [org.springframework.cloud.netflix.eureka.InstanceInfoFactory:72]
2019-12-31 09:54:05.370| main | INFO |  -  | Initializing Eureka in region us-east-1 | [com.netflix.discovery.DiscoveryClient:365]
2019-12-31 09:54:05.728| main | INFO |  -  | Using JSON encoding codec LegacyJacksonJson | [com.netflix.discovery.provider.DiscoveryJerseyProvider:70]
2019-12-31 09:54:05.730| main | INFO |  -  | Using JSON decoding codec LegacyJacksonJson | [com.netflix.discovery.provider.DiscoveryJerseyProvider:71]
2019-12-31 09:54:05.986| main | INFO |  -  | Using XML encoding codec XStreamXml | [com.netflix.discovery.provider.DiscoveryJerseyProvider:80]
2019-12-31 09:54:05.987| main | INFO |  -  | Using XML decoding codec XStreamXml | [com.netflix.discovery.provider.DiscoveryJerseyProvider:81]
2019-12-31 09:54:06.401| main | INFO |  -  | Resolving eureka endpoints via configuration | [com.netflix.discovery.shared.resolver.aws.ConfigClusterResolver:43]
2019-12-31 09:54:06.429| main | INFO |  -  | Disable delta property : false | [com.netflix.discovery.DiscoveryClient:976]
2019-12-31 09:54:06.430| main | INFO |  -  | Single vip registry refresh property : null | [com.netflix.discovery.DiscoveryClient:977]
2019-12-31 09:54:06.430| main | INFO |  -  | Force full registry fetch : false | [com.netflix.discovery.DiscoveryClient:978]
2019-12-31 09:54:06.430| main | INFO |  -  | Application is null : false | [com.netflix.discovery.DiscoveryClient:979]
2019-12-31 09:54:06.431| main | INFO |  -  | Registered Applications size is zero : true | [com.netflix.discovery.DiscoveryClient:980]
2019-12-31 09:54:06.431| main | INFO |  -  | Application version is -1: true | [com.netflix.discovery.DiscoveryClient:982]
2019-12-31 09:54:06.431| main | INFO |  -  | Getting all instance registry info from the eureka server | [com.netflix.discovery.DiscoveryClient:1065]
2019-12-31 09:54:06.896| main | INFO |  -  | The response status is 200 | [com.netflix.discovery.DiscoveryClient:1074]
2019-12-31 09:54:06.901| main | INFO |  -  | Not registering with Eureka server per configuration | [com.netflix.discovery.DiscoveryClient:1335]
2019-12-31 09:54:06.910| main | INFO |  -  | Discovery Client initialized at timestamp 1577757246908 with initial instances count: 1 | [com.netflix.discovery.DiscoveryClient:465]
2019-12-31 09:54:06.973| main | INFO |  -  | Registering application CLOUD-ZUUL with eureka with status UP | [org.springframework.cloud.netflix.eureka.serviceregistry.EurekaServiceRegistry:41]
2019-12-31 09:54:07.079| main | INFO |  -  | Fetching config from server at : http://192.168.10.93:1112/ | [org.springframework.cloud.config.client.ConfigServicePropertySourceLocator:207]
2019-12-31 09:54:08.944| main | INFO |  -  | Located environment: name=cloud-zuul, profiles=[dev], label=dev, version=62297162f7cee2024cdd06a6b831e375585c0287, state=null | [org.springframework.cloud.config.client.ConfigServicePropertySourceLocator:151]
2019-12-31 09:54:08.945| main | INFO |  -  | Located property source: CompositePropertySource {name='configService', propertySources=[MapPropertySource {name='configClient'}, MapPropertySource {name='https://github.com/wglg550/mycloud.git/cloud-config/cloud-config-module/cloud-zuul/cloud-zuul-dev.yml'}]} | [org.springframework.cloud.bootstrap.config.PropertySourceBootstrapConfiguration:101]
2019-12-31 09:54:09.021| main | INFO |  -  | The following profiles are active: dev | [org.springframework.boot.SpringApplication:652]
2019-12-31 09:54:10.452| main | INFO |  -  | Multiple Spring Data modules found, entering strict repository configuration mode! | [org.springframework.data.repository.config.RepositoryConfigurationDelegate:244]
2019-12-31 09:54:10.456| main | INFO |  -  | Bootstrapping Spring Data repositories in DEFAULT mode. | [org.springframework.data.repository.config.RepositoryConfigurationDelegate:126]
2019-12-31 09:54:10.498| main | INFO |  -  | Finished Spring Data repository scanning in 22ms. Found 0 repository interfaces. | [org.springframework.data.repository.config.RepositoryConfigurationDelegate:182]
2019-12-31 09:54:10.635| main | WARN |  -  | Endpoint ID 'service-registry' contains invalid characters, please migrate to a valid format. | [org.springframework.boot.actuate.endpoint.EndpointId:131]
2019-12-31 09:54:10.751| main | WARN |  -  | Endpoint ID 'hystrix.stream' contains invalid characters, please migrate to a valid format. | [org.springframework.boot.actuate.endpoint.EndpointId:131]
2019-12-31 09:54:11.316| main | INFO |  -  | BeanFactory id=a860681a-1828-3663-97c8-c45981c13f3a | [org.springframework.cloud.context.scope.GenericScope:295]
2019-12-31 09:54:11.775| main | INFO |  -  | Bean 'org.springframework.cloud.autoconfigure.ConfigurationPropertiesRebinderAutoConfiguration' of type [org.springframework.cloud.autoconfigure.ConfigurationPropertiesRebinderAutoConfiguration$$EnhancerBySpringCGLIB$$367c0303] is not eligible for getting processed by all BeanPostProcessors (for example: not eligible for auto-proxying) | [org.springframework.context.support.PostProcessorRegistrationDelegate$BeanPostProcessorChecker:330]
2019-12-31 09:54:11.789| main | INFO |  -  | Bean 'org.springframework.cloud.sleuth.instrument.web.client.TraceWebClientAutoConfiguration$TraceOAuthConfiguration' of type [org.springframework.cloud.sleuth.instrument.web.client.TraceWebClientAutoConfiguration$TraceOAuthConfiguration$$EnhancerBySpringCGLIB$$5f5e9265] is not eligible for getting processed by all BeanPostProcessors (for example: not eligible for auto-proxying) | [org.springframework.context.support.PostProcessorRegistrationDelegate$BeanPostProcessorChecker:330]
2019-12-31 09:54:12.335| main | INFO |  -  | Tomcat initialized with port(s): 2111 (http) | [org.springframework.boot.web.embedded.tomcat.TomcatWebServer:90]
2019-12-31 09:54:12.359| main | INFO |  -  | Initializing ProtocolHandler ["http-nio-2111"] | [org.apache.juli.logging.DirectJDKLog:173]
2019-12-31 09:54:12.372| main | INFO |  -  | Starting service [Tomcat] | [org.apache.juli.logging.DirectJDKLog:173]
2019-12-31 09:54:12.373| main | INFO |  -  | Starting Servlet engine: [Apache Tomcat/9.0.24] | [org.apache.juli.logging.DirectJDKLog:173]
2019-12-31 09:54:12.588| main | INFO |  -  | Initializing Spring embedded WebApplicationContext | [org.apache.juli.logging.DirectJDKLog:173]
2019-12-31 09:54:12.588| main | INFO |  -  | Root WebApplicationContext: initialization completed in 3540 ms | [org.springframework.boot.web.servlet.context.ServletWebServerApplicationContext:284]
2019-12-31 09:54:12.608| main | WARN |  -  | No URLs will be polled as dynamic configuration sources. | [com.netflix.config.sources.URLConfigurationSource:121]
2019-12-31 09:54:12.609| main | INFO |  -  | To enable URLs as dynamic configuration sources, define System property archaius.configurationSource.additionalUrls or make config.properties available on classpath. | [com.netflix.config.sources.URLConfigurationSource:122]
2019-12-31 09:54:12.618| main | INFO |  -  | DynamicPropertyFactory is initialized with configuration sources: com.netflix.config.ConcurrentCompositeConfiguration@8c18bde | [com.netflix.config.DynamicPropertyFactory:281]
2019-12-31 09:54:16.544| main | WARN |  -  | No URLs will be polled as dynamic configuration sources. | [com.netflix.config.sources.URLConfigurationSource:121]
2019-12-31 09:54:16.544| main | INFO |  -  | To enable URLs as dynamic configuration sources, define System property archaius.configurationSource.additionalUrls or make config.properties available on classpath. | [com.netflix.config.sources.URLConfigurationSource:122]
2019-12-31 09:54:18.595| main | INFO |  -  | Initializing ExecutorService 'applicationTaskExecutor' | [org.springframework.scheduling.concurrent.ExecutorConfigurationSupport:171]
2019-12-31 09:54:21.129| main | INFO |  -  | 

Using generated security password: 8a326a88-2620-4804-822f-6b17400275a5
 | [org.springframework.boot.autoconfigure.security.servlet.UserDetailsServiceAutoConfiguration:83]
2019-12-31 09:54:21.954| main | INFO |  -  | Creating filter chain: any request, [org.springframework.security.web.context.request.async.WebAsyncManagerIntegrationFilter@79392584, org.springframework.security.web.context.SecurityContextPersistenceFilter@104e6540, org.springframework.security.web.header.HeaderWriterFilter@106c3e0a, org.springframework.security.web.authentication.logout.LogoutFilter@339b45f8, org.springframework.security.oauth2.provider.authentication.OAuth2AuthenticationProcessingFilter@77350382, org.springframework.security.web.savedrequest.RequestCacheAwareFilter@735dc133, org.springframework.security.web.servletapi.SecurityContextHolderAwareRequestFilter@f36c8b1, org.springframework.security.web.authentication.AnonymousAuthenticationFilter@cf82c58, org.springframework.security.web.session.SessionManagementFilter@e09c7a2, org.springframework.security.web.access.ExceptionTranslationFilter@7ef34eb3, org.springframework.security.web.access.intercept.FilterSecurityInterceptor@14f03f2] | [org.springframework.security.web.DefaultSecurityFilterChain:43]
2019-12-31 09:54:22.890| main | INFO |  -  | Shutting down DiscoveryClient ... | [com.netflix.discovery.DiscoveryClient:906]
2019-12-31 09:54:22.901| main | INFO |  -  | Completed shut down of DiscoveryClient | [com.netflix.discovery.DiscoveryClient:929]
2019-12-31 09:54:23.081| main | INFO |  -  | Starting filter initializer | [org.springframework.cloud.netflix.zuul.ZuulFilterInitializer:67]
2019-12-31 09:54:23.269| main | INFO |  -  | Exposing 2 endpoint(s) beneath base path '/actuator' | [org.springframework.boot.actuate.endpoint.web.EndpointLinksResolver:58]
2019-12-31 09:54:23.512| main | INFO |  -  | Setting initial instance status as: STARTING | [org.springframework.cloud.netflix.eureka.InstanceInfoFactory:72]
2019-12-31 09:54:23.537| main | INFO |  -  | Initializing Eureka in region us-east-1 | [com.netflix.discovery.DiscoveryClient:365]
2019-12-31 09:54:23.554| main | INFO |  -  | Using JSON encoding codec LegacyJacksonJson | [com.netflix.discovery.provider.DiscoveryJerseyProvider:70]
2019-12-31 09:54:23.559| main | INFO |  -  | Using JSON decoding codec LegacyJacksonJson | [com.netflix.discovery.provider.DiscoveryJerseyProvider:71]
2019-12-31 09:54:23.559| main | INFO |  -  | Using XML encoding codec XStreamXml | [com.netflix.discovery.provider.DiscoveryJerseyProvider:80]
2019-12-31 09:54:23.560| main | INFO |  -  | Using XML decoding codec XStreamXml | [com.netflix.discovery.provider.DiscoveryJerseyProvider:81]
2019-12-31 09:54:23.714| main | INFO |  -  | Resolving eureka endpoints via configuration | [com.netflix.discovery.shared.resolver.aws.ConfigClusterResolver:43]
2019-12-31 09:54:23.716| main | INFO |  -  | Disable delta property : false | [com.netflix.discovery.DiscoveryClient:976]
2019-12-31 09:54:23.716| main | INFO |  -  | Single vip registry refresh property : null | [com.netflix.discovery.DiscoveryClient:977]
2019-12-31 09:54:23.716| main | INFO |  -  | Force full registry fetch : false | [com.netflix.discovery.DiscoveryClient:978]
2019-12-31 09:54:23.717| main | INFO |  -  | Application is null : false | [com.netflix.discovery.DiscoveryClient:979]
2019-12-31 09:54:23.717| main | INFO |  -  | Registered Applications size is zero : true | [com.netflix.discovery.DiscoveryClient:980]
2019-12-31 09:54:23.717| main | INFO |  -  | Application version is -1: true | [com.netflix.discovery.DiscoveryClient:982]
2019-12-31 09:54:23.718| main | INFO |  -  | Getting all instance registry info from the eureka server | [com.netflix.discovery.DiscoveryClient:1065]
2019-12-31 09:54:23.872| main | INFO |  -  | The response status is 200 | [com.netflix.discovery.DiscoveryClient:1074]
2019-12-31 09:54:23.874| main | INFO |  -  | Starting heartbeat executor: renew interval is: 30 | [com.netflix.discovery.DiscoveryClient:1288]
2019-12-31 09:54:23.879| main | INFO |  -  | InstanceInfoReplicator onDemand update allowed rate per min is 4 | [com.netflix.discovery.InstanceInfoReplicator:60]
2019-12-31 09:54:23.884| main | INFO |  -  | Discovery Client initialized at timestamp 1577757263884 with initial instances count: 1 | [com.netflix.discovery.DiscoveryClient:465]
2019-12-31 09:54:23.897| main | INFO |  -  | Registering application CLOUD-ZUUL with eureka with status UP | [org.springframework.cloud.netflix.eureka.serviceregistry.EurekaServiceRegistry:41]
2019-12-31 09:54:23.900| main | INFO |  -  | Saw local status change event StatusChangeEvent [timestamp=1577757263899, current=UP, previous=STARTING] | [com.netflix.discovery.DiscoveryClient$3:1323]
2019-12-31 09:54:23.905| DiscoveryClient-InstanceInfoReplicator-0 | INFO |  -  | DiscoveryClient_CLOUD-ZUUL/192.168.10.93:cloud-zuul:2111: registering service... | [com.netflix.discovery.DiscoveryClient:844]
2019-12-31 09:54:24.037| DiscoveryClient-InstanceInfoReplicator-0 | INFO |  -  | DiscoveryClient_CLOUD-ZUUL/192.168.10.93:cloud-zuul:2111 - registration status: 204 | [com.netflix.discovery.DiscoveryClient:853]
2019-12-31 09:54:24.054| main | INFO |  -  | Starting ProtocolHandler ["http-nio-2111"] | [org.apache.juli.logging.DirectJDKLog:173]
2019-12-31 09:54:24.132| main | INFO |  -  | Tomcat started on port(s): 2111 (http) with context path '' | [org.springframework.boot.web.embedded.tomcat.TomcatWebServer:202]
2019-12-31 09:54:24.134| main | INFO |  -  | Updating port to 2111 | [org.springframework.cloud.netflix.eureka.serviceregistry.EurekaAutoServiceRegistration:145]
2019-12-31 09:54:24.135| main | INFO |  -  | Updating port to 2111 | [org.springframework.cloud.netflix.eureka.serviceregistry.EurekaAutoServiceRegistration:145]
2019-12-31 09:54:24.139| main | INFO |  -  | Started CloudZuulApplication in 22.127 seconds (JVM running for 23.942) | [org.springframework.boot.StartupInfoLogger:59]
2019-12-31 09:54:26.111| RMI TCP Connection(11)-127.0.0.1 | INFO |  -  | Initializing Spring DispatcherServlet 'dispatcherServlet' | [org.apache.juli.logging.DirectJDKLog:173]
2019-12-31 09:54:26.113| RMI TCP Connection(11)-127.0.0.1 | INFO |  -  | Initializing Servlet 'dispatcherServlet' | [org.springframework.web.servlet.FrameworkServlet:524]
2019-12-31 09:54:26.159| RMI TCP Connection(11)-127.0.0.1 | INFO |  -  | Completed initialization in 45 ms | [org.springframework.web.servlet.FrameworkServlet:546]
2019-12-31 09:54:26.176| RMI TCP Connection(9)-127.0.0.1 | INFO |  -  | Fetching config from server at : http://192.168.10.93:1112/ | [org.springframework.cloud.config.client.ConfigServicePropertySourceLocator:207]
2019-12-31 09:54:27.452| RMI TCP Connection(9)-127.0.0.1 | INFO |  -  | Located environment: name=cloud-zuul, profiles=[dev], label=dev, version=62297162f7cee2024cdd06a6b831e375585c0287, state=null | [org.springframework.cloud.config.client.ConfigServicePropertySourceLocator:151]
2019-12-31 09:59:23.725| AsyncResolver-bootstrap-executor-0 | INFO |  -  | Resolving eureka endpoints via configuration | [com.netflix.discovery.shared.resolver.aws.ConfigClusterResolver:43]
2019-12-31 10:01:01.980| http-nio-2111-exec-2 | INFO |  -  | 

Proxy opening connection to: http://localhost:2111/hystrix.stream?delay=100

 | [org.springframework.cloud.netflix.hystrix.dashboard.HystrixDashboardConfiguration$ProxyStreamServlet:173]
2019-12-31 10:01:01.983| http-nio-2111-exec-4 | INFO |  -  | 

Proxy opening connection to: http://localhost:2111/hystrix.stream?delay=100

 | [org.springframework.cloud.netflix.hystrix.dashboard.HystrixDashboardConfiguration$ProxyStreamServlet:173]
2019-12-31 10:01:02.542| AsyncReporter{org.springframework.cloud.sleuth.zipkin2.sender.RestTemplateSender@58679ff} | INFO |  -  | Flipping property: localhost.ribbon.ActiveConnectionsLimit to use NEXT property: niws.loadbalancer.availabilityFilteringRule.activeConnectionsLimit = 2147483647 | [com.netflix.config.ChainedDynamicProperty$ChainLink:115]
2019-12-31 10:01:02.628| AsyncReporter{org.springframework.cloud.sleuth.zipkin2.sender.RestTemplateSender@58679ff} | INFO |  -  | Shutdown hook installed for: NFLoadBalancer-PingTimer-localhost | [com.netflix.util.concurrent.ShutdownEnabledTimer:58]
2019-12-31 10:01:02.629| AsyncReporter{org.springframework.cloud.sleuth.zipkin2.sender.RestTemplateSender@58679ff} | INFO |  -  | Client: localhost instantiated a LoadBalancer: DynamicServerListLoadBalancer:{NFLoadBalancer:name=localhost,current list of Servers=[],Load balancer stats=Zone stats: {},Server stats: []}ServerList:null | [com.netflix.loadbalancer.BaseLoadBalancer:197]
2019-12-31 10:01:02.642| AsyncReporter{org.springframework.cloud.sleuth.zipkin2.sender.RestTemplateSender@58679ff} | INFO |  -  | Using serverListUpdater PollingServerListUpdater | [com.netflix.loadbalancer.DynamicServerListLoadBalancer:222]
2019-12-31 10:01:02.649| AsyncReporter{org.springframework.cloud.sleuth.zipkin2.sender.RestTemplateSender@58679ff} | INFO |  -  | DynamicServerListLoadBalancer for client localhost initialized: DynamicServerListLoadBalancer:{NFLoadBalancer:name=localhost,current list of Servers=[],Load balancer stats=Zone stats: {},Server stats: []}ServerList:org.springframework.cloud.netflix.ribbon.eureka.DomainExtractingServerList@9089371 | [com.netflix.loadbalancer.DynamicServerListLoadBalancer:150]
2019-12-31 10:04:23.739| AsyncResolver-bootstrap-executor-0 | INFO |  -  | Resolving eureka endpoints via configuration | [com.netflix.discovery.shared.resolver.aws.ConfigClusterResolver:43]
2019-12-31 10:09:23.750| AsyncResolver-bootstrap-executor-0 | INFO |  -  | Resolving eureka endpoints via configuration | [com.netflix.discovery.shared.resolver.aws.ConfigClusterResolver:43]
2019-12-31 10:14:23.759| AsyncResolver-bootstrap-executor-0 | INFO |  -  | Resolving eureka endpoints via configuration | [com.netflix.discovery.shared.resolver.aws.ConfigClusterResolver:43]
2019-12-31 10:19:23.769| AsyncResolver-bootstrap-executor-0 | INFO |  -  | Resolving eureka endpoints via configuration | [com.netflix.discovery.shared.resolver.aws.ConfigClusterResolver:43]
2019-12-31 10:24:23.782| AsyncResolver-bootstrap-executor-0 | INFO |  -  | Resolving eureka endpoints via configuration | [com.netflix.discovery.shared.resolver.aws.ConfigClusterResolver:43]
2019-12-31 10:29:23.797| AsyncResolver-bootstrap-executor-0 | INFO |  -  | Resolving eureka endpoints via configuration | [com.netflix.discovery.shared.resolver.aws.ConfigClusterResolver:43]
2019-12-31 10:34:23.808| AsyncResolver-bootstrap-executor-0 | INFO |  -  | Resolving eureka endpoints via configuration | [com.netflix.discovery.shared.resolver.aws.ConfigClusterResolver:43]
2019-12-31 10:39:23.818| AsyncResolver-bootstrap-executor-0 | INFO |  -  | Resolving eureka endpoints via configuration | [com.netflix.discovery.shared.resolver.aws.ConfigClusterResolver:43]
2019-12-31 10:44:23.828| AsyncResolver-bootstrap-executor-0 | INFO |  -  | Resolving eureka endpoints via configuration | [com.netflix.discovery.shared.resolver.aws.ConfigClusterResolver:43]
2019-12-31 10:49:23.840| AsyncResolver-bootstrap-executor-0 | INFO |  -  | Resolving eureka endpoints via configuration | [com.netflix.discovery.shared.resolver.aws.ConfigClusterResolver:43]
2019-12-31 10:54:23.850| AsyncResolver-bootstrap-executor-0 | INFO |  -  | Resolving eureka endpoints via configuration | [com.netflix.discovery.shared.resolver.aws.ConfigClusterResolver:43]
2019-12-31 10:59:23.861| AsyncResolver-bootstrap-executor-0 | INFO |  -  | Resolving eureka endpoints via configuration | [com.netflix.discovery.shared.resolver.aws.ConfigClusterResolver:43]
2019-12-31 11:04:23.875| AsyncResolver-bootstrap-executor-0 | INFO |  -  | Resolving eureka endpoints via configuration | [com.netflix.discovery.shared.resolver.aws.ConfigClusterResolver:43]
2019-12-31 11:09:23.885| AsyncResolver-bootstrap-executor-0 | INFO |  -  | Resolving eureka endpoints via configuration | [com.netflix.discovery.shared.resolver.aws.ConfigClusterResolver:43]
2019-12-31 11:14:23.899| AsyncResolver-bootstrap-executor-0 | INFO |  -  | Resolving eureka endpoints via configuration | [com.netflix.discovery.shared.resolver.aws.ConfigClusterResolver:43]
2019-12-31 11:19:23.910| AsyncResolver-bootstrap-executor-0 | INFO |  -  | Resolving eureka endpoints via configuration | [com.netflix.discovery.shared.resolver.aws.ConfigClusterResolver:43]
2019-12-31 11:23:07.047| http-nio-2111-exec-6 | INFO |  -  | 

Proxy opening connection to: http://localhost:2111/hystrix.stream?delay=100

 | [org.springframework.cloud.netflix.hystrix.dashboard.HystrixDashboardConfiguration$ProxyStreamServlet:173]
2019-12-31 11:23:07.048| http-nio-2111-exec-10 | INFO |  -  | 

Proxy opening connection to: http://localhost:2111/hystrix.stream?delay=100

 | [org.springframework.cloud.netflix.hystrix.dashboard.HystrixDashboardConfiguration$ProxyStreamServlet:173]
2019-12-31 11:24:23.921| AsyncResolver-bootstrap-executor-0 | INFO |  -  | Resolving eureka endpoints via configuration | [com.netflix.discovery.shared.resolver.aws.ConfigClusterResolver:43]
2019-12-31 11:29:23.928| AsyncResolver-bootstrap-executor-0 | INFO |  -  | Resolving eureka endpoints via configuration | [com.netflix.discovery.shared.resolver.aws.ConfigClusterResolver:43]
2019-12-31 11:34:23.944| AsyncResolver-bootstrap-executor-0 | INFO |  -  | Resolving eureka endpoints via configuration | [com.netflix.discovery.shared.resolver.aws.ConfigClusterResolver:43]
2019-12-31 11:39:23.951| AsyncResolver-bootstrap-executor-0 | INFO |  -  | Resolving eureka endpoints via configuration | [com.netflix.discovery.shared.resolver.aws.ConfigClusterResolver:43]
2019-12-31 11:44:23.958| AsyncResolver-bootstrap-executor-0 | INFO |  -  | Resolving eureka endpoints via configuration | [com.netflix.discovery.shared.resolver.aws.ConfigClusterResolver:43]
2019-12-31 11:46:11.281| Thread-62 | INFO |  -  | Shutting down the Executor Pool for PollingServerListUpdater | [com.netflix.loadbalancer.PollingServerListUpdater$LazyHolder$2:53]
2019-12-31 11:46:11.288| Thread-50 | INFO |  -  | Unregistering application CLOUD-ZUUL with eureka with status DOWN | [org.springframework.cloud.netflix.eureka.serviceregistry.EurekaServiceRegistry:65]
2019-12-31 11:46:11.291| Thread-50 | WARN |  -  | Saw local status change event StatusChangeEvent [timestamp=1577763971291, current=DOWN, previous=UP] | [com.netflix.discovery.DiscoveryClient$3:1321]
2019-12-31 11:46:11.298| DiscoveryClient-InstanceInfoReplicator-0 | INFO |  -  | DiscoveryClient_CLOUD-ZUUL/192.168.10.93:cloud-zuul:2111: registering service... | [com.netflix.discovery.DiscoveryClient:844]
2019-12-31 11:46:11.320| DiscoveryClient-InstanceInfoReplicator-0 | INFO |  -  | DiscoveryClient_CLOUD-ZUUL/192.168.10.93:cloud-zuul:2111 - registration status: 204 | [com.netflix.discovery.DiscoveryClient:853]
2019-12-31 11:46:11.337| Thread-50 | INFO |  -  | Stopping filter initializer | [org.springframework.cloud.netflix.zuul.ZuulFilterInitializer:79]
2019-12-31 11:46:11.395| Thread-50 | INFO |  -  | Shutting down ExecutorService 'applicationTaskExecutor' | [org.springframework.scheduling.concurrent.ExecutorConfigurationSupport:208]
2019-12-31 11:46:12.465| Thread-50 | INFO |  -  | Shutdown hook removed for: NFLoadBalancer-PingTimer-localhost | [com.netflix.util.concurrent.ShutdownEnabledTimer:67]
2019-12-31 11:46:12.486| Thread-50 | INFO |  -  | Exception caught (might be ok if at shutdown) | [com.netflix.util.concurrent.ShutdownEnabledTimer:72]
java.lang.IllegalStateException: Shutdown in progress
	at java.lang.ApplicationShutdownHooks.remove(ApplicationShutdownHooks.java:82)
	at java.lang.Runtime.removeShutdownHook(Runtime.java:239)
	at com.netflix.util.concurrent.ShutdownEnabledTimer.cancel(ShutdownEnabledTimer.java:70)
	at com.netflix.loadbalancer.BaseLoadBalancer.cancelPingTask(BaseLoadBalancer.java:632)
	at com.netflix.loadbalancer.BaseLoadBalancer.shutdown(BaseLoadBalancer.java:883)
	at com.netflix.loadbalancer.DynamicServerListLoadBalancer.shutdown(DynamicServerListLoadBalancer.java:285)
	at sun.reflect.NativeMethodAccessorImpl.invoke0(Native Method)
	at sun.reflect.NativeMethodAccessorImpl.invoke(NativeMethodAccessorImpl.java:62)
	at sun.reflect.DelegatingMethodAccessorImpl.invoke(DelegatingMethodAccessorImpl.java:43)
	at java.lang.reflect.Method.invoke(Method.java:498)
	at org.springframework.beans.factory.support.DisposableBeanAdapter.invokeCustomDestroyMethod(DisposableBeanAdapter.java:339)
	at org.springframework.beans.factory.support.DisposableBeanAdapter.destroy(DisposableBeanAdapter.java:273)
	at org.springframework.beans.factory.support.DefaultSingletonBeanRegistry.destroyBean(DefaultSingletonBeanRegistry.java:571)
	at org.springframework.beans.factory.support.DefaultSingletonBeanRegistry.destroySingleton(DefaultSingletonBeanRegistry.java:543)
	at org.springframework.beans.factory.support.DefaultListableBeanFactory.destroySingleton(DefaultListableBeanFactory.java:1036)
	at org.springframework.beans.factory.support.DefaultSingletonBeanRegistry.destroySingletons(DefaultSingletonBeanRegistry.java:504)
	at org.springframework.beans.factory.support.DefaultListableBeanFactory.destroySingletons(DefaultListableBeanFactory.java:1029)
	at org.springframework.context.support.AbstractApplicationContext.destroyBeans(AbstractApplicationContext.java:1057)
	at org.springframework.context.support.AbstractApplicationContext.doClose(AbstractApplicationContext.java:1026)
	at org.springframework.context.support.AbstractApplicationContext.close(AbstractApplicationContext.java:975)
	at org.springframework.cloud.context.named.NamedContextFactory.destroy(NamedContextFactory.java:92)
	at org.springframework.beans.factory.support.DisposableBeanAdapter.destroy(DisposableBeanAdapter.java:258)
	at org.springframework.beans.factory.support.DefaultSingletonBeanRegistry.destroyBean(DefaultSingletonBeanRegistry.java:571)
	at org.springframework.beans.factory.support.DefaultSingletonBeanRegistry.destroySingleton(DefaultSingletonBeanRegistry.java:543)
	at org.springframework.beans.factory.support.DefaultListableBeanFactory.destroySingleton(DefaultListableBeanFactory.java:1036)
	at org.springframework.beans.factory.support.DefaultSingletonBeanRegistry.destroySingletons(DefaultSingletonBeanRegistry.java:504)
	at org.springframework.beans.factory.support.DefaultListableBeanFactory.destroySingletons(DefaultListableBeanFactory.java:1029)
	at org.springframework.context.support.AbstractApplicationContext.destroyBeans(AbstractApplicationContext.java:1057)
	at org.springframework.context.support.AbstractApplicationContext.doClose(AbstractApplicationContext.java:1026)
	at org.springframework.context.support.AbstractApplicationContext$1.run(AbstractApplicationContext.java:945)
2019-12-31 11:46:12.609| Thread-50 | INFO |  -  | Shutting down DiscoveryClient ... | [com.netflix.discovery.DiscoveryClient:906]
2019-12-31 11:46:15.615| Thread-50 | INFO |  -  | Unregistering ... | [com.netflix.discovery.DiscoveryClient:940]
2019-12-31 11:46:15.638| Thread-50 | ERROR |  -  | Request execution error. endpoint=DefaultEndpoint{ serviceUrl='http://root:root@eureka-host:1111/eureka/} | [com.netflix.discovery.shared.transport.decorator.RedirectingEurekaHttpClient:91]
com.sun.jersey.api.client.ClientHandlerException: java.net.ConnectException: Connection refused (Connection refused)
	at com.sun.jersey.client.apache4.ApacheHttpClient4Handler.handle(ApacheHttpClient4Handler.java:187)
	at com.sun.jersey.api.client.filter.GZIPContentEncodingFilter.handle(GZIPContentEncodingFilter.java:123)
	at com.netflix.discovery.EurekaIdentityHeaderFilter.handle(EurekaIdentityHeaderFilter.java:27)
	at com.sun.jersey.api.client.Client.handle(Client.java:652)
	at com.sun.jersey.api.client.WebResource.handle(WebResource.java:682)
	at com.sun.jersey.api.client.WebResource.access$200(WebResource.java:74)
	at com.sun.jersey.api.client.WebResource$Builder.delete(WebResource.java:591)
	at com.netflix.discovery.shared.transport.jersey.AbstractJerseyEurekaHttpClient.cancel(AbstractJerseyEurekaHttpClient.java:76)
	at com.netflix.discovery.shared.transport.decorator.EurekaHttpClientDecorator$2.execute(EurekaHttpClientDecorator.java:74)
	at com.netflix.discovery.shared.transport.decorator.MetricsCollectingEurekaHttpClient.execute(MetricsCollectingEurekaHttpClient.java:73)
	at com.netflix.discovery.shared.transport.decorator.EurekaHttpClientDecorator.cancel(EurekaHttpClientDecorator.java:71)
	at com.netflix.discovery.shared.transport.decorator.EurekaHttpClientDecorator$2.execute(EurekaHttpClientDecorator.java:74)
	at com.netflix.discovery.shared.transport.decorator.RedirectingEurekaHttpClient.execute(RedirectingEurekaHttpClient.java:89)
	at com.netflix.discovery.shared.transport.decorator.EurekaHttpClientDecorator.cancel(EurekaHttpClientDecorator.java:71)
	at com.netflix.discovery.shared.transport.decorator.EurekaHttpClientDecorator$2.execute(EurekaHttpClientDecorator.java:74)
	at com.netflix.discovery.shared.transport.decorator.RetryableEurekaHttpClient.execute(RetryableEurekaHttpClient.java:120)
	at com.netflix.discovery.shared.transport.decorator.EurekaHttpClientDecorator.cancel(EurekaHttpClientDecorator.java:71)
	at com.netflix.discovery.shared.transport.decorator.EurekaHttpClientDecorator$2.execute(EurekaHttpClientDecorator.java:74)
	at com.netflix.discovery.shared.transport.decorator.SessionedEurekaHttpClient.execute(SessionedEurekaHttpClient.java:77)
	at com.netflix.discovery.shared.transport.decorator.EurekaHttpClientDecorator.cancel(EurekaHttpClientDecorator.java:71)
	at com.netflix.discovery.DiscoveryClient.unregister(DiscoveryClient.java:941)
	at com.netflix.discovery.DiscoveryClient.shutdown(DiscoveryClient.java:919)
	at sun.reflect.NativeMethodAccessorImpl.invoke0(Native Method)
	at sun.reflect.NativeMethodAccessorImpl.invoke(NativeMethodAccessorImpl.java:62)
	at sun.reflect.DelegatingMethodAccessorImpl.invoke(DelegatingMethodAccessorImpl.java:43)
	at java.lang.reflect.Method.invoke(Method.java:498)
	at org.springframework.beans.factory.annotation.InitDestroyAnnotationBeanPostProcessor$LifecycleElement.invoke(InitDestroyAnnotationBeanPostProcessor.java:363)
	at org.springframework.beans.factory.annotation.InitDestroyAnnotationBeanPostProcessor$LifecycleMetadata.invokeDestroyMethods(InitDestroyAnnotationBeanPostProcessor.java:321)
	at org.springframework.beans.factory.annotation.InitDestroyAnnotationBeanPostProcessor.postProcessBeforeDestruction(InitDestroyAnnotationBeanPostProcessor.java:156)
	at org.springframework.beans.factory.support.DisposableBeanAdapter.destroy(DisposableBeanAdapter.java:242)
	at org.springframework.beans.factory.support.DisposableBeanAdapter.run(DisposableBeanAdapter.java:235)
	at org.springframework.cloud.context.scope.GenericScope$BeanLifecycleWrapper.destroy(GenericScope.java:403)
	at org.springframework.cloud.context.scope.GenericScope.destroy(GenericScope.java:142)
	at org.springframework.beans.factory.support.DisposableBeanAdapter.destroy(DisposableBeanAdapter.java:258)
	at org.springframework.beans.factory.support.DefaultSingletonBeanRegistry.destroyBean(DefaultSingletonBeanRegistry.java:571)
	at org.springframework.beans.factory.support.DefaultSingletonBeanRegistry.destroySingleton(DefaultSingletonBeanRegistry.java:543)
	at org.springframework.beans.factory.support.DefaultListableBeanFactory.destroySingleton(DefaultListableBeanFactory.java:1036)
	at org.springframework.beans.factory.support.DefaultSingletonBeanRegistry.destroySingletons(DefaultSingletonBeanRegistry.java:504)
	at org.springframework.beans.factory.support.DefaultListableBeanFactory.destroySingletons(DefaultListableBeanFactory.java:1029)
	at org.springframework.context.support.AbstractApplicationContext.destroyBeans(AbstractApplicationContext.java:1057)
	at org.springframework.context.support.AbstractApplicationContext.doClose(AbstractApplicationContext.java:1026)
	at org.springframework.context.support.AbstractApplicationContext$1.run(AbstractApplicationContext.java:945)
Caused by: java.net.ConnectException: Connection refused (Connection refused)
	at java.net.PlainSocketImpl.socketConnect(Native Method)
	at java.net.AbstractPlainSocketImpl.doConnect(AbstractPlainSocketImpl.java:350)
	at java.net.AbstractPlainSocketImpl.connectToAddress(AbstractPlainSocketImpl.java:206)
	at java.net.AbstractPlainSocketImpl.connect(AbstractPlainSocketImpl.java:188)
	at java.net.SocksSocketImpl.connect(SocksSocketImpl.java:392)
	at java.net.Socket.connect(Socket.java:589)
	at org.apache.http.conn.scheme.PlainSocketFactory.connectSocket(PlainSocketFactory.java:121)
	at org.apache.http.impl.conn.DefaultClientConnectionOperator.openConnection(DefaultClientConnectionOperator.java:180)
	at org.apache.http.impl.conn.AbstractPoolEntry.open(AbstractPoolEntry.java:144)
	at org.apache.http.impl.conn.AbstractPooledConnAdapter.open(AbstractPooledConnAdapter.java:134)
	at org.apache.http.impl.client.DefaultRequestDirector.tryConnect(DefaultRequestDirector.java:605)
	at org.apache.http.impl.client.DefaultRequestDirector.execute(DefaultRequestDirector.java:440)
	at org.apache.http.impl.client.AbstractHttpClient.doExecute(AbstractHttpClient.java:835)
	at org.apache.http.impl.client.CloseableHttpClient.execute(CloseableHttpClient.java:118)
	at org.apache.http.impl.client.CloseableHttpClient.execute(CloseableHttpClient.java:56)
	at com.sun.jersey.client.apache4.ApacheHttpClient4Handler.handle(ApacheHttpClient4Handler.java:173)
	... 41 common frames omitted
2019-12-31 11:46:15.642| Thread-50 | WARN |  -  | Request execution failed with message: java.net.ConnectException: Connection refused (Connection refused) | [com.netflix.discovery.shared.transport.decorator.RetryableEurekaHttpClient:130]
2019-12-31 11:46:15.644| Thread-50 | ERROR |  -  | Request execution error. endpoint=DefaultEndpoint{ serviceUrl='http://root:root@eureka-host:1111/eureka/} | [com.netflix.discovery.shared.transport.decorator.RedirectingEurekaHttpClient:83]
com.sun.jersey.api.client.ClientHandlerException: java.net.ConnectException: Connection refused (Connection refused)
	at com.sun.jersey.client.apache4.ApacheHttpClient4Handler.handle(ApacheHttpClient4Handler.java:187)
	at com.sun.jersey.api.client.filter.GZIPContentEncodingFilter.handle(GZIPContentEncodingFilter.java:123)
	at com.netflix.discovery.EurekaIdentityHeaderFilter.handle(EurekaIdentityHeaderFilter.java:27)
	at com.sun.jersey.api.client.Client.handle(Client.java:652)
	at com.sun.jersey.api.client.WebResource.handle(WebResource.java:682)
	at com.sun.jersey.api.client.WebResource.access$200(WebResource.java:74)
	at com.sun.jersey.api.client.WebResource$Builder.delete(WebResource.java:591)
	at com.netflix.discovery.shared.transport.jersey.AbstractJerseyEurekaHttpClient.cancel(AbstractJerseyEurekaHttpClient.java:76)
	at com.netflix.discovery.shared.transport.decorator.EurekaHttpClientDecorator$2.execute(EurekaHttpClientDecorator.java:74)
	at com.netflix.discovery.shared.transport.decorator.MetricsCollectingEurekaHttpClient.execute(MetricsCollectingEurekaHttpClient.java:73)
	at com.netflix.discovery.shared.transport.decorator.EurekaHttpClientDecorator.cancel(EurekaHttpClientDecorator.java:71)
	at com.netflix.discovery.shared.transport.decorator.EurekaHttpClientDecorator$2.execute(EurekaHttpClientDecorator.java:74)
	at com.netflix.discovery.shared.transport.decorator.RedirectingEurekaHttpClient.executeOnNewServer(RedirectingEurekaHttpClient.java:118)
	at com.netflix.discovery.shared.transport.decorator.RedirectingEurekaHttpClient.execute(RedirectingEurekaHttpClient.java:79)
	at com.netflix.discovery.shared.transport.decorator.EurekaHttpClientDecorator.cancel(EurekaHttpClientDecorator.java:71)
	at com.netflix.discovery.shared.transport.decorator.EurekaHttpClientDecorator$2.execute(EurekaHttpClientDecorator.java:74)
	at com.netflix.discovery.shared.transport.decorator.RetryableEurekaHttpClient.execute(RetryableEurekaHttpClient.java:120)
	at com.netflix.discovery.shared.transport.decorator.EurekaHttpClientDecorator.cancel(EurekaHttpClientDecorator.java:71)
	at com.netflix.discovery.shared.transport.decorator.EurekaHttpClientDecorator$2.execute(EurekaHttpClientDecorator.java:74)
	at com.netflix.discovery.shared.transport.decorator.SessionedEurekaHttpClient.execute(SessionedEurekaHttpClient.java:77)
	at com.netflix.discovery.shared.transport.decorator.EurekaHttpClientDecorator.cancel(EurekaHttpClientDecorator.java:71)
	at com.netflix.discovery.DiscoveryClient.unregister(DiscoveryClient.java:941)
	at com.netflix.discovery.DiscoveryClient.shutdown(DiscoveryClient.java:919)
	at sun.reflect.NativeMethodAccessorImpl.invoke0(Native Method)
	at sun.reflect.NativeMethodAccessorImpl.invoke(NativeMethodAccessorImpl.java:62)
	at sun.reflect.DelegatingMethodAccessorImpl.invoke(DelegatingMethodAccessorImpl.java:43)
	at java.lang.reflect.Method.invoke(Method.java:498)
	at org.springframework.beans.factory.annotation.InitDestroyAnnotationBeanPostProcessor$LifecycleElement.invoke(InitDestroyAnnotationBeanPostProcessor.java:363)
	at org.springframework.beans.factory.annotation.InitDestroyAnnotationBeanPostProcessor$LifecycleMetadata.invokeDestroyMethods(InitDestroyAnnotationBeanPostProcessor.java:321)
	at org.springframework.beans.factory.annotation.InitDestroyAnnotationBeanPostProcessor.postProcessBeforeDestruction(InitDestroyAnnotationBeanPostProcessor.java:156)
	at org.springframework.beans.factory.support.DisposableBeanAdapter.destroy(DisposableBeanAdapter.java:242)
	at org.springframework.beans.factory.support.DisposableBeanAdapter.run(DisposableBeanAdapter.java:235)
	at org.springframework.cloud.context.scope.GenericScope$BeanLifecycleWrapper.destroy(GenericScope.java:403)
	at org.springframework.cloud.context.scope.GenericScope.destroy(GenericScope.java:142)
	at org.springframework.beans.factory.support.DisposableBeanAdapter.destroy(DisposableBeanAdapter.java:258)
	at org.springframework.beans.factory.support.DefaultSingletonBeanRegistry.destroyBean(DefaultSingletonBeanRegistry.java:571)
	at org.springframework.beans.factory.support.DefaultSingletonBeanRegistry.destroySingleton(DefaultSingletonBeanRegistry.java:543)
	at org.springframework.beans.factory.support.DefaultListableBeanFactory.destroySingleton(DefaultListableBeanFactory.java:1036)
	at org.springframework.beans.factory.support.DefaultSingletonBeanRegistry.destroySingletons(DefaultSingletonBeanRegistry.java:504)
	at org.springframework.beans.factory.support.DefaultListableBeanFactory.destroySingletons(DefaultListableBeanFactory.java:1029)
	at org.springframework.context.support.AbstractApplicationContext.destroyBeans(AbstractApplicationContext.java:1057)
	at org.springframework.context.support.AbstractApplicationContext.doClose(AbstractApplicationContext.java:1026)
	at org.springframework.context.support.AbstractApplicationContext$1.run(AbstractApplicationContext.java:945)
Caused by: java.net.ConnectException: Connection refused (Connection refused)
	at java.net.PlainSocketImpl.socketConnect(Native Method)
	at java.net.AbstractPlainSocketImpl.doConnect(AbstractPlainSocketImpl.java:350)
	at java.net.AbstractPlainSocketImpl.connectToAddress(AbstractPlainSocketImpl.java:206)
	at java.net.AbstractPlainSocketImpl.connect(AbstractPlainSocketImpl.java:188)
	at java.net.SocksSocketImpl.connect(SocksSocketImpl.java:392)
	at java.net.Socket.connect(Socket.java:589)
	at org.apache.http.conn.scheme.PlainSocketFactory.connectSocket(PlainSocketFactory.java:121)
	at org.apache.http.impl.conn.DefaultClientConnectionOperator.openConnection(DefaultClientConnectionOperator.java:180)
	at org.apache.http.impl.conn.AbstractPoolEntry.open(AbstractPoolEntry.java:144)
	at org.apache.http.impl.conn.AbstractPooledConnAdapter.open(AbstractPooledConnAdapter.java:134)
	at org.apache.http.impl.client.DefaultRequestDirector.tryConnect(DefaultRequestDirector.java:605)
	at org.apache.http.impl.client.DefaultRequestDirector.execute(DefaultRequestDirector.java:440)
	at org.apache.http.impl.client.AbstractHttpClient.doExecute(AbstractHttpClient.java:835)
	at org.apache.http.impl.client.CloseableHttpClient.execute(CloseableHttpClient.java:118)
	at org.apache.http.impl.client.CloseableHttpClient.execute(CloseableHttpClient.java:56)
	at com.sun.jersey.client.apache4.ApacheHttpClient4Handler.handle(ApacheHttpClient4Handler.java:173)
	... 42 common frames omitted
2019-12-31 11:46:15.645| Thread-50 | WARN |  -  | Request execution failed with message: java.net.ConnectException: Connection refused (Connection refused) | [com.netflix.discovery.shared.transport.decorator.RetryableEurekaHttpClient:130]
2019-12-31 11:46:15.650| Thread-50 | ERROR |  -  | DiscoveryClient_CLOUD-ZUUL/192.168.10.93:cloud-zuul:2111 - de-registration failedCannot execute request on any known server | [com.netflix.discovery.DiscoveryClient:944]
com.netflix.discovery.shared.transport.TransportException: Cannot execute request on any known server
	at com.netflix.discovery.shared.transport.decorator.RetryableEurekaHttpClient.execute(RetryableEurekaHttpClient.java:112)
	at com.netflix.discovery.shared.transport.decorator.EurekaHttpClientDecorator.cancel(EurekaHttpClientDecorator.java:71)
	at com.netflix.discovery.shared.transport.decorator.EurekaHttpClientDecorator$2.execute(EurekaHttpClientDecorator.java:74)
	at com.netflix.discovery.shared.transport.decorator.SessionedEurekaHttpClient.execute(SessionedEurekaHttpClient.java:77)
	at com.netflix.discovery.shared.transport.decorator.EurekaHttpClientDecorator.cancel(EurekaHttpClientDecorator.java:71)
	at com.netflix.discovery.DiscoveryClient.unregister(DiscoveryClient.java:941)
	at com.netflix.discovery.DiscoveryClient.shutdown(DiscoveryClient.java:919)
	at sun.reflect.NativeMethodAccessorImpl.invoke0(Native Method)
	at sun.reflect.NativeMethodAccessorImpl.invoke(NativeMethodAccessorImpl.java:62)
	at sun.reflect.DelegatingMethodAccessorImpl.invoke(DelegatingMethodAccessorImpl.java:43)
	at java.lang.reflect.Method.invoke(Method.java:498)
	at org.springframework.beans.factory.annotation.InitDestroyAnnotationBeanPostProcessor$LifecycleElement.invoke(InitDestroyAnnotationBeanPostProcessor.java:363)
	at org.springframework.beans.factory.annotation.InitDestroyAnnotationBeanPostProcessor$LifecycleMetadata.invokeDestroyMethods(InitDestroyAnnotationBeanPostProcessor.java:321)
	at org.springframework.beans.factory.annotation.InitDestroyAnnotationBeanPostProcessor.postProcessBeforeDestruction(InitDestroyAnnotationBeanPostProcessor.java:156)
	at org.springframework.beans.factory.support.DisposableBeanAdapter.destroy(DisposableBeanAdapter.java:242)
	at org.springframework.beans.factory.support.DisposableBeanAdapter.run(DisposableBeanAdapter.java:235)
	at org.springframework.cloud.context.scope.GenericScope$BeanLifecycleWrapper.destroy(GenericScope.java:403)
	at org.springframework.cloud.context.scope.GenericScope.destroy(GenericScope.java:142)
	at org.springframework.beans.factory.support.DisposableBeanAdapter.destroy(DisposableBeanAdapter.java:258)
	at org.springframework.beans.factory.support.DefaultSingletonBeanRegistry.destroyBean(DefaultSingletonBeanRegistry.java:571)
	at org.springframework.beans.factory.support.DefaultSingletonBeanRegistry.destroySingleton(DefaultSingletonBeanRegistry.java:543)
	at org.springframework.beans.factory.support.DefaultListableBeanFactory.destroySingleton(DefaultListableBeanFactory.java:1036)
	at org.springframework.beans.factory.support.DefaultSingletonBeanRegistry.destroySingletons(DefaultSingletonBeanRegistry.java:504)
	at org.springframework.beans.factory.support.DefaultListableBeanFactory.destroySingletons(DefaultListableBeanFactory.java:1029)
	at org.springframework.context.support.AbstractApplicationContext.destroyBeans(AbstractApplicationContext.java:1057)
	at org.springframework.context.support.AbstractApplicationContext.doClose(AbstractApplicationContext.java:1026)
	at org.springframework.context.support.AbstractApplicationContext$1.run(AbstractApplicationContext.java:945)
2019-12-31 11:46:15.678| Thread-50 | INFO |  -  | Completed shut down of DiscoveryClient | [com.netflix.discovery.DiscoveryClient:929]
